<?xml version="1.0" encoding="utf-8" ?>
<!-- DO NOT EDIT THIS FILE -->

<log version='2.0' source='tcet'>
	<!-- Opened annotation file C:\Program Files (x86)\Intel\oneAPI\advisor\2022.0.0\bin64\..\config\tc\map.ant -->
	<!-- Opened annotation file C:\Program Files (x86)\Intel\oneAPI\advisor\2022.0.0\bin64\..\config\tc\allocators.ant -->
	<msg id='1' display='false' source='map'>
		<type>START</type>
		<severity>INFO</severity>
		<timestamp>Sun Jan 16 19:45:19 2022</timestamp>
	</msg>
	<!-- Successfully loaded CCRT 13.11.4 at address 0x50220000 - 0x50250000 -->
	<!-- Successfully loaded the TC Analysis Core 8.19.6 at address 0x7ffc661f0000 - 0x7ffc66213000 -->
	<!-- Successfully loaded the TC Instrumentation Engine 8.19.6 at address 0x76ce0000 - 0x76f4c000 -->
	<!-- Environment: INTEL_LIBITTNOTIFY32=C:\Program Files (x86)\Intel\oneAPI\advisor\2022.0.0\bin32\runtime\libittnotify.dll -->
	<!-- Environment: INTEL_LIBITTNOTIFY64=C:\Program Files (x86)\Intel\oneAPI\advisor\2022.0.0\bin64\runtime\libittnotify.dll -->
	<!-- Environment: INTEL_JIT_PROFILER32=C:\Program Files (x86)\Intel\oneAPI\advisor\2022.0.0\bin32\pinjitprofiling.dll -->
	<!-- Environment: INTEL_JIT_PROFILER64=C:\Program Files (x86)\Intel\oneAPI\advisor\2022.0.0\bin64\pinjitprofiling.dll -->
	<!-- This is the instance of interest -->
	<msg id='2' source='tcet'>
		<type>EXEC_OF_INTEREST</type>
		<severity>INFO</severity>
		<timestamp>Sun Jan 16 19:45:19 2022</timestamp>
		<arg name='process'>d:\ue4sourcecode\softrasterizer\x64\release\softrasterizer.exe</arg>
		<arg name='pid'>3268</arg>
	</msg>
	<msg id='3' source='tcet'>
		<type>LOAD_MODULE</type>
		<severity>INFO</severity>
		<timestamp>Sun Jan 16 19:45:19 2022</timestamp>
		<arg name='module'>d:\ue4sourcecode\softrasterizer\x64\release\softrasterizer.exe</arg>
		<arg name='basement'>0x7ff60da60000</arg>
		<arg name='ceiling'>0x7ff60da87fff</arg>
		<arg name='id'>1</arg>
	</msg>
	<msg id='4' source='tcet'>
		<type>LOAD_MODULE</type>
		<severity>INFO</severity>
		<timestamp>Sun Jan 16 19:45:19 2022</timestamp>
		<arg name='module'>c:\windows\system32\kernelbase.dll</arg>
		<arg name='basement'>0x7ffc9bb60000</arg>
		<arg name='ceiling'>0x7ffc9be27fff</arg>
		<arg name='id'>2</arg>
	</msg>
	<msg id='5' source='tcet'>
		<type>LOAD_MODULE</type>
		<severity>INFO</severity>
		<timestamp>Sun Jan 16 19:45:19 2022</timestamp>
		<arg name='module'>c:\windows\system32\kernel32.dll</arg>
		<arg name='basement'>0x7ffc9d660000</arg>
		<arg name='ceiling'>0x7ffc9d71dfff</arg>
		<arg name='id'>3</arg>
	</msg>
	<msg id='6' source='tcet'>
		<type>LOAD_MODULE</type>
		<severity>INFO</severity>
		<timestamp>Sun Jan 16 19:45:19 2022</timestamp>
		<arg name='module'>c:\windows\system32\ntdll.dll</arg>
		<arg name='basement'>0x7ffc9df90000</arg>
		<arg name='ceiling'>0x7ffc9e184fff</arg>
		<arg name='id'>4</arg>
	</msg>
	<msg id='7' source='tcet'>
		<type>LOAD_MODULE</type>
		<severity>INFO</severity>
		<timestamp>Sun Jan 16 19:45:20 2022</timestamp>
		<arg name='module'>c:\windows\system32\ucrtbase.dll</arg>
		<arg name='basement'>0x7ffc9b6a0000</arg>
		<arg name='ceiling'>0x7ffc9b79ffff</arg>
		<arg name='id'>5</arg>
	</msg>
	<msg id='8' source='tcet'>
		<type>LOAD_MODULE</type>
		<severity>INFO</severity>
		<timestamp>Sun Jan 16 19:45:21 2022</timestamp>
		<arg name='module'>c:\windows\system32\shell32.dll</arg>
		<arg name='basement'>0x7ffc9ce30000</arg>
		<arg name='ceiling'>0x7ffc9d573fff</arg>
		<arg name='id'>6</arg>
	</msg>
	<msg id='9' source='tcet'>
		<type>LOAD_MODULE</type>
		<severity>INFO</severity>
		<timestamp>Sun Jan 16 19:45:22 2022</timestamp>
		<arg name='module'>d:\ue4sourcecode\softrasterizer\x64\release\assimp-vc142-mtd.dll</arg>
		<arg name='basement'>0x7ffc0ba00000</arg>
		<arg name='ceiling'>0x7ffc0c7c6fff</arg>
		<arg name='id'>7</arg>
	</msg>
	<msg id='10' source='tcet'>
		<type>LOAD_MODULE</type>
		<severity>INFO</severity>
		<timestamp>Sun Jan 16 19:45:26 2022</timestamp>
		<arg name='module'>c:\windows\system32\msvcp140.dll</arg>
		<arg name='basement'>0x7ffc8f9c0000</arg>
		<arg name='ceiling'>0x7ffc8fa4cfff</arg>
		<arg name='id'>8</arg>
	</msg>
	<msg id='11' source='tcet'>
		<type>LOAD_MODULE</type>
		<severity>INFO</severity>
		<timestamp>Sun Jan 16 19:45:26 2022</timestamp>
		<arg name='module'>d:\ue4sourcecode\softrasterizer\x64\release\sdl2.dll</arg>
		<arg name='basement'>0x7ffc0c7d0000</arg>
		<arg name='ceiling'>0x7ffc0c9f8fff</arg>
		<arg name='id'>9</arg>
	</msg>
	<msg id='12' source='tcet'>
		<type>LOAD_MODULE</type>
		<severity>INFO</severity>
		<timestamp>Sun Jan 16 19:45:27 2022</timestamp>
		<arg name='module'>c:\windows\system32\msvcp_win.dll</arg>
		<arg name='basement'>0x7ffc9bac0000</arg>
		<arg name='ceiling'>0x7ffc9bb5cfff</arg>
		<arg name='id'>10</arg>
	</msg>
	<msg id='13' source='tcet'>
		<type>LOAD_MODULE</type>
		<severity>INFO</severity>
		<timestamp>Sun Jan 16 19:45:27 2022</timestamp>
		<arg name='module'>c:\windows\system32\user32.dll</arg>
		<arg name='basement'>0x7ffc9c850000</arg>
		<arg name='ceiling'>0x7ffc9c9f0fff</arg>
		<arg name='id'>11</arg>
	</msg>
	<msg id='14' source='tcet'>
		<type>LOAD_MODULE</type>
		<severity>INFO</severity>
		<timestamp>Sun Jan 16 19:45:27 2022</timestamp>
		<arg name='module'>c:\windows\system32\advapi32.dll</arg>
		<arg name='basement'>0x7ffc9c6e0000</arg>
		<arg name='ceiling'>0x7ffc9c78dfff</arg>
		<arg name='id'>12</arg>
	</msg>
	<msg id='15' source='tcet'>
		<type>LOAD_MODULE</type>
		<severity>INFO</severity>
		<timestamp>Sun Jan 16 19:45:27 2022</timestamp>
		<arg name='module'>c:\windows\system32\win32u.dll</arg>
		<arg name='basement'>0x7ffc9ba90000</arg>
		<arg name='ceiling'>0x7ffc9bab1fff</arg>
		<arg name='id'>13</arg>
	</msg>
	<msg id='16' source='tcet'>
		<type>LOAD_MODULE</type>
		<severity>INFO</severity>
		<timestamp>Sun Jan 16 19:45:27 2022</timestamp>
		<arg name='module'>c:\windows\system32\msvcrt.dll</arg>
		<arg name='basement'>0x7ffc9c030000</arg>
		<arg name='ceiling'>0x7ffc9c0cdfff</arg>
		<arg name='id'>14</arg>
	</msg>
	<msg id='17' source='tcet'>
		<type>LOAD_MODULE</type>
		<severity>INFO</severity>
		<timestamp>Sun Jan 16 19:45:27 2022</timestamp>
		<arg name='module'>c:\windows\system32\vcruntime140.dll</arg>
		<arg name='basement'>0x7ffc8fa50000</arg>
		<arg name='ceiling'>0x7ffc8fa6afff</arg>
		<arg name='id'>15</arg>
	</msg>
	<msg id='18' source='tcet'>
		<type>LOAD_MODULE</type>
		<severity>INFO</severity>
		<timestamp>Sun Jan 16 19:45:27 2022</timestamp>
		<arg name='module'>c:\windows\system32\gdi32.dll</arg>
		<arg name='basement'>0x7ffc9c100000</arg>
		<arg name='ceiling'>0x7ffc9c12afff</arg>
		<arg name='id'>16</arg>
	</msg>
	<msg id='19' source='tcet'>
		<type>LOAD_MODULE</type>
		<severity>INFO</severity>
		<timestamp>Sun Jan 16 19:45:27 2022</timestamp>
		<arg name='module'>c:\windows\system32\sechost.dll</arg>
		<arg name='basement'>0x7ffc9d810000</arg>
		<arg name='ceiling'>0x7ffc9d8abfff</arg>
		<arg name='id'>17</arg>
	</msg>
	<msg id='20' source='tcet'>
		<type>LOAD_MODULE</type>
		<severity>INFO</severity>
		<timestamp>Sun Jan 16 19:45:27 2022</timestamp>
		<arg name='module'>c:\windows\system32\gdi32full.dll</arg>
		<arg name='basement'>0x7ffc9be30000</arg>
		<arg name='ceiling'>0x7ffc9bf3cfff</arg>
		<arg name='id'>18</arg>
	</msg>
	<msg id='21' source='tcet'>
		<type>LOAD_MODULE</type>
		<severity>INFO</severity>
		<timestamp>Sun Jan 16 19:45:27 2022</timestamp>
		<arg name='module'>c:\windows\system32\rpcrt4.dll</arg>
		<arg name='basement'>0x7ffc9de20000</arg>
		<arg name='ceiling'>0x7ffc9df44fff</arg>
		<arg name='id'>19</arg>
	</msg>
	<msg id='22' source='tcet'>
		<type>LOAD_MODULE</type>
		<severity>INFO</severity>
		<timestamp>Sun Jan 16 19:45:28 2022</timestamp>
		<arg name='module'>c:\windows\system32\imm32.dll</arg>
		<arg name='basement'>0x7ffc9c0d0000</arg>
		<arg name='ceiling'>0x7ffc9c0fffff</arg>
		<arg name='id'>20</arg>
	</msg>
	<msg id='23' source='tcet'>
		<type>LOAD_MODULE</type>
		<severity>INFO</severity>
		<timestamp>Sun Jan 16 19:45:28 2022</timestamp>
		<arg name='module'>c:\windows\system32\ole32.dll</arg>
		<arg name='basement'>0x7ffc9c5b0000</arg>
		<arg name='ceiling'>0x7ffc9c6d9fff</arg>
		<arg name='id'>21</arg>
	</msg>
	<msg id='24' source='tcet'>
		<type>LOAD_MODULE</type>
		<severity>INFO</severity>
		<timestamp>Sun Jan 16 19:45:28 2022</timestamp>
		<arg name='module'>c:\windows\system32\vcruntime140_1.dll</arg>
		<arg name='basement'>0x7ffc8f9b0000</arg>
		<arg name='ceiling'>0x7ffc8f9bbfff</arg>
		<arg name='id'>22</arg>
	</msg>
	<msg id='25' source='tcet'>
		<type>LOAD_MODULE</type>
		<severity>INFO</severity>
		<timestamp>Sun Jan 16 19:45:28 2022</timestamp>
		<arg name='module'>c:\windows\system32\combase.dll</arg>
		<arg name='basement'>0x7ffc9ca00000</arg>
		<arg name='ceiling'>0x7ffc9cd54fff</arg>
		<arg name='id'>23</arg>
	</msg>
	<msg id='26' source='tcet'>
		<type>LOAD_MODULE</type>
		<severity>INFO</severity>
		<timestamp>Sun Jan 16 19:45:28 2022</timestamp>
		<arg name='module'>c:\windows\system32\oleaut32.dll</arg>
		<arg name='basement'>0x7ffc9dba0000</arg>
		<arg name='ceiling'>0x7ffc9dc6cfff</arg>
		<arg name='id'>24</arg>
	</msg>
	<msg id='27' source='tcet'>
		<type>LOAD_MODULE</type>
		<severity>INFO</severity>
		<timestamp>Sun Jan 16 19:45:28 2022</timestamp>
		<arg name='module'>c:\windows\system32\setupapi.dll</arg>
		<arg name='basement'>0x7ffc9c130000</arg>
		<arg name='ceiling'>0x7ffc9c5a1fff</arg>
		<arg name='id'>25</arg>
	</msg>
	<msg id='28' source='tcet'>
		<type>LOAD_MODULE</type>
		<severity>INFO</severity>
		<timestamp>Sun Jan 16 19:45:28 2022</timestamp>
		<arg name='module'>c:\windows\system32\vcomp140.dll</arg>
		<arg name='basement'>0x7ffc65e90000</arg>
		<arg name='ceiling'>0x7ffc65ebdfff</arg>
		<arg name='id'>26</arg>
	</msg>
	<msg id='29' source='tcet'>
		<type>UNSUPPORTED_MODULE</type>
		<severity>WARNING</severity>
		<timestamp>Sun Jan 16 19:45:28 2022</timestamp>
		<arg name='desc'>Microsoft OpenMP Runtime module</arg>
	</msg>
	<msg id='30' source='tcet'>
		<type>LOAD_MODULE</type>
		<severity>INFO</severity>
		<timestamp>Sun Jan 16 19:45:28 2022</timestamp>
		<arg name='module'>c:\windows\system32\cfgmgr32.dll</arg>
		<arg name='basement'>0x7ffc9b7a0000</arg>
		<arg name='ceiling'>0x7ffc9b7edfff</arg>
		<arg name='id'>27</arg>
	</msg>
	<msg id='31' source='tcet'>
		<type>LOAD_MODULE</type>
		<severity>INFO</severity>
		<timestamp>Sun Jan 16 19:45:28 2022</timestamp>
		<arg name='module'>c:\windows\system32\bcrypt.dll</arg>
		<arg name='basement'>0x7ffc9bfa0000</arg>
		<arg name='ceiling'>0x7ffc9bfc6fff</arg>
		<arg name='id'>28</arg>
	</msg>
	<msg id='32' source='tcet'>
		<type>LOAD_MODULE</type>
		<severity>INFO</severity>
		<timestamp>Sun Jan 16 19:45:28 2022</timestamp>
		<arg name='module'>c:\windows\system32\version.dll</arg>
		<arg name='basement'>0x7ffc96780000</arg>
		<arg name='ceiling'>0x7ffc96789fff</arg>
		<arg name='id'>29</arg>
	</msg>
	<msg id='33' source='tcet'>
		<type>LOAD_MODULE</type>
		<severity>INFO</severity>
		<timestamp>Sun Jan 16 19:45:28 2022</timestamp>
		<arg name='module'>c:\windows\system32\winmm.dll</arg>
		<arg name='basement'>0x7ffc8d700000</arg>
		<arg name='ceiling'>0x7ffc8d726fff</arg>
		<arg name='id'>30</arg>
	</msg>
	<msg id='34' source='tcet'>
		<type>LOAD_MODULE</type>
		<severity>INFO</severity>
		<timestamp>Sun Jan 16 19:45:28 2022</timestamp>
		<arg name='module'>c:\windows\system32\vcruntime140d.dll</arg>
		<arg name='basement'>0x7ffc65d50000</arg>
		<arg name='ceiling'>0x7ffc65d73fff</arg>
		<arg name='id'>31</arg>
	</msg>
	<msg id='35' source='tcet'>
		<type>LOAD_MODULE</type>
		<severity>INFO</severity>
		<timestamp>Sun Jan 16 19:45:28 2022</timestamp>
		<arg name='module'>c:\windows\system32\msvcp140d.dll</arg>
		<arg name='basement'>0x7ffc20ad0000</arg>
		<arg name='ceiling'>0x7ffc20bc5fff</arg>
		<arg name='id'>32</arg>
	</msg>
	<msg id='36' source='tcet'>
		<type>LOAD_MODULE</type>
		<severity>INFO</severity>
		<timestamp>Sun Jan 16 19:45:29 2022</timestamp>
		<arg name='module'>c:\windows\system32\ucrtbased.dll</arg>
		<arg name='basement'>0x7ffc0b830000</arg>
		<arg name='ceiling'>0x7ffc0b9f2fff</arg>
		<arg name='id'>33</arg>
	</msg>
	<msg id='37' source='tcet'>
		<type>LOAD_MODULE</type>
		<severity>INFO</severity>
		<timestamp>Sun Jan 16 19:45:35 2022</timestamp>
		<arg name='module'>c:\windows\system32\shcore.dll</arg>
		<arg name='basement'>0x7ffc9c790000</arg>
		<arg name='ceiling'>0x7ffc9c83cfff</arg>
		<arg name='id'>34</arg>
	</msg>
	<msg id='38' source='tcet'>
		<type>LOAD_MODULE</type>
		<severity>INFO</severity>
		<timestamp>Sun Jan 16 19:45:35 2022</timestamp>
		<arg name='module'>c:\windows\system32\uxtheme.dll</arg>
		<arg name='basement'>0x7ffc990b0000</arg>
		<arg name='ceiling'>0x7ffc9914dfff</arg>
		<arg name='id'>35</arg>
	</msg>
	<msg id='39' source='tcet'>
		<type>LOAD_MODULE</type>
		<severity>INFO</severity>
		<timestamp>Sun Jan 16 19:45:36 2022</timestamp>
		<arg name='module'>c:\windows\system32\mscms.dll</arg>
		<arg name='basement'>0x7ffc81dd0000</arg>
		<arg name='ceiling'>0x7ffc81e7dfff</arg>
		<arg name='id'>36</arg>
	</msg>
	<msg id='40' source='tcet'>
		<type>LOAD_MODULE</type>
		<severity>INFO</severity>
		<timestamp>Sun Jan 16 19:45:36 2022</timestamp>
		<arg name='module'>c:\windows\system32\userenv.dll</arg>
		<arg name='basement'>0x7ffc9b5a0000</arg>
		<arg name='ceiling'>0x7ffc9b5cdfff</arg>
		<arg name='id'>37</arg>
	</msg>
	<msg id='41' source='tcet'>
		<type>LOAD_MODULE</type>
		<severity>INFO</severity>
		<timestamp>Sun Jan 16 19:45:36 2022</timestamp>
		<arg name='module'>c:\windows\system32\coloradapterclient.dll</arg>
		<arg name='basement'>0x7ffc81db0000</arg>
		<arg name='ceiling'>0x7ffc81dc0fff</arg>
		<arg name='id'>38</arg>
	</msg>
	<msg id='42' source='tcet'>
		<type>LOAD_MODULE</type>
		<severity>INFO</severity>
		<timestamp>Sun Jan 16 19:45:36 2022</timestamp>
		<arg name='module'>c:\windows\system32\icm32.dll</arg>
		<arg name='basement'>0x7ffc64b80000</arg>
		<arg name='ceiling'>0x7ffc64bc2fff</arg>
		<arg name='id'>39</arg>
	</msg>
	<msg id='43' source='tcet'>
		<type>LOAD_MODULE</type>
		<severity>INFO</severity>
		<timestamp>Sun Jan 16 19:45:37 2022</timestamp>
		<arg name='module'>c:\windows\system32\msctf.dll</arg>
		<arg name='basement'>0x7ffc9d9a0000</arg>
		<arg name='ceiling'>0x7ffc9dab4fff</arg>
		<arg name='id'>40</arg>
	</msg>
	<msg id='44' source='tcet'>
		<type>LOAD_MODULE</type>
		<severity>INFO</severity>
		<timestamp>Sun Jan 16 19:45:39 2022</timestamp>
		<arg name='module'>c:\windows\system32\kernel.appcore.dll</arg>
		<arg name='basement'>0x7ffc995b0000</arg>
		<arg name='ceiling'>0x7ffc995c1fff</arg>
		<arg name='id'>41</arg>
	</msg>
	<msg id='45' source='tcet'>
		<type>LOAD_MODULE</type>
		<severity>INFO</severity>
		<timestamp>Sun Jan 16 19:45:39 2022</timestamp>
		<arg name='module'>c:\windows\system32\bcryptprimitives.dll</arg>
		<arg name='basement'>0x7ffc9b7f0000</arg>
		<arg name='ceiling'>0x7ffc9b871fff</arg>
		<arg name='id'>42</arg>
	</msg>
	<msg id='46' source='tcet'>
		<type>LOAD_MODULE</type>
		<severity>INFO</severity>
		<timestamp>Sun Jan 16 19:45:39 2022</timestamp>
		<arg name='module'>c:\windows\system32\clbcatq.dll</arg>
		<arg name='basement'>0x7ffc9cd60000</arg>
		<arg name='ceiling'>0x7ffc9ce08fff</arg>
		<arg name='id'>43</arg>
	</msg>
	<msg id='47' source='tcet'>
		<type>LOAD_MODULE</type>
		<severity>INFO</severity>
		<timestamp>Sun Jan 16 19:45:42 2022</timestamp>
		<arg name='module'>c:\windows\system32\textinputframework.dll</arg>
		<arg name='basement'>0x7ffc92ec0000</arg>
		<arg name='ceiling'>0x7ffc92fb8fff</arg>
		<arg name='id'>44</arg>
	</msg>
	<msg id='48' source='tcet'>
		<type>LOAD_MODULE</type>
		<severity>INFO</severity>
		<timestamp>Sun Jan 16 19:45:42 2022</timestamp>
		<arg name='module'>c:\windows\system32\coreuicomponents.dll</arg>
		<arg name='basement'>0x7ffc98950000</arg>
		<arg name='ceiling'>0x7ffc98cadfff</arg>
		<arg name='id'>45</arg>
	</msg>
	<msg id='49' source='tcet'>
		<type>LOAD_MODULE</type>
		<severity>INFO</severity>
		<timestamp>Sun Jan 16 19:45:42 2022</timestamp>
		<arg name='module'>c:\windows\system32\coremessaging.dll</arg>
		<arg name='basement'>0x7ffc98cb0000</arg>
		<arg name='ceiling'>0x7ffc98da1fff</arg>
		<arg name='id'>46</arg>
	</msg>
	<msg id='50' source='tcet'>
		<type>LOAD_MODULE</type>
		<severity>INFO</severity>
		<timestamp>Sun Jan 16 19:45:42 2022</timestamp>
		<arg name='module'>c:\windows\system32\ws2_32.dll</arg>
		<arg name='basement'>0x7ffc9d930000</arg>
		<arg name='ceiling'>0x7ffc9d99afff</arg>
		<arg name='id'>47</arg>
	</msg>
	<msg id='51' source='tcet'>
		<type>LOAD_MODULE</type>
		<severity>INFO</severity>
		<timestamp>Sun Jan 16 19:45:42 2022</timestamp>
		<arg name='module'>c:\windows\system32\ntmarta.dll</arg>
		<arg name='basement'>0x7ffc9a390000</arg>
		<arg name='ceiling'>0x7ffc9a3c2fff</arg>
		<arg name='id'>48</arg>
	</msg>
	<msg id='52' source='tcet'>
		<type>LOAD_MODULE</type>
		<severity>INFO</severity>
		<timestamp>Sun Jan 16 19:45:42 2022</timestamp>
		<arg name='module'>c:\windows\system32\wintypes.dll</arg>
		<arg name='basement'>0x7ffc98160000</arg>
		<arg name='ceiling'>0x7ffc982b3fff</arg>
		<arg name='id'>49</arg>
	</msg>