c:\users\admin\documents\softrasterizer\x64\release\vc142.pdb
c:\users\admin\documents\softrasterizer\x64\release\vertexdata.obj
c:\users\admin\documents\softrasterizer\x64\release\vector4.obj
c:\users\admin\documents\softrasterizer\x64\release\vector3.obj
c:\users\admin\documents\softrasterizer\x64\release\vector2i.obj
c:\users\admin\documents\softrasterizer\x64\release\vector2.obj
c:\users\admin\documents\softrasterizer\x64\release\texture.obj
c:\users\admin\documents\softrasterizer\x64\release\renderwindow.obj
c:\users\admin\documents\softrasterizer\x64\release\stb.obj
c:\users\admin\documents\softrasterizer\x64\release\shaderpipeline.obj
c:\users\admin\documents\softrasterizer\x64\release\renderer.obj
c:\users\admin\documents\softrasterizer\x64\release\model.obj
c:\users\admin\documents\softrasterizer\x64\release\mesh.obj
c:\users\admin\documents\softrasterizer\x64\release\matrix4.obj
c:\users\admin\documents\softrasterizer\x64\release\matrix3.obj
c:\users\admin\documents\softrasterizer\x64\release\main.obj
c:\users\admin\documents\softrasterizer\x64\release\lightingshaderpipline.obj
c:\users\admin\documents\softrasterizer\x64\release\framebuffer.obj
c:\users\admin\documents\softrasterizer\x64\release\directionallight.obj
c:\users\admin\documents\softrasterizer\x64\release\defaultshaderpipline.obj
c:\users\admin\documents\softrasterizer\x64\release\camera.obj
c:\users\admin\documents\softrasterizer\x64\release\softrasterizer.exe
c:\users\admin\documents\softrasterizer\x64\release\softrasterizer.pdb
d:\ue4sourcecode\softrasterizer\x64\release\softrasterizer.ipdb
d:\ue4sourcecode\softrasterizer\x64\release\softrasterizer.iobj
c:\users\admin\documents\softrasterizer\x64\release\softrasterizer.ipdb
c:\users\admin\documents\softrasterizer\x64\release\softrasterizer.iobj
c:\users\admin\documents\softrasterizer\x64\release\softrasterizer.tlog\cl.command.1.tlog
c:\users\admin\documents\softrasterizer\x64\release\softrasterizer.tlog\cl.read.1.tlog
c:\users\admin\documents\softrasterizer\x64\release\softrasterizer.tlog\cl.write.1.tlog
c:\users\admin\documents\softrasterizer\x64\release\softrasterizer.tlog\link.command.1.tlog
c:\users\admin\documents\softrasterizer\x64\release\softrasterizer.tlog\link.delete.1.tlog
c:\users\admin\documents\softrasterizer\x64\release\softrasterizer.tlog\link.read.1.tlog
c:\users\admin\documents\softrasterizer\x64\release\softrasterizer.tlog\link.write.1.tlog
c:\users\admin\documents\softrasterizer\x64\release\softrasterizer.tlog\softrasterizer.write.1u.tlog
