  ShaderPipeline.cpp
C:\Users\admin\Documents\SoftRasterizer\Source\ShaderPipeline.cpp(58,18): warning C4244: “参数”: 从“int”转换到“float”，可能丢失数据
C:\Users\admin\Documents\SoftRasterizer\Source\ShaderPipeline.cpp(58,14): warning C4244: “参数”: 从“int”转换到“float”，可能丢失数据
C:\Users\admin\Documents\SoftRasterizer\Source\ShaderPipeline.cpp(59,54): warning C4244: “参数”: 从“const int”转换到“float”，可能丢失数据
C:\Users\admin\Documents\SoftRasterizer\Source\ShaderPipeline.cpp(59,33): warning C4244: “参数”: 从“const int”转换到“float”，可能丢失数据
C:\Users\admin\Documents\SoftRasterizer\Source\ShaderPipeline.cpp(60,54): warning C4244: “参数”: 从“const int”转换到“float”，可能丢失数据
C:\Users\admin\Documents\SoftRasterizer\Source\ShaderPipeline.cpp(60,33): warning C4244: “参数”: 从“const int”转换到“float”，可能丢失数据
C:\Users\admin\Documents\SoftRasterizer\Source\ShaderPipeline.cpp(61,54): warning C4244: “参数”: 从“const int”转换到“float”，可能丢失数据
C:\Users\admin\Documents\SoftRasterizer\Source\ShaderPipeline.cpp(61,33): warning C4244: “参数”: 从“const int”转换到“float”，可能丢失数据
C:\Users\admin\Documents\SoftRasterizer\Source\ShaderPipeline.cpp(69,33): warning C4244: “=”: 从“int”转换到“float”，可能丢失数据
C:\Users\admin\Documents\SoftRasterizer\Source\ShaderPipeline.cpp(70,33): warning C4244: “=”: 从“int”转换到“float”，可能丢失数据
C:\Users\admin\Documents\SoftRasterizer\Source\ShaderPipeline.cpp(73,33): warning C4244: “=”: 从“int”转换到“float”，可能丢失数据
C:\Users\admin\Documents\SoftRasterizer\Source\ShaderPipeline.cpp(74,33): warning C4244: “=”: 从“int”转换到“float”，可能丢失数据
C:\Users\admin\Documents\SoftRasterizer\Source\ShaderPipeline.cpp(103,59): warning C4018: “>”: 有符号/无符号不匹配
C:\Users\admin\Documents\SoftRasterizer\Source\ShaderPipeline.cpp(103,126): warning C4018: “>”: 有符号/无符号不匹配
  正在生成代码
  2 of 1083 functions ( 0.2%) were compiled, the rest were copied from previous compilation.
    0 functions were new in current compilation
    10 functions had inline decision re-evaluated but remain unchanged
  已完成代码的生成
  SoftRasterizer.vcxproj -> C:\Users\admin\Documents\SoftRasterizer\x64\Release\SoftRasterizer.exe
