79 [13920] INFO perfrun.launcher <> - Launcher main begin
86 [13920] INFO perfrun.launcher <> - MessageCatalogInit finished
86 [13920] INFO perfrun.launcher <> - Launcher instance created
86 [13920] INFO perfrun.launcher <> - argc = 6; cmdline = C:\Program Files (x86)\Intel\oneAPI\advisor\2022.0.0\bin64\advixe-runss.exe --ui-output-format xml --ui-output-fd 7568 --context-value-list 
113 [13920] INFO perfrun.launcher <> - New signal handler callback was added
227 [13920] INFO perfrun.launcher <> - create msngr2::ICliToolContext
228 [13920] INFO perfrun.launcher <> - create file finder object
229 [13920] INFO perfrun.launcher <> - Put into the variant bag the context value: name = targetOS; value = Windows
229 [13920] INFO perfrun.launcher <> - Put into the variant bag the context value: name = OS; value = Windows
229 [13920] INFO perfrun.launcher <> - Put into the variant bag the context value: name = OSBuildNumber; value = 19042
229 [13920] INFO perfrun.launcher <> - Put into the variant bag the context value: name = OSBitness; value = 64
229 [13920] INFO perfrun.launcher <> - Put into the variant bag the context value: name = AdministratorPrivileges; value = true
229 [13920] INFO perfrun.launcher <> - Put into the variant bag the context value: name = isPtraceScopeLimited; value = false
229 [13920] INFO perfrun.launcher <> - Put into the variant bag the context value: name = isCATSupportedByCPU; value = false
229 [13920] INFO perfrun.launcher <> - Put into the variant bag the context value: name = isL3MonitoringSupportedByCPU; value = false
229 [13920] INFO perfrun.launcher <> - Put into the variant bag the context value: name = isTSXAvailable; value = false
229 [13920] INFO perfrun.launcher <> - Put into the variant bag the context value: name = isPTAvailable; value = false
229 [13920] INFO perfrun.launcher <> - Put into the variant bag the context value: name = isHTEnabled; value = true
229 [13920] INFO perfrun.launcher <> - Put into the variant bag the context value: name = fpgaOnBoard; value = None
230 [13920] INFO perfrun.launcher <> - Put into the variant bag the context value: name = omniPathOnBoard; value = None
230 [13920] INFO perfrun.launcher <> - Put into the variant bag the context value: name = pciClassParts; value = 
230 [13920] INFO perfrun.launcher <> - Put into the variant bag the context value: name = tidValuesForIO; value = 
230 [13920] INFO perfrun.launcher <> - Put into the variant bag the context value: name = populatedIoParts; value = 
230 [13920] INFO perfrun.launcher <> - Put into the variant bag the context value: name = populatedIoUnits; value = 
230 [13920] INFO perfrun.launcher <> - Put into the variant bag the context value: name = populatedTidValuesForIO; value = 
230 [13920] INFO perfrun.launcher <> - Put into the variant bag the context value: name = isSGXAvailable; value = false
230 [13920] INFO perfrun.launcher <> - Put into the variant bag the context value: name = Hypervisor; value = None
230 [13920] INFO perfrun.launcher <> - Put into the variant bag the context value: name = PerfmonVersion; value = 0
230 [13920] INFO perfrun.launcher <> - Put into the variant bag the context value: name = isMaxDRAMBandwidthMeasurementSupported; value = false
230 [13920] INFO perfrun.launcher <> - Put into the variant bag the context value: name = preferedGpuAdapter; value = 0:30:0.0
230 [13920] INFO perfrun.launcher <> - Put into the variant bag the context value: name = isEHFIAvailable; value = false
230 [13920] INFO perfrun.launcher <> - Put into the variant bag the context value: name = areGpuHardwareMetricsAvailableList; value = 
230 [13920] INFO perfrun.launcher <> - Put into the variant bag the context value: name = gpuPlatformIndexList; value = 
231 [13920] INFO perfrun.launcher <> - Put into the variant bag the context value: name = isTPSSAvailable; value = true
231 [13920] INFO perfrun.launcher <> - Put into the variant bag the context value: name = isPytraceAvailable; value = true
231 [13920] INFO perfrun.launcher <> - Put into the variant bag the context value: name = isGENDebugInfoAvailableList; value = 
231 [13920] INFO perfrun.launcher <> - Put into the variant bag the context value: name = isGTPinCollectionAvailableList; value = 
231 [13920] INFO perfrun.launcher <> - Put into the variant bag the context value: name = forceShowInlines; value = false
231 [13920] INFO perfrun.launcher <> - Application exit code: 0
231 [13920] INFO perfrun.launcher <> - Exit code: 0
