70 [2632] INFO perfrun.launcher <> - Launcher main begin
76 [2632] INFO perfrun.launcher <> - MessageCatalogInit finished
76 [2632] INFO perfrun.launcher <> - Launcher instance created
76 [2632] INFO perfrun.launcher <> - argc = 6; cmdline = C:\Program Files (x86)\Intel\oneAPI\advisor\2022.0.0\bin64\advixe-runss.exe --ui-output-format xml --ui-output-fd 4656 --context-value-list 
96 [2632] INFO perfrun.launcher <> - New signal handler callback was added
189 [2632] INFO perfrun.launcher <> - create msngr2::ICliToolContext
190 [2632] INFO perfrun.launcher <> - create file finder object
196 [2632] INFO perfrun.launcher <> - Put into the variant bag the context value: name = targetOS; value = Windows
197 [2632] INFO perfrun.launcher <> - Put into the variant bag the context value: name = OS; value = Windows
197 [2632] INFO perfrun.launcher <> - Put into the variant bag the context value: name = OSBuildNumber; value = 19042
197 [2632] INFO perfrun.launcher <> - Put into the variant bag the context value: name = OSBitness; value = 64
197 [2632] INFO perfrun.launcher <> - Put into the variant bag the context value: name = AdministratorPrivileges; value = true
197 [2632] INFO perfrun.launcher <> - Put into the variant bag the context value: name = isPtraceScopeLimited; value = false
197 [2632] INFO perfrun.launcher <> - Put into the variant bag the context value: name = isCATSupportedByCPU; value = false
197 [2632] INFO perfrun.launcher <> - Put into the variant bag the context value: name = isL3MonitoringSupportedByCPU; value = false
197 [2632] INFO perfrun.launcher <> - Put into the variant bag the context value: name = isTSXAvailable; value = false
197 [2632] INFO perfrun.launcher <> - Put into the variant bag the context value: name = isPTAvailable; value = false
197 [2632] INFO perfrun.launcher <> - Put into the variant bag the context value: name = isHTEnabled; value = true
197 [2632] INFO perfrun.launcher <> - Put into the variant bag the context value: name = fpgaOnBoard; value = None
197 [2632] INFO perfrun.launcher <> - Put into the variant bag the context value: name = omniPathOnBoard; value = None
197 [2632] INFO perfrun.launcher <> - Put into the variant bag the context value: name = pciClassParts; value = 
197 [2632] INFO perfrun.launcher <> - Put into the variant bag the context value: name = tidValuesForIO; value = 
197 [2632] INFO perfrun.launcher <> - Put into the variant bag the context value: name = populatedIoParts; value = 
197 [2632] INFO perfrun.launcher <> - Put into the variant bag the context value: name = populatedIoUnits; value = 
197 [2632] INFO perfrun.launcher <> - Put into the variant bag the context value: name = populatedTidValuesForIO; value = 
197 [2632] INFO perfrun.launcher <> - Put into the variant bag the context value: name = isSGXAvailable; value = false
197 [2632] INFO perfrun.launcher <> - Put into the variant bag the context value: name = Hypervisor; value = None
197 [2632] INFO perfrun.launcher <> - Put into the variant bag the context value: name = PerfmonVersion; value = 0
197 [2632] INFO perfrun.launcher <> - Put into the variant bag the context value: name = isMaxDRAMBandwidthMeasurementSupported; value = false
197 [2632] INFO perfrun.launcher <> - Put into the variant bag the context value: name = preferedGpuAdapter; value = 0:30:0.0
198 [2632] INFO perfrun.launcher <> - Put into the variant bag the context value: name = isEHFIAvailable; value = false
198 [2632] INFO perfrun.launcher <> - Put into the variant bag the context value: name = areGpuHardwareMetricsAvailableList; value = 
198 [2632] INFO perfrun.launcher <> - Put into the variant bag the context value: name = gpuPlatformIndexList; value = 
198 [2632] INFO perfrun.launcher <> - Put into the variant bag the context value: name = isTPSSAvailable; value = true
198 [2632] INFO perfrun.launcher <> - Put into the variant bag the context value: name = isPytraceAvailable; value = true
198 [2632] INFO perfrun.launcher <> - Put into the variant bag the context value: name = isGENDebugInfoAvailableList; value = 
198 [2632] INFO perfrun.launcher <> - Put into the variant bag the context value: name = isGTPinCollectionAvailableList; value = 
198 [2632] INFO perfrun.launcher <> - Put into the variant bag the context value: name = forceShowInlines; value = false
198 [2632] INFO perfrun.launcher <> - Application exit code: 0
198 [2632] INFO perfrun.launcher <> - Exit code: 0
