d:\ue4sourcecode\softrasterizer\x64\debug\vc142.pdb
d:\ue4sourcecode\softrasterizer\x64\debug\vc142.idb
d:\ue4sourcecode\softrasterizer\x64\debug\vertexdata.obj
d:\ue4sourcecode\softrasterizer\x64\debug\vector4.obj
d:\ue4sourcecode\softrasterizer\x64\debug\vector3.obj
d:\ue4sourcecode\softrasterizer\x64\debug\vector2i.obj
d:\ue4sourcecode\softrasterizer\x64\debug\vector2.obj
d:\ue4sourcecode\softrasterizer\x64\debug\texture.obj
d:\ue4sourcecode\softrasterizer\x64\debug\renderwindow.obj
d:\ue4sourcecode\softrasterizer\x64\debug\stb.obj
d:\ue4sourcecode\softrasterizer\x64\debug\shaderpipeline.obj
d:\ue4sourcecode\softrasterizer\x64\debug\renderer.obj
d:\ue4sourcecode\softrasterizer\x64\debug\model.obj
d:\ue4sourcecode\softrasterizer\x64\debug\mesh.obj
d:\ue4sourcecode\softrasterizer\x64\debug\matrix4.obj
d:\ue4sourcecode\softrasterizer\x64\debug\matrix3.obj
d:\ue4sourcecode\softrasterizer\x64\debug\main.obj
d:\ue4sourcecode\softrasterizer\x64\debug\lightingshaderpipline.obj
d:\ue4sourcecode\softrasterizer\x64\debug\framebuffer.obj
d:\ue4sourcecode\softrasterizer\x64\debug\directionallight.obj
d:\ue4sourcecode\softrasterizer\x64\debug\defaultshaderpipline.obj
d:\ue4sourcecode\softrasterizer\x64\debug\camera.obj
d:\ue4sourcecode\softrasterizer\x64\debug\softrasterizer.exe
d:\ue4sourcecode\softrasterizer\x64\debug\softrasterizer.ilk
d:\ue4sourcecode\softrasterizer\x64\debug\softrasterizer.pdb
d:\ue4sourcecode\softrasterizer\x64\debug\glad.obj
d:\ue4sourcecode\softrasterizer\x64\debug\trwindowsapp.obj
d:\ue4sourcecode\softrasterizer\x64\debug\renderer.obj.enc
d:\ue4sourcecode\softrasterizer\x64\debug\lnk{edc26c9c-ebe7-480f-8aa5-a90b5186db0e}.tmp
d:\ue4sourcecode\softrasterizer\x64\debug\softrasterizer.tlog\cl.command.1.tlog
d:\ue4sourcecode\softrasterizer\x64\debug\softrasterizer.tlog\cl.read.1.tlog
d:\ue4sourcecode\softrasterizer\x64\debug\softrasterizer.tlog\cl.write.1.tlog
d:\ue4sourcecode\softrasterizer\x64\debug\softrasterizer.tlog\link-cvtres.read.1.tlog
d:\ue4sourcecode\softrasterizer\x64\debug\softrasterizer.tlog\link-cvtres.write.1.tlog
d:\ue4sourcecode\softrasterizer\x64\debug\softrasterizer.tlog\link-rc.read.1.tlog
d:\ue4sourcecode\softrasterizer\x64\debug\softrasterizer.tlog\link-rc.write.1.tlog
d:\ue4sourcecode\softrasterizer\x64\debug\softrasterizer.tlog\link.command.1.tlog
d:\ue4sourcecode\softrasterizer\x64\debug\softrasterizer.tlog\link.delete.1.tlog
d:\ue4sourcecode\softrasterizer\x64\debug\softrasterizer.tlog\link.read.1.tlog
d:\ue4sourcecode\softrasterizer\x64\debug\softrasterizer.tlog\link.write.1.tlog
