  FrameBuffer.cpp
D:\UE4SourceCode\SoftRasterizer\Source\FrameBuffer.cpp(49,21): warning C4018:  “<”: 有符号/无符号不匹配
D:\UE4SourceCode\SoftRasterizer\Source\FrameBuffer.cpp(51,22): warning C4018:  “<”: 有符号/无符号不匹配
D:\UE4SourceCode\SoftRasterizer\Source\FrameBuffer.cpp(74,17): warning C4018:  “>=”: 有符号/无符号不匹配
  LightingShaderPipline.cpp
  Mesh.cpp
  Model.cpp
D:\UE4SourceCode\SoftRasterizer\Source\FrameBuffer.cpp(74,40): warning C4018:  “>=”: 有符号/无符号不匹配
D:\UE4SourceCode\SoftRasterizer\Source\Model.cpp(31,20): warning C4018:  “<”: 有符号/无符号不匹配
D:\UE4SourceCode\SoftRasterizer\Source\Model.cpp(37,20): warning C4018:  “<”: 有符号/无符号不匹配
D:\UE4SourceCode\SoftRasterizer\Source\Model.cpp(50,20): warning C4018:  “<”: 有符号/无符号不匹配
D:\UE4SourceCode\SoftRasterizer\Source\Model.cpp(65,20): warning C4018:  “<”: 有符号/无符号不匹配
D:\UE4SourceCode\SoftRasterizer\Source\Model.cpp(69,21): warning C4018:  “<”: 有符号/无符号不匹配
  RenderWindow.cpp
  Renderer.cpp
D:\UE4SourceCode\SoftRasterizer\Source\Model.cpp(92,20): warning C4018:  “<”: 有符号/无符号不匹配
D:\UE4SourceCode\SoftRasterizer\Source\Renderer.cpp(28,19): warning C4244:  “初始化”: 从“double”转换到“float”，可能丢失数据
D:\UE4SourceCode\SoftRasterizer\Source\Renderer.cpp(34,15): warning C4244:  “初始化”: 从“double”转换到“float”，可能丢失数据
  ShaderPipeline.cpp
D:\UE4SourceCode\SoftRasterizer\Source\Renderer.cpp(44,35): warning C4244:  “=”: 从“double”转换到“float”，可能丢失数据
D:\UE4SourceCode\SoftRasterizer\Source\ShaderPipeline.cpp(41,58): warning C4018:  “<=”: 有符号/无符号不匹配
D:\UE4SourceCode\SoftRasterizer\Source\ShaderPipeline.cpp(41,126): warning C4018:  “<=”: 有符号/无符号不匹配
D:\UE4SourceCode\SoftRasterizer\Source\ShaderPipeline.cpp(65,58): warning C4018:  “<”: 有符号/无符号不匹配
  Texture.cpp
D:\UE4SourceCode\SoftRasterizer\Source\ShaderPipeline.cpp(65,125): warning C4018:  “<”: 有符号/无符号不匹配
D:\UE4SourceCode\SoftRasterizer\Source\Texture.cpp(15,12): warning C4244:  “=”: 从“float”转换到“int”，可能丢失数据
  main.cpp
D:\UE4SourceCode\SoftRasterizer\Source\Texture.cpp(16,12): warning C4244:  “=”: 从“float”转换到“int”，可能丢失数据
D:\UE4SourceCode\SoftRasterizer\source\main.cpp(74,31): warning C4244:  “=”: 从“double”转换到“float”，可能丢失数据
D:\UE4SourceCode\SoftRasterizer\source\main.cpp(75,31): warning C4244:  “=”: 从“double”转换到“float”，可能丢失数据
D:\UE4SourceCode\SoftRasterizer\source\main.cpp(76,31): warning C4244:  “=”: 从“double”转换到“float”，可能丢失数据
  正在生成代码...
D:\UE4SourceCode\SoftRasterizer\source\main.cpp(77,31): warning C4244:  “=”: 从“double”转换到“float”，可能丢失数据
  SoftRasterizer.vcxproj -> D:\UE4SourceCode\SoftRasterizer\x64\Debug\SoftRasterizer.exe
