<?xml version="1.0" encoding="utf-8"?>
<log version="1.0" tool="runtool">

<msg id="1" tool="runtool">
  <type>log-start</type>
  <arg>2022/01/16 13:01:58</arg>
</msg>
<msg id="2" tool="runtool">
  <type>collector-starts</type>
</msg>
<msg id="3" tool="runtool">
  <type>marker-file</type>
  <arg>D:\UE4SourceCode\SoftRasterizer\My Advisor Results - SoftRasterizer\e000\mp002\mp002.advixe</arg>
</msg>
<msg id="4" tool="tc">
  <type>START</type>
  <severity>INFO</severity>
  <timestamp>Sun Jan 16 13:01:58 2022</timestamp>
</msg>
<msg id="5" tool="tc">
  <type>EXEC_OF_INTEREST</type>
  <arg>d:\ue4sourcecode\softrasterizer\x64\release\softrasterizer.exe</arg>
  <arg>24080</arg>
  <severity>INFO</severity>
  <timestamp>Sun Jan 16 13:01:58 2022</timestamp>
</msg>
<msg id="6" tool="tc">
  <type>LOAD_MODULE</type>
  <arg>d:\ue4sourcecode\softrasterizer\x64\release\softrasterizer.exe</arg>
  <arg>0x7ff7975a0000</arg>
  <arg>0x7ff7975c7fff</arg>
  <arg>1</arg>
  <severity>INFO</severity>
  <timestamp>Sun Jan 16 13:01:58 2022</timestamp>
</msg>
<msg id="7" tool="tc">
  <type>LOAD_MODULE</type>
  <arg>c:\windows\system32\kernelbase.dll</arg>
  <arg>0x7ffe3f2c0000</arg>
  <arg>0x7ffe3f587fff</arg>
  <arg>2</arg>
  <severity>INFO</severity>
  <timestamp>Sun Jan 16 13:01:58 2022</timestamp>
</msg>
<msg id="8" tool="tc">
  <type>LOAD_MODULE</type>
  <arg>c:\windows\system32\kernel32.dll</arg>
  <arg>0x7ffe3fc90000</arg>
  <arg>0x7ffe3fd4dfff</arg>
  <arg>3</arg>
  <severity>INFO</severity>
  <timestamp>Sun Jan 16 13:01:58 2022</timestamp>
</msg>
<msg id="9" tool="tc">
  <type>LOAD_MODULE</type>
  <arg>c:\windows\system32\ntdll.dll</arg>
  <arg>0x7ffe419f0000</arg>
  <arg>0x7ffe41be4fff</arg>
  <arg>4</arg>
  <severity>INFO</severity>
  <timestamp>Sun Jan 16 13:01:58 2022</timestamp>
</msg>
<msg id="10" tool="tc">
  <type>LOAD_MODULE</type>
  <arg>c:\windows\system32\ucrtbase.dll</arg>
  <arg>0x7ffe3f930000</arg>
  <arg>0x7ffe3fa2ffff</arg>
  <arg>5</arg>
  <severity>INFO</severity>
  <timestamp>Sun Jan 16 13:02:00 2022</timestamp>
</msg>
<msg id="11" tool="tc">
  <type>LOAD_MODULE</type>
  <arg>c:\windows\system32\shell32.dll</arg>
  <arg>0x7ffe40b00000</arg>
  <arg>0x7ffe41243fff</arg>
  <arg>6</arg>
  <severity>INFO</severity>
  <timestamp>Sun Jan 16 13:02:00 2022</timestamp>
</msg>
<msg id="12" tool="tc">
  <type>LOAD_MODULE</type>
  <arg>c:\windows\system32\msvcp_win.dll</arg>
  <arg>0x7ffe3f590000</arg>
  <arg>0x7ffe3f62cfff</arg>
  <arg>7</arg>
  <severity>INFO</severity>
  <timestamp>Sun Jan 16 13:02:00 2022</timestamp>
</msg>
<msg id="13" tool="tc">
  <type>LOAD_MODULE</type>
  <arg>c:\windows\system32\msvcp140.dll</arg>
  <arg>0x7ffe27640000</arg>
  <arg>0x7ffe276ccfff</arg>
  <arg>8</arg>
  <severity>INFO</severity>
  <timestamp>Sun Jan 16 13:02:00 2022</timestamp>
</msg>
<msg id="14" tool="tc">
  <type>LOAD_MODULE</type>
  <arg>d:\ue4sourcecode\softrasterizer\assimp-vc142-mtd.dll</arg>
  <arg>0x7ffdb4c10000</arg>
  <arg>0x7ffdb59d6fff</arg>
  <arg>9</arg>
  <severity>INFO</severity>
  <timestamp>Sun Jan 16 13:02:02 2022</timestamp>
</msg>
<msg id="15" tool="tc">
  <type>LOAD_MODULE</type>
  <arg>d:\ue4sourcecode\softrasterizer\sdl2.dll</arg>
  <arg>0x7ffdb49e0000</arg>
  <arg>0x7ffdb4c08fff</arg>
  <arg>10</arg>
  <severity>INFO</severity>
  <timestamp>Sun Jan 16 13:02:06 2022</timestamp>
</msg>
<msg id="16" tool="tc">
  <type>LOAD_MODULE</type>
  <arg>c:\windows\system32\user32.dll</arg>
  <arg>0x7ffe405b0000</arg>
  <arg>0x7ffe40750fff</arg>
  <arg>11</arg>
  <severity>INFO</severity>
  <timestamp>Sun Jan 16 13:02:06 2022</timestamp>
</msg>
<msg id="17" tool="tc">
  <type>LOAD_MODULE</type>
  <arg>c:\windows\system32\advapi32.dll</arg>
  <arg>0x7ffe41250000</arg>
  <arg>0x7ffe412fbfff</arg>
  <arg>12</arg>
  <severity>INFO</severity>
  <timestamp>Sun Jan 16 13:02:07 2022</timestamp>
</msg>
<msg id="18" tool="tc">
  <type>LOAD_MODULE</type>
  <arg>c:\windows\system32\win32u.dll</arg>
  <arg>0x7ffe3f190000</arg>
  <arg>0x7ffe3f1b1fff</arg>
  <arg>13</arg>
  <severity>INFO</severity>
  <timestamp>Sun Jan 16 13:02:07 2022</timestamp>
</msg>
<msg id="19" tool="tc">
  <type>LOAD_MODULE</type>
  <arg>c:\windows\system32\msvcrt.dll</arg>
  <arg>0x7ffe40900000</arg>
  <arg>0x7ffe4099dfff</arg>
  <arg>14</arg>
  <severity>INFO</severity>
  <timestamp>Sun Jan 16 13:02:07 2022</timestamp>
</msg>
<msg id="20" tool="tc">
  <type>LOAD_MODULE</type>
  <arg>c:\windows\system32\gdi32.dll</arg>
  <arg>0x7ffe3fee0000</arg>
  <arg>0x7ffe3ff0afff</arg>
  <arg>15</arg>
  <severity>INFO</severity>
  <timestamp>Sun Jan 16 13:02:07 2022</timestamp>
</msg>
<msg id="21" tool="tc">
  <type>LOAD_MODULE</type>
  <arg>c:\windows\system32\sechost.dll</arg>
  <arg>0x7ffe3fe40000</arg>
  <arg>0x7ffe3fedafff</arg>
  <arg>16</arg>
  <severity>INFO</severity>
  <timestamp>Sun Jan 16 13:02:07 2022</timestamp>
</msg>
<msg id="22" tool="tc">
  <type>LOAD_MODULE</type>
  <arg>c:\windows\system32\vcruntime140.dll</arg>
  <arg>0x7ffe27620000</arg>
  <arg>0x7ffe2763afff</arg>
  <arg>17</arg>
  <severity>INFO</severity>
  <timestamp>Sun Jan 16 13:02:07 2022</timestamp>
</msg>
<msg id="23" tool="tc">
  <type>LOAD_MODULE</type>
  <arg>c:\windows\system32\rpcrt4.dll</arg>
  <arg>0x7ffe41300000</arg>
  <arg>0x7ffe41429fff</arg>
  <arg>18</arg>
  <severity>INFO</severity>
  <timestamp>Sun Jan 16 13:02:07 2022</timestamp>
</msg>
<msg id="24" tool="tc">
  <type>LOAD_MODULE</type>
  <arg>c:\windows\system32\gdi32full.dll</arg>
  <arg>0x7ffe3f820000</arg>
  <arg>0x7ffe3f92cfff</arg>
  <arg>19</arg>
  <severity>INFO</severity>
  <timestamp>Sun Jan 16 13:02:07 2022</timestamp>
</msg>
<msg id="25" tool="tc">
  <type>LOAD_MODULE</type>
  <arg>c:\windows\system32\imm32.dll</arg>
  <arg>0x7ffe3fc60000</arg>
  <arg>0x7ffe3fc8ffff</arg>
  <arg>20</arg>
  <severity>INFO</severity>
  <timestamp>Sun Jan 16 13:02:07 2022</timestamp>
</msg>
<msg id="26" tool="tc">
  <type>LOAD_MODULE</type>
  <arg>c:\windows\system32\ole32.dll</arg>
  <arg>0x7ffe407c0000</arg>
  <arg>0x7ffe408e9fff</arg>
  <arg>21</arg>
  <severity>INFO</severity>
  <timestamp>Sun Jan 16 13:02:07 2022</timestamp>
</msg>
<msg id="27" tool="tc">
  <type>LOAD_MODULE</type>
  <arg>c:\windows\system32\combase.dll</arg>
  <arg>0x7ffe41640000</arg>
  <arg>0x7ffe41994fff</arg>
  <arg>22</arg>
  <severity>INFO</severity>
  <timestamp>Sun Jan 16 13:02:07 2022</timestamp>
</msg>
<msg id="28" tool="tc">
  <type>LOAD_MODULE</type>
  <arg>c:\windows\system32\oleaut32.dll</arg>
  <arg>0x7ffe41570000</arg>
  <arg>0x7ffe4163cfff</arg>
  <arg>23</arg>
  <severity>INFO</severity>
  <timestamp>Sun Jan 16 13:02:07 2022</timestamp>
</msg>
<msg id="29" tool="tc">
  <type>LOAD_MODULE</type>
  <arg>c:\windows\system32\vcruntime140_1.dll</arg>
  <arg>0x7ffe27610000</arg>
  <arg>0x7ffe2761bfff</arg>
  <arg>24</arg>
  <severity>INFO</severity>
  <timestamp>Sun Jan 16 13:02:07 2022</timestamp>
</msg>
<msg id="30" tool="tc">
  <type>LOAD_MODULE</type>
  <arg>c:\windows\system32\setupapi.dll</arg>
  <arg>0x7ffe40010000</arg>
  <arg>0x7ffe40481fff</arg>
  <arg>25</arg>
  <severity>INFO</severity>
  <timestamp>Sun Jan 16 13:02:07 2022</timestamp>
</msg>
<msg id="31" tool="tc">
  <type>LOAD_MODULE</type>
  <arg>c:\windows\system32\cfgmgr32.dll</arg>
  <arg>0x7ffe3f270000</arg>
  <arg>0x7ffe3f2bdfff</arg>
  <arg>26</arg>
  <severity>INFO</severity>
  <timestamp>Sun Jan 16 13:02:08 2022</timestamp>
</msg>
<msg id="32" tool="tc">
  <type>LOAD_MODULE</type>
  <arg>c:\windows\system32\bcrypt.dll</arg>
  <arg>0x7ffe3f630000</arg>
  <arg>0x7ffe3f656fff</arg>
  <arg>27</arg>
  <severity>INFO</severity>
  <timestamp>Sun Jan 16 13:02:08 2022</timestamp>
</msg>
<msg id="33" tool="tc">
  <type>LOAD_MODULE</type>
  <arg>c:\windows\system32\version.dll</arg>
  <arg>0x7ffe38d90000</arg>
  <arg>0x7ffe38d99fff</arg>
  <arg>28</arg>
  <severity>INFO</severity>
  <timestamp>Sun Jan 16 13:02:08 2022</timestamp>
</msg>
<msg id="34" tool="tc">
  <type>LOAD_MODULE</type>
  <arg>c:\windows\system32\winmm.dll</arg>
  <arg>0x7ffe34430000</arg>
  <arg>0x7ffe34456fff</arg>
  <arg>29</arg>
  <severity>INFO</severity>
  <timestamp>Sun Jan 16 13:02:08 2022</timestamp>
</msg>
<msg id="35" tool="tc">
  <type>LOAD_MODULE</type>
  <arg>c:\windows\system32\vcruntime140d.dll</arg>
  <arg>0x7ffe33da0000</arg>
  <arg>0x7ffe33dc3fff</arg>
  <arg>30</arg>
  <severity>INFO</severity>
  <timestamp>Sun Jan 16 13:02:08 2022</timestamp>
</msg>
<msg id="36" tool="tc">
  <type>LOAD_MODULE</type>
  <arg>c:\windows\system32\msvcp140d.dll</arg>
  <arg>0x7ffdb48e0000</arg>
  <arg>0x7ffdb49d5fff</arg>
  <arg>31</arg>
  <severity>INFO</severity>
  <timestamp>Sun Jan 16 13:02:08 2022</timestamp>
</msg>
<msg id="37" tool="tc">
  <type>LOAD_MODULE</type>
  <arg>c:\windows\system32\ucrtbased.dll</arg>
  <arg>0x7ffdb4710000</arg>
  <arg>0x7ffdb48d2fff</arg>
  <arg>32</arg>
  <severity>INFO</severity>
  <timestamp>Sun Jan 16 13:02:08 2022</timestamp>
</msg>
<msg id="38" tool="tc">
  <type>LOAD_MODULE</type>
  <arg>c:\windows\system32\shcore.dll</arg>
  <arg>0x7ffe40a50000</arg>
  <arg>0x7ffe40afcfff</arg>
  <arg>33</arg>
  <severity>INFO</severity>
  <timestamp>Sun Jan 16 13:02:14 2022</timestamp>
</msg>
<msg id="39" tool="tc">
  <type>LOAD_MODULE</type>
  <arg>c:\windows\system32\uxtheme.dll</arg>
  <arg>0x7ffe3cb30000</arg>
  <arg>0x7ffe3cbcdfff</arg>
  <arg>34</arg>
  <severity>INFO</severity>
  <timestamp>Sun Jan 16 13:02:15 2022</timestamp>
</msg>
<msg id="40" tool="tc">
  <type>LOAD_MODULE</type>
  <arg>c:\windows\system32\mscms.dll</arg>
  <arg>0x7ffe38e00000</arg>
  <arg>0x7ffe38eadfff</arg>
  <arg>35</arg>
  <severity>INFO</severity>
  <timestamp>Sun Jan 16 13:02:15 2022</timestamp>
</msg>
<msg id="41" tool="tc">
  <type>LOAD_MODULE</type>
  <arg>c:\windows\system32\userenv.dll</arg>
  <arg>0x7ffe3f000000</arg>
  <arg>0x7ffe3f02dfff</arg>
  <arg>36</arg>
  <severity>INFO</severity>
  <timestamp>Sun Jan 16 13:02:15 2022</timestamp>
</msg>
<msg id="42" tool="tc">
  <type>LOAD_MODULE</type>
  <arg>c:\windows\system32\coloradapterclient.dll</arg>
  <arg>0x7ffe38de0000</arg>
  <arg>0x7ffe38df0fff</arg>
  <arg>37</arg>
  <severity>INFO</severity>
  <timestamp>Sun Jan 16 13:02:15 2022</timestamp>
</msg>
<msg id="43" tool="tc">
  <type>LOAD_MODULE</type>
  <arg>c:\windows\system32\icm32.dll</arg>
  <arg>0x7ffe16520000</arg>
  <arg>0x7ffe16562fff</arg>
  <arg>38</arg>
  <severity>INFO</severity>
  <timestamp>Sun Jan 16 13:02:16 2022</timestamp>
</msg>
<msg id="44" tool="tc">
  <type>LOAD_MODULE</type>
  <arg>c:\windows\system32\msctf.dll</arg>
  <arg>0x7ffe40490000</arg>
  <arg>0x7ffe405a4fff</arg>
  <arg>39</arg>
  <severity>INFO</severity>
  <timestamp>Sun Jan 16 13:02:16 2022</timestamp>
</msg>
<msg id="45" tool="tc">
  <type>LOAD_MODULE</type>
  <arg>d:\youdaodict\8.10.3.0\wordstrokehelper64.dll</arg>
  <arg>0x7ffe3ab20000</arg>
  <arg>0x7ffe3ab44fff</arg>
  <arg>40</arg>
  <severity>INFO</severity>
  <timestamp>Sun Jan 16 13:02:17 2022</timestamp>
</msg>
<msg id="46" tool="tc">
  <type>LOAD_MODULE</type>
  <arg>c:\windows\system32\kernel.appcore.dll</arg>
  <arg>0x7ffe3d010000</arg>
  <arg>0x7ffe3d021fff</arg>
  <arg>41</arg>
  <severity>INFO</severity>
  <timestamp>Sun Jan 16 13:02:19 2022</timestamp>
</msg>
<msg id="47" tool="tc">
  <type>LOAD_MODULE</type>
  <arg>c:\windows\system32\bcryptprimitives.dll</arg>
  <arg>0x7ffe3f100000</arg>
  <arg>0x7ffe3f181fff</arg>
  <arg>42</arg>
  <severity>INFO</severity>
  <timestamp>Sun Jan 16 13:02:19 2022</timestamp>
</msg>
<msg id="48" tool="tc">
  <type>LOAD_MODULE</type>
  <arg>c:\windows\system32\clbcatq.dll</arg>
  <arg>0x7ffe409a0000</arg>
  <arg>0x7ffe40a48fff</arg>
  <arg>43</arg>
  <severity>INFO</severity>
  <timestamp>Sun Jan 16 13:02:19 2022</timestamp>
</msg>
<msg id="49" tool="tc">
  <type>LOAD_MODULE</type>
  <arg>c:\windows\system32\textinputframework.dll</arg>
  <arg>0x7ffe2fca0000</arg>
  <arg>0x7ffe2fd98fff</arg>
  <arg>44</arg>
  <severity>INFO</severity>
  <timestamp>Sun Jan 16 13:02:22 2022</timestamp>
</msg>
<msg id="50" tool="tc">
  <type>LOAD_MODULE</type>
  <arg>c:\windows\system32\coreuicomponents.dll</arg>
  <arg>0x7ffe3c3b0000</arg>
  <arg>0x7ffe3c70dfff</arg>
  <arg>45</arg>
  <severity>INFO</severity>
  <timestamp>Sun Jan 16 13:02:22 2022</timestamp>
</msg>
<msg id="51" tool="tc">
  <type>LOAD_MODULE</type>
  <arg>c:\windows\system32\coremessaging.dll</arg>
  <arg>0x7ffe3c710000</arg>
  <arg>0x7ffe3c801fff</arg>
  <arg>46</arg>
  <severity>INFO</severity>
  <timestamp>Sun Jan 16 13:02:22 2022</timestamp>
</msg>
<msg id="52" tool="tc">
  <type>LOAD_MODULE</type>
  <arg>c:\windows\system32\ws2_32.dll</arg>
  <arg>0x7ffe3ff10000</arg>
  <arg>0x7ffe3ff7afff</arg>
  <arg>47</arg>
  <severity>INFO</severity>
  <timestamp>Sun Jan 16 13:02:22 2022</timestamp>
</msg>
<msg id="53" tool="tc">
  <type>LOAD_MODULE</type>
  <arg>c:\windows\system32\ntmarta.dll</arg>
  <arg>0x7ffe3ddf0000</arg>
  <arg>0x7ffe3de22fff</arg>
  <arg>48</arg>
  <severity>INFO</severity>
  <timestamp>Sun Jan 16 13:02:22 2022</timestamp>
</msg>
<msg id="54" tool="tc">
  <type>LOAD_MODULE</type>
  <arg>c:\windows\system32\wintypes.dll</arg>
  <arg>0x7ffe3b050000</arg>
  <arg>0x7ffe3b1a3fff</arg>
  <arg>49</arg>
  <severity>INFO</severity>
  <timestamp>Sun Jan 16 13:02:22 2022</timestamp>
</msg>
<msg id="55" tool="tc">
  <type>UNLOAD_MODULE</type>
  <arg>d:\ue4sourcecode\softrasterizer\x64\release\softrasterizer.exe</arg>
  <arg>1</arg>
  <severity>INFO</severity>
  <timestamp>Sun Jan 16 13:03:16 2022</timestamp>
</msg>
<msg id="56" tool="tc">
  <type>UNLOAD_MODULE</type>
  <arg>c:\windows\system32\kernelbase.dll</arg>
  <arg>2</arg>
  <severity>INFO</severity>
  <timestamp>Sun Jan 16 13:03:16 2022</timestamp>
</msg>
<msg id="57" tool="tc">
  <type>UNLOAD_MODULE</type>
  <arg>c:\windows\system32\kernel32.dll</arg>
  <arg>3</arg>
  <severity>INFO</severity>
  <timestamp>Sun Jan 16 13:03:16 2022</timestamp>
</msg>
<msg id="58" tool="tc">
  <type>UNLOAD_MODULE</type>
  <arg>c:\windows\system32\ntdll.dll</arg>
  <arg>4</arg>
  <severity>INFO</severity>
  <timestamp>Sun Jan 16 13:03:16 2022</timestamp>
</msg>
<msg id="59" tool="tc">
  <type>UNLOAD_MODULE</type>
  <arg>c:\windows\system32\ucrtbase.dll</arg>
  <arg>5</arg>
  <severity>INFO</severity>
  <timestamp>Sun Jan 16 13:03:16 2022</timestamp>
</msg>
<msg id="60" tool="tc">
  <type>UNLOAD_MODULE</type>
  <arg>c:\windows\system32\shell32.dll</arg>
  <arg>6</arg>
  <severity>INFO</severity>
  <timestamp>Sun Jan 16 13:03:16 2022</timestamp>
</msg>
<msg id="61" tool="tc">
  <type>UNLOAD_MODULE</type>
  <arg>c:\windows\system32\msvcp_win.dll</arg>
  <arg>7</arg>
  <severity>INFO</severity>
  <timestamp>Sun Jan 16 13:03:16 2022</timestamp>
</msg>
<msg id="62" tool="tc">
  <type>UNLOAD_MODULE</type>
  <arg>c:\windows\system32\msvcp140.dll</arg>
  <arg>8</arg>
  <severity>INFO</severity>
  <timestamp>Sun Jan 16 13:03:16 2022</timestamp>
</msg>
<msg id="63" tool="tc">
  <type>UNLOAD_MODULE</type>
  <arg>d:\ue4sourcecode\softrasterizer\assimp-vc142-mtd.dll</arg>
  <arg>9</arg>
  <severity>INFO</severity>
  <timestamp>Sun Jan 16 13:03:16 2022</timestamp>
</msg>
<msg id="64" tool="tc">
  <type>UNLOAD_MODULE</type>
  <arg>d:\ue4sourcecode\softrasterizer\sdl2.dll</arg>
  <arg>10</arg>
  <severity>INFO</severity>
  <timestamp>Sun Jan 16 13:03:16 2022</timestamp>
</msg>
<msg id="65" tool="tc">
  <type>UNLOAD_MODULE</type>
  <arg>c:\windows\system32\user32.dll</arg>
  <arg>11</arg>
  <severity>INFO</severity>
  <timestamp>Sun Jan 16 13:03:16 2022</timestamp>
</msg>
<msg id="66" tool="tc">
  <type>UNLOAD_MODULE</type>
  <arg>c:\windows\system32\advapi32.dll</arg>
  <arg>12</arg>
  <severity>INFO</severity>
  <timestamp>Sun Jan 16 13:03:16 2022</timestamp>
</msg>
<msg id="67" tool="tc">
  <type>UNLOAD_MODULE</type>
  <arg>c:\windows\system32\win32u.dll</arg>
  <arg>13</arg>
  <severity>INFO</severity>
  <timestamp>Sun Jan 16 13:03:16 2022</timestamp>
</msg>
<msg id="68" tool="tc">
  <type>UNLOAD_MODULE</type>
  <arg>c:\windows\system32\msvcrt.dll</arg>
  <arg>14</arg>
  <severity>INFO</severity>
  <timestamp>Sun Jan 16 13:03:16 2022</timestamp>
</msg>
<msg id="69" tool="tc">
  <type>UNLOAD_MODULE</type>
  <arg>c:\windows\system32\gdi32.dll</arg>
  <arg>15</arg>
  <severity>INFO</severity>
  <timestamp>Sun Jan 16 13:03:16 2022</timestamp>
</msg>
<msg id="70" tool="tc">
  <type>UNLOAD_MODULE</type>
  <arg>c:\windows\system32\sechost.dll</arg>
  <arg>16</arg>
  <severity>INFO</severity>
  <timestamp>Sun Jan 16 13:03:16 2022</timestamp>
</msg>
<msg id="71" tool="tc">
  <type>UNLOAD_MODULE</type>
  <arg>c:\windows\system32\vcruntime140.dll</arg>
  <arg>17</arg>
  <severity>INFO</severity>
  <timestamp>Sun Jan 16 13:03:16 2022</timestamp>
</msg>
<msg id="72" tool="tc">
  <type>UNLOAD_MODULE</type>
  <arg>c:\windows\system32\rpcrt4.dll</arg>
  <arg>18</arg>
  <severity>INFO</severity>
  <timestamp>Sun Jan 16 13:03:16 2022</timestamp>
</msg>
<msg id="73" tool="tc">
  <type>UNLOAD_MODULE</type>
  <arg>c:\windows\system32\gdi32full.dll</arg>
  <arg>19</arg>
  <severity>INFO</severity>
  <timestamp>Sun Jan 16 13:03:16 2022</timestamp>
</msg>
<msg id="74" tool="tc">
  <type>UNLOAD_MODULE</type>
  <arg>c:\windows\system32\imm32.dll</arg>
  <arg>20</arg>
  <severity>INFO</severity>
  <timestamp>Sun Jan 16 13:03:16 2022</timestamp>
</msg>
<msg id="75" tool="tc">
  <type>UNLOAD_MODULE</type>
  <arg>c:\windows\system32\ole32.dll</arg>
  <arg>21</arg>
  <severity>INFO</severity>
  <timestamp>Sun Jan 16 13:03:16 2022</timestamp>
</msg>
<msg id="76" tool="tc">
  <type>UNLOAD_MODULE</type>
  <arg>c:\windows\system32\combase.dll</arg>
  <arg>22</arg>
  <severity>INFO</severity>
  <timestamp>Sun Jan 16 13:03:16 2022</timestamp>
</msg>
<msg id="77" tool="tc">
  <type>UNLOAD_MODULE</type>
  <arg>c:\windows\system32\oleaut32.dll</arg>
  <arg>23</arg>
  <severity>INFO</severity>
  <timestamp>Sun Jan 16 13:03:16 2022</timestamp>
</msg>
<msg id="78" tool="tc">
  <type>UNLOAD_MODULE</type>
  <arg>c:\windows\system32\vcruntime140_1.dll</arg>
  <arg>24</arg>
  <severity>INFO</severity>
  <timestamp>Sun Jan 16 13:03:16 2022</timestamp>
</msg>
<msg id="79" tool="tc">
  <type>UNLOAD_MODULE</type>
  <arg>c:\windows\system32\setupapi.dll</arg>
  <arg>25</arg>
  <severity>INFO</severity>
  <timestamp>Sun Jan 16 13:03:16 2022</timestamp>
</msg>
<msg id="80" tool="tc">
  <type>UNLOAD_MODULE</type>
  <arg>c:\windows\system32\cfgmgr32.dll</arg>
  <arg>26</arg>
  <severity>INFO</severity>
  <timestamp>Sun Jan 16 13:03:16 2022</timestamp>
</msg>
<msg id="81" tool="tc">
  <type>UNLOAD_MODULE</type>
  <arg>c:\windows\system32\bcrypt.dll</arg>
  <arg>27</arg>
  <severity>INFO</severity>
  <timestamp>Sun Jan 16 13:03:16 2022</timestamp>
</msg>
<msg id="82" tool="tc">
  <type>UNLOAD_MODULE</type>
  <arg>c:\windows\system32\version.dll</arg>
  <arg>28</arg>
  <severity>INFO</severity>
  <timestamp>Sun Jan 16 13:03:16 2022</timestamp>
</msg>
<msg id="83" tool="tc">
  <type>UNLOAD_MODULE</type>
  <arg>c:\windows\system32\winmm.dll</arg>
  <arg>29</arg>
  <severity>INFO</severity>
  <timestamp>Sun Jan 16 13:03:16 2022</timestamp>
</msg>
<msg id="84" tool="tc">
  <type>UNLOAD_MODULE</type>
  <arg>c:\windows\system32\vcruntime140d.dll</arg>
  <arg>30</arg>
  <severity>INFO</severity>
  <timestamp>Sun Jan 16 13:03:16 2022</timestamp>
</msg>
<msg id="85" tool="tc">
  <type>UNLOAD_MODULE</type>
  <arg>c:\windows\system32\msvcp140d.dll</arg>
  <arg>31</arg>
  <severity>INFO</severity>
  <timestamp>Sun Jan 16 13:03:16 2022</timestamp>
</msg>
<msg id="86" tool="tc">
  <type>UNLOAD_MODULE</type>
  <arg>c:\windows\system32\ucrtbased.dll</arg>
  <arg>32</arg>
  <severity>INFO</severity>
  <timestamp>Sun Jan 16 13:03:16 2022</timestamp>
</msg>
<msg id="87" tool="tc">
  <type>UNLOAD_MODULE</type>
  <arg>c:\windows\system32\shcore.dll</arg>
  <arg>33</arg>
  <severity>INFO</severity>
  <timestamp>Sun Jan 16 13:03:16 2022</timestamp>
</msg>
<msg id="88" tool="tc">
  <type>UNLOAD_MODULE</type>
  <arg>c:\windows\system32\uxtheme.dll</arg>
  <arg>34</arg>
  <severity>INFO</severity>
  <timestamp>Sun Jan 16 13:03:16 2022</timestamp>
</msg>
<msg id="89" tool="tc">
  <type>UNLOAD_MODULE</type>
  <arg>c:\windows\system32\mscms.dll</arg>
  <arg>35</arg>
  <severity>INFO</severity>
  <timestamp>Sun Jan 16 13:03:16 2022</timestamp>
</msg>
<msg id="90" tool="tc">
  <type>UNLOAD_MODULE</type>
  <arg>c:\windows\system32\userenv.dll</arg>
  <arg>36</arg>
  <severity>INFO</severity>
  <timestamp>Sun Jan 16 13:03:16 2022</timestamp>
</msg>
<msg id="91" tool="tc">
  <type>UNLOAD_MODULE</type>
  <arg>c:\windows\system32\coloradapterclient.dll</arg>
  <arg>37</arg>
  <severity>INFO</severity>
  <timestamp>Sun Jan 16 13:03:16 2022</timestamp>
</msg>
<msg id="92" tool="tc">
  <type>UNLOAD_MODULE</type>
  <arg>c:\windows\system32\icm32.dll</arg>
  <arg>38</arg>
  <severity>INFO</severity>
  <timestamp>Sun Jan 16 13:03:16 2022</timestamp>
</msg>
<msg id="93" tool="tc">
  <type>UNLOAD_MODULE</type>
  <arg>c:\windows\system32\msctf.dll</arg>
  <arg>39</arg>
  <severity>INFO</severity>
  <timestamp>Sun Jan 16 13:03:16 2022</timestamp>
</msg>
<msg id="94" tool="tc">
  <type>UNLOAD_MODULE</type>
  <arg>d:\youdaodict\8.10.3.0\wordstrokehelper64.dll</arg>
  <arg>40</arg>
  <severity>INFO</severity>
  <timestamp>Sun Jan 16 13:03:16 2022</timestamp>
</msg>
<msg id="95" tool="tc">
  <type>UNLOAD_MODULE</type>
  <arg>c:\windows\system32\kernel.appcore.dll</arg>
  <arg>41</arg>
  <severity>INFO</severity>
  <timestamp>Sun Jan 16 13:03:16 2022</timestamp>
</msg>
<msg id="96" tool="tc">
  <type>UNLOAD_MODULE</type>
  <arg>c:\windows\system32\bcryptprimitives.dll</arg>
  <arg>42</arg>
  <severity>INFO</severity>
  <timestamp>Sun Jan 16 13:03:16 2022</timestamp>
</msg>
<msg id="97" tool="tc">
  <type>UNLOAD_MODULE</type>
  <arg>c:\windows\system32\clbcatq.dll</arg>
  <arg>43</arg>
  <severity>INFO</severity>
  <timestamp>Sun Jan 16 13:03:16 2022</timestamp>
</msg>
<msg id="98" tool="tc">
  <type>UNLOAD_MODULE</type>
  <arg>c:\windows\system32\textinputframework.dll</arg>
  <arg>44</arg>
  <severity>INFO</severity>
  <timestamp>Sun Jan 16 13:03:16 2022</timestamp>
</msg>
<msg id="99" tool="tc">
  <type>UNLOAD_MODULE</type>
  <arg>c:\windows\system32\coreuicomponents.dll</arg>
  <arg>45</arg>
  <severity>INFO</severity>
  <timestamp>Sun Jan 16 13:03:16 2022</timestamp>
</msg>
<msg id="100" tool="tc">
  <type>UNLOAD_MODULE</type>
  <arg>c:\windows\system32\coremessaging.dll</arg>
  <arg>46</arg>
  <severity>INFO</severity>
  <timestamp>Sun Jan 16 13:03:16 2022</timestamp>
</msg>
<msg id="101" tool="tc">
  <type>UNLOAD_MODULE</type>
  <arg>c:\windows\system32\ws2_32.dll</arg>
  <arg>47</arg>
  <severity>INFO</severity>
  <timestamp>Sun Jan 16 13:03:16 2022</timestamp>
</msg>
<msg id="102" tool="tc">
  <type>UNLOAD_MODULE</type>
  <arg>c:\windows\system32\ntmarta.dll</arg>
  <arg>48</arg>
  <severity>INFO</severity>
  <timestamp>Sun Jan 16 13:03:16 2022</timestamp>
</msg>
<msg id="103" tool="tc">
  <type>UNLOAD_MODULE</type>
  <arg>c:\windows\system32\wintypes.dll</arg>
  <arg>49</arg>
  <severity>INFO</severity>
  <timestamp>Sun Jan 16 13:03:16 2022</timestamp>
</msg>
<msg id="104" tool="tc">
  <type>PROCESS_TERMINATE</type>
  <arg>d:\ue4sourcecode\softrasterizer\x64\release\softrasterizer.exe</arg>
  <arg>24080</arg>
  <severity>INFO</severity>
  <timestamp>Sun Jan 16 13:03:16 2022</timestamp>
</msg>
<msg id="105" tool="tc">
  <type>NO_ANNOTATIONS</type>
  <severity>WARNING</severity>
  <timestamp>Sun Jan 16 13:03:16 2022</timestamp>
</msg>
<msg id="106" tool="tc">
  <type>ANALYSIS_COMPLETE</type>
  <severity>INFO</severity>
  <timestamp>Sun Jan 16 13:03:16 2022</timestamp>
</msg>
<msg id="107" tool="tc">
  <type>STOP</type>
  <severity>INFO</severity>
  <timestamp>Sun Jan 16 13:03:16 2022</timestamp>
</msg>
<msg id="108" tool="runtool">
  <type>app-exit-code</type>
  <arg>0</arg>
</msg>
<msg id="109" tool="runtool">
  <type>marker-file</type>
  <arg>D:\UE4SourceCode\SoftRasterizer\My Advisor Results - SoftRasterizer\e000\mp002\mp002.advixe</arg>
</msg>
<msg id="110" tool="runtool">
  <type>collector-done</type>
</msg>
<msg id="111" tool="runtool">
  <type>log-end</type>
  <arg>2022/01/16 13:03:20</arg>
</msg>

</log>

