<?xml version="1.0" encoding="utf-8" ?>
<!-- DO NOT EDIT THIS FILE -->

<log version='2.0' source='tcet'>
	<!-- Opened annotation file C:\Program Files (x86)\Intel\oneAPI\advisor\2022.0.0\bin64\..\config\tc\map.ant -->
	<!-- Opened annotation file C:\Program Files (x86)\Intel\oneAPI\advisor\2022.0.0\bin64\..\config\tc\allocators.ant -->
	<msg id='1' display='false' source='map'>
		<type>START</type>
		<severity>INFO</severity>
		<timestamp>Sun Jan 16 13:01:58 2022</timestamp>
	</msg>
	<!-- Successfully loaded CCRT 13.11.4 at address 0x65c50000 - 0x65c80000 -->
	<!-- Successfully loaded the TC Analysis Core 8.19.6 at address 0x7ffe2f940000 - 0x7ffe2f963000 -->
	<!-- Successfully loaded the TC Instrumentation Engine 8.19.6 at address 0x65c90000 - 0x65efc000 -->
	<!-- Environment: INTEL_LIBITTNOTIFY32=C:\Program Files (x86)\Intel\oneAPI\advisor\2022.0.0\bin32\runtime\libittnotify.dll -->
	<!-- Environment: INTEL_LIBITTNOTIFY64=C:\Program Files (x86)\Intel\oneAPI\advisor\2022.0.0\bin64\runtime\libittnotify.dll -->
	<!-- Environment: INTEL_JIT_PROFILER32=C:\Program Files (x86)\Intel\oneAPI\advisor\2022.0.0\bin32\pinjitprofiling.dll -->
	<!-- Environment: INTEL_JIT_PROFILER64=C:\Program Files (x86)\Intel\oneAPI\advisor\2022.0.0\bin64\pinjitprofiling.dll -->
	<!-- This is the instance of interest -->
	<msg id='2' source='tcet'>
		<type>EXEC_OF_INTEREST</type>
		<severity>INFO</severity>
		<timestamp>Sun Jan 16 13:01:58 2022</timestamp>
		<arg name='process'>d:\ue4sourcecode\softrasterizer\x64\release\softrasterizer.exe</arg>
		<arg name='pid'>24080</arg>
	</msg>
	<msg id='3' source='tcet'>
		<type>LOAD_MODULE</type>
		<severity>INFO</severity>
		<timestamp>Sun Jan 16 13:01:58 2022</timestamp>
		<arg name='module'>d:\ue4sourcecode\softrasterizer\x64\release\softrasterizer.exe</arg>
		<arg name='basement'>0x7ff7975a0000</arg>
		<arg name='ceiling'>0x7ff7975c7fff</arg>
		<arg name='id'>1</arg>
	</msg>
	<msg id='4' source='tcet'>
		<type>LOAD_MODULE</type>
		<severity>INFO</severity>
		<timestamp>Sun Jan 16 13:01:58 2022</timestamp>
		<arg name='module'>c:\windows\system32\kernelbase.dll</arg>
		<arg name='basement'>0x7ffe3f2c0000</arg>
		<arg name='ceiling'>0x7ffe3f587fff</arg>
		<arg name='id'>2</arg>
	</msg>
	<msg id='5' source='tcet'>
		<type>LOAD_MODULE</type>
		<severity>INFO</severity>
		<timestamp>Sun Jan 16 13:01:58 2022</timestamp>
		<arg name='module'>c:\windows\system32\kernel32.dll</arg>
		<arg name='basement'>0x7ffe3fc90000</arg>
		<arg name='ceiling'>0x7ffe3fd4dfff</arg>
		<arg name='id'>3</arg>
	</msg>
	<msg id='6' source='tcet'>
		<type>LOAD_MODULE</type>
		<severity>INFO</severity>
		<timestamp>Sun Jan 16 13:01:58 2022</timestamp>
		<arg name='module'>c:\windows\system32\ntdll.dll</arg>
		<arg name='basement'>0x7ffe419f0000</arg>
		<arg name='ceiling'>0x7ffe41be4fff</arg>
		<arg name='id'>4</arg>
	</msg>
	<msg id='7' source='tcet'>
		<type>LOAD_MODULE</type>
		<severity>INFO</severity>
		<timestamp>Sun Jan 16 13:02:00 2022</timestamp>
		<arg name='module'>c:\windows\system32\ucrtbase.dll</arg>
		<arg name='basement'>0x7ffe3f930000</arg>
		<arg name='ceiling'>0x7ffe3fa2ffff</arg>
		<arg name='id'>5</arg>
	</msg>
	<msg id='8' source='tcet'>
		<type>LOAD_MODULE</type>
		<severity>INFO</severity>
		<timestamp>Sun Jan 16 13:02:00 2022</timestamp>
		<arg name='module'>c:\windows\system32\shell32.dll</arg>
		<arg name='basement'>0x7ffe40b00000</arg>
		<arg name='ceiling'>0x7ffe41243fff</arg>
		<arg name='id'>6</arg>
	</msg>
	<msg id='9' source='tcet'>
		<type>LOAD_MODULE</type>
		<severity>INFO</severity>
		<timestamp>Sun Jan 16 13:02:00 2022</timestamp>
		<arg name='module'>c:\windows\system32\msvcp_win.dll</arg>
		<arg name='basement'>0x7ffe3f590000</arg>
		<arg name='ceiling'>0x7ffe3f62cfff</arg>
		<arg name='id'>7</arg>
	</msg>
	<msg id='10' source='tcet'>
		<type>LOAD_MODULE</type>
		<severity>INFO</severity>
		<timestamp>Sun Jan 16 13:02:00 2022</timestamp>
		<arg name='module'>c:\windows\system32\msvcp140.dll</arg>
		<arg name='basement'>0x7ffe27640000</arg>
		<arg name='ceiling'>0x7ffe276ccfff</arg>
		<arg name='id'>8</arg>
	</msg>
	<msg id='11' source='tcet'>
		<type>LOAD_MODULE</type>
		<severity>INFO</severity>
		<timestamp>Sun Jan 16 13:02:02 2022</timestamp>
		<arg name='module'>d:\ue4sourcecode\softrasterizer\assimp-vc142-mtd.dll</arg>
		<arg name='basement'>0x7ffdb4c10000</arg>
		<arg name='ceiling'>0x7ffdb59d6fff</arg>
		<arg name='id'>9</arg>
	</msg>
	<msg id='12' source='tcet'>
		<type>LOAD_MODULE</type>
		<severity>INFO</severity>
		<timestamp>Sun Jan 16 13:02:06 2022</timestamp>
		<arg name='module'>d:\ue4sourcecode\softrasterizer\sdl2.dll</arg>
		<arg name='basement'>0x7ffdb49e0000</arg>
		<arg name='ceiling'>0x7ffdb4c08fff</arg>
		<arg name='id'>10</arg>
	</msg>
	<msg id='13' source='tcet'>
		<type>LOAD_MODULE</type>
		<severity>INFO</severity>
		<timestamp>Sun Jan 16 13:02:06 2022</timestamp>
		<arg name='module'>c:\windows\system32\user32.dll</arg>
		<arg name='basement'>0x7ffe405b0000</arg>
		<arg name='ceiling'>0x7ffe40750fff</arg>
		<arg name='id'>11</arg>
	</msg>
	<msg id='14' source='tcet'>
		<type>LOAD_MODULE</type>
		<severity>INFO</severity>
		<timestamp>Sun Jan 16 13:02:07 2022</timestamp>
		<arg name='module'>c:\windows\system32\advapi32.dll</arg>
		<arg name='basement'>0x7ffe41250000</arg>
		<arg name='ceiling'>0x7ffe412fbfff</arg>
		<arg name='id'>12</arg>
	</msg>
	<msg id='15' source='tcet'>
		<type>LOAD_MODULE</type>
		<severity>INFO</severity>
		<timestamp>Sun Jan 16 13:02:07 2022</timestamp>
		<arg name='module'>c:\windows\system32\win32u.dll</arg>
		<arg name='basement'>0x7ffe3f190000</arg>
		<arg name='ceiling'>0x7ffe3f1b1fff</arg>
		<arg name='id'>13</arg>
	</msg>
	<msg id='16' source='tcet'>
		<type>LOAD_MODULE</type>
		<severity>INFO</severity>
		<timestamp>Sun Jan 16 13:02:07 2022</timestamp>
		<arg name='module'>c:\windows\system32\msvcrt.dll</arg>
		<arg name='basement'>0x7ffe40900000</arg>
		<arg name='ceiling'>0x7ffe4099dfff</arg>
		<arg name='id'>14</arg>
	</msg>
	<msg id='17' source='tcet'>
		<type>LOAD_MODULE</type>
		<severity>INFO</severity>
		<timestamp>Sun Jan 16 13:02:07 2022</timestamp>
		<arg name='module'>c:\windows\system32\gdi32.dll</arg>
		<arg name='basement'>0x7ffe3fee0000</arg>
		<arg name='ceiling'>0x7ffe3ff0afff</arg>
		<arg name='id'>15</arg>
	</msg>
	<msg id='18' source='tcet'>
		<type>LOAD_MODULE</type>
		<severity>INFO</severity>
		<timestamp>Sun Jan 16 13:02:07 2022</timestamp>
		<arg name='module'>c:\windows\system32\sechost.dll</arg>
		<arg name='basement'>0x7ffe3fe40000</arg>
		<arg name='ceiling'>0x7ffe3fedafff</arg>
		<arg name='id'>16</arg>
	</msg>
	<msg id='19' source='tcet'>
		<type>LOAD_MODULE</type>
		<severity>INFO</severity>
		<timestamp>Sun Jan 16 13:02:07 2022</timestamp>
		<arg name='module'>c:\windows\system32\vcruntime140.dll</arg>
		<arg name='basement'>0x7ffe27620000</arg>
		<arg name='ceiling'>0x7ffe2763afff</arg>
		<arg name='id'>17</arg>
	</msg>
	<msg id='20' source='tcet'>
		<type>LOAD_MODULE</type>
		<severity>INFO</severity>
		<timestamp>Sun Jan 16 13:02:07 2022</timestamp>
		<arg name='module'>c:\windows\system32\rpcrt4.dll</arg>
		<arg name='basement'>0x7ffe41300000</arg>
		<arg name='ceiling'>0x7ffe41429fff</arg>
		<arg name='id'>18</arg>
	</msg>
	<msg id='21' source='tcet'>
		<type>LOAD_MODULE</type>
		<severity>INFO</severity>
		<timestamp>Sun Jan 16 13:02:07 2022</timestamp>
		<arg name='module'>c:\windows\system32\gdi32full.dll</arg>
		<arg name='basement'>0x7ffe3f820000</arg>
		<arg name='ceiling'>0x7ffe3f92cfff</arg>
		<arg name='id'>19</arg>
	</msg>
	<msg id='22' source='tcet'>
		<type>LOAD_MODULE</type>
		<severity>INFO</severity>
		<timestamp>Sun Jan 16 13:02:07 2022</timestamp>
		<arg name='module'>c:\windows\system32\imm32.dll</arg>
		<arg name='basement'>0x7ffe3fc60000</arg>
		<arg name='ceiling'>0x7ffe3fc8ffff</arg>
		<arg name='id'>20</arg>
	</msg>
	<msg id='23' source='tcet'>
		<type>LOAD_MODULE</type>
		<severity>INFO</severity>
		<timestamp>Sun Jan 16 13:02:07 2022</timestamp>
		<arg name='module'>c:\windows\system32\ole32.dll</arg>
		<arg name='basement'>0x7ffe407c0000</arg>
		<arg name='ceiling'>0x7ffe408e9fff</arg>
		<arg name='id'>21</arg>
	</msg>
	<msg id='24' source='tcet'>
		<type>LOAD_MODULE</type>
		<severity>INFO</severity>
		<timestamp>Sun Jan 16 13:02:07 2022</timestamp>
		<arg name='module'>c:\windows\system32\combase.dll</arg>
		<arg name='basement'>0x7ffe41640000</arg>
		<arg name='ceiling'>0x7ffe41994fff</arg>
		<arg name='id'>22</arg>
	</msg>
	<msg id='25' source='tcet'>
		<type>LOAD_MODULE</type>
		<severity>INFO</severity>
		<timestamp>Sun Jan 16 13:02:07 2022</timestamp>
		<arg name='module'>c:\windows\system32\oleaut32.dll</arg>
		<arg name='basement'>0x7ffe41570000</arg>
		<arg name='ceiling'>0x7ffe4163cfff</arg>
		<arg name='id'>23</arg>
	</msg>
	<msg id='26' source='tcet'>
		<type>LOAD_MODULE</type>
		<severity>INFO</severity>
		<timestamp>Sun Jan 16 13:02:07 2022</timestamp>
		<arg name='module'>c:\windows\system32\vcruntime140_1.dll</arg>
		<arg name='basement'>0x7ffe27610000</arg>
		<arg name='ceiling'>0x7ffe2761bfff</arg>
		<arg name='id'>24</arg>
	</msg>
	<msg id='27' source='tcet'>
		<type>LOAD_MODULE</type>
		<severity>INFO</severity>
		<timestamp>Sun Jan 16 13:02:07 2022</timestamp>
		<arg name='module'>c:\windows\system32\setupapi.dll</arg>
		<arg name='basement'>0x7ffe40010000</arg>
		<arg name='ceiling'>0x7ffe40481fff</arg>
		<arg name='id'>25</arg>
	</msg>
	<msg id='28' source='tcet'>
		<type>LOAD_MODULE</type>
		<severity>INFO</severity>
		<timestamp>Sun Jan 16 13:02:08 2022</timestamp>
		<arg name='module'>c:\windows\system32\cfgmgr32.dll</arg>
		<arg name='basement'>0x7ffe3f270000</arg>
		<arg name='ceiling'>0x7ffe3f2bdfff</arg>
		<arg name='id'>26</arg>
	</msg>
	<msg id='29' source='tcet'>
		<type>LOAD_MODULE</type>
		<severity>INFO</severity>
		<timestamp>Sun Jan 16 13:02:08 2022</timestamp>
		<arg name='module'>c:\windows\system32\bcrypt.dll</arg>
		<arg name='basement'>0x7ffe3f630000</arg>
		<arg name='ceiling'>0x7ffe3f656fff</arg>
		<arg name='id'>27</arg>
	</msg>
	<msg id='30' source='tcet'>
		<type>LOAD_MODULE</type>
		<severity>INFO</severity>
		<timestamp>Sun Jan 16 13:02:08 2022</timestamp>
		<arg name='module'>c:\windows\system32\version.dll</arg>
		<arg name='basement'>0x7ffe38d90000</arg>
		<arg name='ceiling'>0x7ffe38d99fff</arg>
		<arg name='id'>28</arg>
	</msg>
	<msg id='31' source='tcet'>
		<type>LOAD_MODULE</type>
		<severity>INFO</severity>
		<timestamp>Sun Jan 16 13:02:08 2022</timestamp>
		<arg name='module'>c:\windows\system32\winmm.dll</arg>
		<arg name='basement'>0x7ffe34430000</arg>
		<arg name='ceiling'>0x7ffe34456fff</arg>
		<arg name='id'>29</arg>
	</msg>
	<msg id='32' source='tcet'>
		<type>LOAD_MODULE</type>
		<severity>INFO</severity>
		<timestamp>Sun Jan 16 13:02:08 2022</timestamp>
		<arg name='module'>c:\windows\system32\vcruntime140d.dll</arg>
		<arg name='basement'>0x7ffe33da0000</arg>
		<arg name='ceiling'>0x7ffe33dc3fff</arg>
		<arg name='id'>30</arg>
	</msg>
	<msg id='33' source='tcet'>
		<type>LOAD_MODULE</type>
		<severity>INFO</severity>
		<timestamp>Sun Jan 16 13:02:08 2022</timestamp>
		<arg name='module'>c:\windows\system32\msvcp140d.dll</arg>
		<arg name='basement'>0x7ffdb48e0000</arg>
		<arg name='ceiling'>0x7ffdb49d5fff</arg>
		<arg name='id'>31</arg>
	</msg>
	<msg id='34' source='tcet'>
		<type>LOAD_MODULE</type>
		<severity>INFO</severity>
		<timestamp>Sun Jan 16 13:02:08 2022</timestamp>
		<arg name='module'>c:\windows\system32\ucrtbased.dll</arg>
		<arg name='basement'>0x7ffdb4710000</arg>
		<arg name='ceiling'>0x7ffdb48d2fff</arg>
		<arg name='id'>32</arg>
	</msg>
	<msg id='35' source='tcet'>
		<type>LOAD_MODULE</type>
		<severity>INFO</severity>
		<timestamp>Sun Jan 16 13:02:14 2022</timestamp>
		<arg name='module'>c:\windows\system32\shcore.dll</arg>
		<arg name='basement'>0x7ffe40a50000</arg>
		<arg name='ceiling'>0x7ffe40afcfff</arg>
		<arg name='id'>33</arg>
	</msg>
	<msg id='36' source='tcet'>
		<type>LOAD_MODULE</type>
		<severity>INFO</severity>
		<timestamp>Sun Jan 16 13:02:15 2022</timestamp>
		<arg name='module'>c:\windows\system32\uxtheme.dll</arg>
		<arg name='basement'>0x7ffe3cb30000</arg>
		<arg name='ceiling'>0x7ffe3cbcdfff</arg>
		<arg name='id'>34</arg>
	</msg>
	<msg id='37' source='tcet'>
		<type>LOAD_MODULE</type>
		<severity>INFO</severity>
		<timestamp>Sun Jan 16 13:02:15 2022</timestamp>
		<arg name='module'>c:\windows\system32\mscms.dll</arg>
		<arg name='basement'>0x7ffe38e00000</arg>
		<arg name='ceiling'>0x7ffe38eadfff</arg>
		<arg name='id'>35</arg>
	</msg>
	<msg id='38' source='tcet'>
		<type>LOAD_MODULE</type>
		<severity>INFO</severity>
		<timestamp>Sun Jan 16 13:02:15 2022</timestamp>
		<arg name='module'>c:\windows\system32\userenv.dll</arg>
		<arg name='basement'>0x7ffe3f000000</arg>
		<arg name='ceiling'>0x7ffe3f02dfff</arg>
		<arg name='id'>36</arg>
	</msg>
	<msg id='39' source='tcet'>
		<type>LOAD_MODULE</type>
		<severity>INFO</severity>
		<timestamp>Sun Jan 16 13:02:15 2022</timestamp>
		<arg name='module'>c:\windows\system32\coloradapterclient.dll</arg>
		<arg name='basement'>0x7ffe38de0000</arg>
		<arg name='ceiling'>0x7ffe38df0fff</arg>
		<arg name='id'>37</arg>
	</msg>
	<msg id='40' source='tcet'>
		<type>LOAD_MODULE</type>
		<severity>INFO</severity>
		<timestamp>Sun Jan 16 13:02:16 2022</timestamp>
		<arg name='module'>c:\windows\system32\icm32.dll</arg>
		<arg name='basement'>0x7ffe16520000</arg>
		<arg name='ceiling'>0x7ffe16562fff</arg>
		<arg name='id'>38</arg>
	</msg>
	<msg id='41' source='tcet'>
		<type>LOAD_MODULE</type>
		<severity>INFO</severity>
		<timestamp>Sun Jan 16 13:02:16 2022</timestamp>
		<arg name='module'>c:\windows\system32\msctf.dll</arg>
		<arg name='basement'>0x7ffe40490000</arg>
		<arg name='ceiling'>0x7ffe405a4fff</arg>
		<arg name='id'>39</arg>
	</msg>
	<msg id='42' source='tcet'>
		<type>LOAD_MODULE</type>
		<severity>INFO</severity>
		<timestamp>Sun Jan 16 13:02:17 2022</timestamp>
		<arg name='module'>d:\youdaodict\8.10.3.0\wordstrokehelper64.dll</arg>
		<arg name='basement'>0x7ffe3ab20000</arg>
		<arg name='ceiling'>0x7ffe3ab44fff</arg>
		<arg name='id'>40</arg>
	</msg>
	<msg id='43' source='tcet'>
		<type>LOAD_MODULE</type>
		<severity>INFO</severity>
		<timestamp>Sun Jan 16 13:02:19 2022</timestamp>
		<arg name='module'>c:\windows\system32\kernel.appcore.dll</arg>
		<arg name='basement'>0x7ffe3d010000</arg>
		<arg name='ceiling'>0x7ffe3d021fff</arg>
		<arg name='id'>41</arg>
	</msg>
	<msg id='44' source='tcet'>
		<type>LOAD_MODULE</type>
		<severity>INFO</severity>
		<timestamp>Sun Jan 16 13:02:19 2022</timestamp>
		<arg name='module'>c:\windows\system32\bcryptprimitives.dll</arg>
		<arg name='basement'>0x7ffe3f100000</arg>
		<arg name='ceiling'>0x7ffe3f181fff</arg>
		<arg name='id'>42</arg>
	</msg>
	<msg id='45' source='tcet'>
		<type>LOAD_MODULE</type>
		<severity>INFO</severity>
		<timestamp>Sun Jan 16 13:02:19 2022</timestamp>
		<arg name='module'>c:\windows\system32\clbcatq.dll</arg>
		<arg name='basement'>0x7ffe409a0000</arg>
		<arg name='ceiling'>0x7ffe40a48fff</arg>
		<arg name='id'>43</arg>
	</msg>
	<msg id='46' source='tcet'>
		<type>LOAD_MODULE</type>
		<severity>INFO</severity>
		<timestamp>Sun Jan 16 13:02:22 2022</timestamp>
		<arg name='module'>c:\windows\system32\textinputframework.dll</arg>
		<arg name='basement'>0x7ffe2fca0000</arg>
		<arg name='ceiling'>0x7ffe2fd98fff</arg>
		<arg name='id'>44</arg>
	</msg>
	<msg id='47' source='tcet'>
		<type>LOAD_MODULE</type>
		<severity>INFO</severity>
		<timestamp>Sun Jan 16 13:02:22 2022</timestamp>
		<arg name='module'>c:\windows\system32\coreuicomponents.dll</arg>
		<arg name='basement'>0x7ffe3c3b0000</arg>
		<arg name='ceiling'>0x7ffe3c70dfff</arg>
		<arg name='id'>45</arg>
	</msg>
	<msg id='48' source='tcet'>
		<type>LOAD_MODULE</type>
		<severity>INFO</severity>
		<timestamp>Sun Jan 16 13:02:22 2022</timestamp>
		<arg name='module'>c:\windows\system32\coremessaging.dll</arg>
		<arg name='basement'>0x7ffe3c710000</arg>
		<arg name='ceiling'>0x7ffe3c801fff</arg>
		<arg name='id'>46</arg>
	</msg>
	<msg id='49' source='tcet'>
		<type>LOAD_MODULE</type>
		<severity>INFO</severity>
		<timestamp>Sun Jan 16 13:02:22 2022</timestamp>
		<arg name='module'>c:\windows\system32\ws2_32.dll</arg>
		<arg name='basement'>0x7ffe3ff10000</arg>
		<arg name='ceiling'>0x7ffe3ff7afff</arg>
		<arg name='id'>47</arg>
	</msg>
	<msg id='50' source='tcet'>
		<type>LOAD_MODULE</type>
		<severity>INFO</severity>
		<timestamp>Sun Jan 16 13:02:22 2022</timestamp>
		<arg name='module'>c:\windows\system32\ntmarta.dll</arg>
		<arg name='basement'>0x7ffe3ddf0000</arg>
		<arg name='ceiling'>0x7ffe3de22fff</arg>
		<arg name='id'>48</arg>
	</msg>
	<msg id='51' source='tcet'>
		<type>LOAD_MODULE</type>
		<severity>INFO</severity>
		<timestamp>Sun Jan 16 13:02:22 2022</timestamp>
		<arg name='module'>c:\windows\system32\wintypes.dll</arg>
		<arg name='basement'>0x7ffe3b050000</arg>
		<arg name='ceiling'>0x7ffe3b1a3fff</arg>
		<arg name='id'>49</arg>
	</msg>
	<!-- A thread end notification for 5 was received by thread 0 -->
	<!-- A thread end notification for 6 was received by thread 0 -->
	<!-- A thread end notification for 7 was received by thread 0 -->
	<!-- A thread end notification for 8 was received by thread 0 -->
	<msg id='52' source='tcet'>
		<type>UNLOAD_MODULE</type>
		<severity>INFO</severity>
		<timestamp>Sun Jan 16 13:03:16 2022</timestamp>
		<arg name='module'>d:\ue4sourcecode\softrasterizer\x64\release\softrasterizer.exe</arg>
		<arg name='id'>1</arg>
	</msg>
	<msg id='53' source='tcet'>
		<type>UNLOAD_MODULE</type>
		<severity>INFO</severity>
		<timestamp>Sun Jan 16 13:03:16 2022</timestamp>
		<arg name='module'>c:\windows\system32\kernelbase.dll</arg>
		<arg name='id'>2</arg>
	</msg>
	<msg id='54' source='tcet'>
		<type>UNLOAD_MODULE</type>
		<severity>INFO</severity>
		<timestamp>Sun Jan 16 13:03:16 2022</timestamp>
		<arg name='module'>c:\windows\system32\kernel32.dll</arg>
		<arg name='id'>3</arg>
	</msg>
	<msg id='55' source='tcet'>
		<type>UNLOAD_MODULE</type>
		<severity>INFO</severity>
		<timestamp>Sun Jan 16 13:03:16 2022</timestamp>
		<arg name='module'>c:\windows\system32\ntdll.dll</arg>
		<arg name='id'>4</arg>
	</msg>
	<msg id='56' source='tcet'>
		<type>UNLOAD_MODULE</type>
		<severity>INFO</severity>
		<timestamp>Sun Jan 16 13:03:16 2022</timestamp>
		<arg name='module'>c:\windows\system32\ucrtbase.dll</arg>
		<arg name='id'>5</arg>
	</msg>
	<msg id='57' source='tcet'>
		<type>UNLOAD_MODULE</type>
		<severity>INFO</severity>
		<timestamp>Sun Jan 16 13:03:16 2022</timestamp>
		<arg name='module'>c:\windows\system32\shell32.dll</arg>
		<arg name='id'>6</arg>
	</msg>
	<msg id='58' source='tcet'>
		<type>UNLOAD_MODULE</type>
		<severity>INFO</severity>
		<timestamp>Sun Jan 16 13:03:16 2022</timestamp>
		<arg name='module'>c:\windows\system32\msvcp_win.dll</arg>
		<arg name='id'>7</arg>
	</msg>
	<msg id='59' source='tcet'>
		<type>UNLOAD_MODULE</type>
		<severity>INFO</severity>
		<timestamp>Sun Jan 16 13:03:16 2022</timestamp>
		<arg name='module'>c:\windows\system32\msvcp140.dll</arg>
		<arg name='id'>8</arg>
	</msg>
	<msg id='60' source='tcet'>
		<type>UNLOAD_MODULE</type>
		<severity>INFO</severity>
		<timestamp>Sun Jan 16 13:03:16 2022</timestamp>
		<arg name='module'>d:\ue4sourcecode\softrasterizer\assimp-vc142-mtd.dll</arg>
		<arg name='id'>9</arg>
	</msg>
	<msg id='61' source='tcet'>
		<type>UNLOAD_MODULE</type>
		<severity>INFO</severity>
		<timestamp>Sun Jan 16 13:03:16 2022</timestamp>
		<arg name='module'>d:\ue4sourcecode\softrasterizer\sdl2.dll</arg>
		<arg name='id'>10</arg>
	</msg>
	<msg id='62' source='tcet'>
		<type>UNLOAD_MODULE</type>
		<severity>INFO</severity>
		<timestamp>Sun Jan 16 13:03:16 2022</timestamp>
		<arg name='module'>c:\windows\system32\user32.dll</arg>
		<arg name='id'>11</arg>
	</msg>
	<msg id='63' source='tcet'>
		<type>UNLOAD_MODULE</type>
		<severity>INFO</severity>
		<timestamp>Sun Jan 16 13:03:16 2022</timestamp>
		<arg name='module'>c:\windows\system32\advapi32.dll</arg>
		<arg name='id'>12</arg>
	</msg>
	<msg id='64' source='tcet'>
		<type>UNLOAD_MODULE</type>
		<severity>INFO</severity>
		<timestamp>Sun Jan 16 13:03:16 2022</timestamp>
		<arg name='module'>c:\windows\system32\win32u.dll</arg>
		<arg name='id'>13</arg>
	</msg>
	<msg id='65' source='tcet'>
		<type>UNLOAD_MODULE</type>
		<severity>INFO</severity>
		<timestamp>Sun Jan 16 13:03:16 2022</timestamp>
		<arg name='module'>c:\windows\system32\msvcrt.dll</arg>
		<arg name='id'>14</arg>
	</msg>
	<msg id='66' source='tcet'>
		<type>UNLOAD_MODULE</type>
		<severity>INFO</severity>
		<timestamp>Sun Jan 16 13:03:16 2022</timestamp>
		<arg name='module'>c:\windows\system32\gdi32.dll</arg>
		<arg name='id'>15</arg>
	</msg>
	<msg id='67' source='tcet'>
		<type>UNLOAD_MODULE</type>
		<severity>INFO</severity>
		<timestamp>Sun Jan 16 13:03:16 2022</timestamp>
		<arg name='module'>c:\windows\system32\sechost.dll</arg>
		<arg name='id'>16</arg>
	</msg>
	<msg id='68' source='tcet'>
		<type>UNLOAD_MODULE</type>
		<severity>INFO</severity>
		<timestamp>Sun Jan 16 13:03:16 2022</timestamp>
		<arg name='module'>c:\windows\system32\vcruntime140.dll</arg>
		<arg name='id'>17</arg>
	</msg>
	<msg id='69' source='tcet'>
		<type>UNLOAD_MODULE</type>
		<severity>INFO</severity>
		<timestamp>Sun Jan 16 13:03:16 2022</timestamp>
		<arg name='module'>c:\windows\system32\rpcrt4.dll</arg>
		<arg name='id'>18</arg>
	</msg>
	<msg id='70' source='tcet'>
		<type>UNLOAD_MODULE</type>
		<severity>INFO</severity>
		<timestamp>Sun Jan 16 13:03:16 2022</timestamp>
		<arg name='module'>c:\windows\system32\gdi32full.dll</arg>
		<arg name='id'>19</arg>
	</msg>
	<msg id='71' source='tcet'>
		<type>UNLOAD_MODULE</type>
		<severity>INFO</severity>
		<timestamp>Sun Jan 16 13:03:16 2022</timestamp>
		<arg name='module'>c:\windows\system32\imm32.dll</arg>
		<arg name='id'>20</arg>
	</msg>
	<msg id='72' source='tcet'>
		<type>UNLOAD_MODULE</type>
		<severity>INFO</severity>
		<timestamp>Sun Jan 16 13:03:16 2022</timestamp>
		<arg name='module'>c:\windows\system32\ole32.dll</arg>
		<arg name='id'>21</arg>
	</msg>
	<msg id='73' source='tcet'>
		<type>UNLOAD_MODULE</type>
		<severity>INFO</severity>
		<timestamp>Sun Jan 16 13:03:16 2022</timestamp>
		<arg name='module'>c:\windows\system32\combase.dll</arg>
		<arg name='id'>22</arg>
	</msg>
	<msg id='74' source='tcet'>
		<type>UNLOAD_MODULE</type>
		<severity>INFO</severity>
		<timestamp>Sun Jan 16 13:03:16 2022</timestamp>
		<arg name='module'>c:\windows\system32\oleaut32.dll</arg>
		<arg name='id'>23</arg>
	</msg>
	<msg id='75' source='tcet'>
		<type>UNLOAD_MODULE</type>
		<severity>INFO</severity>
		<timestamp>Sun Jan 16 13:03:16 2022</timestamp>
		<arg name='module'>c:\windows\system32\vcruntime140_1.dll</arg>
		<arg name='id'>24</arg>
	</msg>
	<msg id='76' source='tcet'>
		<type>UNLOAD_MODULE</type>
		<severity>INFO</severity>
		<timestamp>Sun Jan 16 13:03:16 2022</timestamp>
		<arg name='module'>c:\windows\system32\setupapi.dll</arg>
		<arg name='id'>25</arg>
	</msg>
	<msg id='77' source='tcet'>
		<type>UNLOAD_MODULE</type>
		<severity>INFO</severity>
		<timestamp>Sun Jan 16 13:03:16 2022</timestamp>
		<arg name='module'>c:\windows\system32\cfgmgr32.dll</arg>
		<arg name='id'>26</arg>
	</msg>
	<msg id='78' source='tcet'>
		<type>UNLOAD_MODULE</type>
		<severity>INFO</severity>
		<timestamp>Sun Jan 16 13:03:16 2022</timestamp>
		<arg name='module'>c:\windows\system32\bcrypt.dll</arg>
		<arg name='id'>27</arg>
	</msg>
	<msg id='79' source='tcet'>
		<type>UNLOAD_MODULE</type>
		<severity>INFO</severity>
		<timestamp>Sun Jan 16 13:03:16 2022</timestamp>
		<arg name='module'>c:\windows\system32\version.dll</arg>
		<arg name='id'>28</arg>
	</msg>
	<msg id='80' source='tcet'>
		<type>UNLOAD_MODULE</type>
		<severity>INFO</severity>
		<timestamp>Sun Jan 16 13:03:16 2022</timestamp>
		<arg name='module'>c:\windows\system32\winmm.dll</arg>
		<arg name='id'>29</arg>
	</msg>
	<msg id='81' source='tcet'>
		<type>UNLOAD_MODULE</type>
		<severity>INFO</severity>
		<timestamp>Sun Jan 16 13:03:16 2022</timestamp>
		<arg name='module'>c:\windows\system32\vcruntime140d.dll</arg>
		<arg name='id'>30</arg>
	</msg>
	<msg id='82' source='tcet'>
		<type>UNLOAD_MODULE</type>
		<severity>INFO</severity>
		<timestamp>Sun Jan 16 13:03:16 2022</timestamp>
		<arg name='module'>c:\windows\system32\msvcp140d.dll</arg>
		<arg name='id'>31</arg>
	</msg>
	<msg id='83' source='tcet'>
		<type>UNLOAD_MODULE</type>
		<severity>INFO</severity>
		<timestamp>Sun Jan 16 13:03:16 2022</timestamp>
		<arg name='module'>c:\windows\system32\ucrtbased.dll</arg>
		<arg name='id'>32</arg>
	</msg>
	<msg id='84' source='tcet'>
		<type>UNLOAD_MODULE</type>
		<severity>INFO</severity>
		<timestamp>Sun Jan 16 13:03:16 2022</timestamp>
		<arg name='module'>c:\windows\system32\shcore.dll</arg>
		<arg name='id'>33</arg>
	</msg>
	<msg id='85' source='tcet'>
		<type>UNLOAD_MODULE</type>
		<severity>INFO</severity>
		<timestamp>Sun Jan 16 13:03:16 2022</timestamp>
		<arg name='module'>c:\windows\system32\uxtheme.dll</arg>
		<arg name='id'>34</arg>
	</msg>
	<msg id='86' source='tcet'>
		<type>UNLOAD_MODULE</type>
		<severity>INFO</severity>
		<timestamp>Sun Jan 16 13:03:16 2022</timestamp>
		<arg name='module'>c:\windows\system32\mscms.dll</arg>
		<arg name='id'>35</arg>
	</msg>
	<msg id='87' source='tcet'>
		<type>UNLOAD_MODULE</type>
		<severity>INFO</severity>
		<timestamp>Sun Jan 16 13:03:16 2022</timestamp>
		<arg name='module'>c:\windows\system32\userenv.dll</arg>
		<arg name='id'>36</arg>
	</msg>
	<msg id='88' source='tcet'>
		<type>UNLOAD_MODULE</type>
		<severity>INFO</severity>
		<timestamp>Sun Jan 16 13:03:16 2022</timestamp>
		<arg name='module'>c:\windows\system32\coloradapterclient.dll</arg>
		<arg name='id'>37</arg>
	</msg>
	<msg id='89' source='tcet'>
		<type>UNLOAD_MODULE</type>
		<severity>INFO</severity>
		<timestamp>Sun Jan 16 13:03:16 2022</timestamp>
		<arg name='module'>c:\windows\system32\icm32.dll</arg>
		<arg name='id'>38</arg>
	</msg>
	<msg id='90' source='tcet'>
		<type>UNLOAD_MODULE</type>
		<severity>INFO</severity>
		<timestamp>Sun Jan 16 13:03:16 2022</timestamp>
		<arg name='module'>c:\windows\system32\msctf.dll</arg>
		<arg name='id'>39</arg>
	</msg>
	<msg id='91' source='tcet'>
		<type>UNLOAD_MODULE</type>
		<severity>INFO</severity>
		<timestamp>Sun Jan 16 13:03:16 2022</timestamp>
		<arg name='module'>d:\youdaodict\8.10.3.0\wordstrokehelper64.dll</arg>
		<arg name='id'>40</arg>
	</msg>
	<msg id='92' source='tcet'>
		<type>UNLOAD_MODULE</type>
		<severity>INFO</severity>
		<timestamp>Sun Jan 16 13:03:16 2022</timestamp>
		<arg name='module'>c:\windows\system32\kernel.appcore.dll</arg>
		<arg name='id'>41</arg>
	</msg>
	<msg id='93' source='tcet'>
		<type>UNLOAD_MODULE</type>
		<severity>INFO</severity>
		<timestamp>Sun Jan 16 13:03:16 2022</timestamp>
		<arg name='module'>c:\windows\system32\bcryptprimitives.dll</arg>
		<arg name='id'>42</arg>
	</msg>
	<msg id='94' source='tcet'>
		<type>UNLOAD_MODULE</type>
		<severity>INFO</severity>
		<timestamp>Sun Jan 16 13:03:16 2022</timestamp>
		<arg name='module'>c:\windows\system32\clbcatq.dll</arg>
		<arg name='id'>43</arg>
	</msg>
	<msg id='95' source='tcet'>
		<type>UNLOAD_MODULE</type>
		<severity>INFO</severity>
		<timestamp>Sun Jan 16 13:03:16 2022</timestamp>
		<arg name='module'>c:\windows\system32\textinputframework.dll</arg>
		<arg name='id'>44</arg>
	</msg>
	<msg id='96' source='tcet'>
		<type>UNLOAD_MODULE</type>
		<severity>INFO</severity>
		<timestamp>Sun Jan 16 13:03:16 2022</timestamp>
		<arg name='module'>c:\windows\system32\coreuicomponents.dll</arg>
		<arg name='id'>45</arg>
	</msg>
	<msg id='97' source='tcet'>
		<type>UNLOAD_MODULE</type>
		<severity>INFO</severity>
		<timestamp>Sun Jan 16 13:03:16 2022</timestamp>
		<arg name='module'>c:\windows\system32\coremessaging.dll</arg>
		<arg name='id'>46</arg>
	</msg>
	<msg id='98' source='tcet'>
		<type>UNLOAD_MODULE</type>
		<severity>INFO</severity>
		<timestamp>Sun Jan 16 13:03:16 2022</timestamp>
		<arg name='module'>c:\windows\system32\ws2_32.dll</arg>
		<arg name='id'>47</arg>
	</msg>
	<msg id='99' source='tcet'>
		<type>UNLOAD_MODULE</type>
		<severity>INFO</severity>
		<timestamp>Sun Jan 16 13:03:16 2022</timestamp>
		<arg name='module'>c:\windows\system32\ntmarta.dll</arg>
		<arg name='id'>48</arg>
	</msg>
	<msg id='100' source='tcet'>
		<type>UNLOAD_MODULE</type>
		<severity>INFO</severity>
		<timestamp>Sun Jan 16 13:03:16 2022</timestamp>
		<arg name='module'>c:\windows\system32\wintypes.dll</arg>
		<arg name='id'>49</arg>
	</msg>
	<msg id='101' source='tcet'>
		<type>PROCESS_TERMINATE</type>
		<severity>INFO</severity>
		<timestamp>Sun Jan 16 13:03:16 2022</timestamp>
		<arg name='process'>d:\ue4sourcecode\softrasterizer\x64\release\softrasterizer.exe</arg>
		<arg name='pid'>24080</arg>
	</msg>
	<msg id='102' source='map'>
		<type>NO_ANNOTATIONS</type>
		<severity>WARNING</severity>
		<timestamp>Sun Jan 16 13:03:16 2022</timestamp>
	</msg>
	<msg id='103' display='false' source='map'>
		<type>ANALYSIS_COMPLETE</type>
		<severity>INFO</severity>
		<timestamp>Sun Jan 16 13:03:16 2022</timestamp>
	</msg>
	<msg id='104' display='false' source='map'>
		<type>STOP</type>
		<severity>INFO</severity>
		<timestamp>Sun Jan 16 13:03:16 2022</timestamp>
	</msg>
</log>