54 [28436] INFO perfrun.launcher <> - Launcher main begin
58 [28436] INFO perfrun.launcher <> - MessageCatalogInit finished
58 [28436] INFO perfrun.launcher <> - Launcher instance created
58 [28436] INFO perfrun.launcher <> - argc = 6; cmdline = C:\Program Files (x86)\Intel\oneAPI\advisor\2022.0.0\bin64\advixe-runss.exe --ui-output-format xml --ui-output-fd 8308 --context-value-list 
73 [28436] INFO perfrun.launcher <> - New signal handler callback was added
106 [28436] INFO perfrun.launcher <> - create msngr2::ICliToolContext
107 [28436] INFO perfrun.launcher <> - create file finder object
107 [28436] INFO perfrun.launcher <> - Put into the variant bag the context value: name = targetOS; value = Windows
107 [28436] INFO perfrun.launcher <> - Put into the variant bag the context value: name = OS; value = Windows
107 [28436] INFO perfrun.launcher <> - Put into the variant bag the context value: name = OSBuildNumber; value = 19043
107 [28436] INFO perfrun.launcher <> - Put into the variant bag the context value: name = OSBitness; value = 64
107 [28436] INFO perfrun.launcher <> - Put into the variant bag the context value: name = AdministratorPrivileges; value = false
107 [28436] INFO perfrun.launcher <> - Put into the variant bag the context value: name = isPtraceScopeLimited; value = false
107 [28436] INFO perfrun.launcher <> - Put into the variant bag the context value: name = isCATSupportedByCPU; value = false
107 [28436] INFO perfrun.launcher <> - Put into the variant bag the context value: name = isL3MonitoringSupportedByCPU; value = false
107 [28436] INFO perfrun.launcher <> - Put into the variant bag the context value: name = isTSXAvailable; value = false
107 [28436] INFO perfrun.launcher <> - Put into the variant bag the context value: name = isPTAvailable; value = true
107 [28436] INFO perfrun.launcher <> - Put into the variant bag the context value: name = isHTEnabled; value = true
107 [28436] INFO perfrun.launcher <> - Put into the variant bag the context value: name = fpgaOnBoard; value = None
107 [28436] INFO perfrun.launcher <> - Put into the variant bag the context value: name = omniPathOnBoard; value = None
107 [28436] INFO perfrun.launcher <> - Put into the variant bag the context value: name = pciClassParts; value = 
107 [28436] INFO perfrun.launcher <> - Put into the variant bag the context value: name = tidValuesForIO; value = 
107 [28436] INFO perfrun.launcher <> - Put into the variant bag the context value: name = populatedIoParts; value = 
108 [28436] INFO perfrun.launcher <> - Put into the variant bag the context value: name = populatedIoUnits; value = 
108 [28436] INFO perfrun.launcher <> - Put into the variant bag the context value: name = populatedTidValuesForIO; value = 
108 [28436] INFO perfrun.launcher <> - Put into the variant bag the context value: name = isSGXAvailable; value = true
108 [28436] INFO perfrun.launcher <> - Put into the variant bag the context value: name = Hypervisor; value = None
108 [28436] INFO perfrun.launcher <> - Put into the variant bag the context value: name = PerfmonVersion; value = 4
108 [28436] INFO perfrun.launcher <> - Put into the variant bag the context value: name = isMaxDRAMBandwidthMeasurementSupported; value = false
108 [28436] INFO perfrun.launcher <> - Put into the variant bag the context value: name = preferedGpuAdapter; value = 0:1:0.0
108 [28436] INFO perfrun.launcher <> - Put into the variant bag the context value: name = isEHFIAvailable; value = false
108 [28436] INFO perfrun.launcher <> - Put into the variant bag the context value: name = areGpuHardwareMetricsAvailableList; value = 
108 [28436] INFO perfrun.launcher <> - Put into the variant bag the context value: name = gpuPlatformIndexList; value = 
108 [28436] INFO perfrun.launcher <> - Put into the variant bag the context value: name = isTPSSAvailable; value = true
108 [28436] INFO perfrun.launcher <> - Put into the variant bag the context value: name = isPytraceAvailable; value = true
108 [28436] INFO perfrun.launcher <> - Put into the variant bag the context value: name = isGENDebugInfoAvailableList; value = 
108 [28436] INFO perfrun.launcher <> - Put into the variant bag the context value: name = isGTPinCollectionAvailableList; value = 
108 [28436] INFO perfrun.launcher <> - Put into the variant bag the context value: name = forceShowInlines; value = false
108 [28436] INFO perfrun.launcher <> - Application exit code: 0
108 [28436] INFO perfrun.launcher <> - Exit code: 0
