Collection status has changed. 1
Collection has been started.
Collection has stopped. Application exit code:  0
Finalizing results
Finalizing the result
Clearing the database
The database has been cleared, elapsed time is 0.442 seconds.
Loading raw data to the database
Loading 'systemcollector-26972-JU3H237682QNK4L.sc' file
Loading '23360-21624.0.trace' file
Updating precomputed scalar metrics
Raw data has been loaded to the database, elapsed time is 0.370 seconds.
Processing profile metrics and debug information
Data transformations have been finished, elapsed time is 0.004 seconds.
Setting data model parameters
Resolving module symbols
Resolving information for `ucrtbased.dll'
Resolving information for `textinputframework.dll'
Resolving information for `KERNEL32.DLL'
Resolving information for `MSVCP140D.dll'
Resolving information for `MSCTF.dll'
Resolving information for `tpsstool.dll'
Resolving information for `KERNELBASE.dll'
Resolving information for `VCRUNTIME140D.dll'
Resolving information for `SoftRasterizer.exe'
Resolving information for `gdi32full.dll'
Resolving information for `ucrtbase.dll'
Warning: Cannot locate debugging information for file `C:\WINDOWS\SYSTEM32\ucrtbased.dll'.
Resolving information for `assimp-vc142-mtd.dll'
Warning: Cannot locate debugging information for file `C:\WINDOWS\System32\KERNEL32.DLL'.
Warning: Cannot locate debugging information for file `C:\WINDOWS\SYSTEM32\textinputframework.dll'.
Resolving information for `USER32.dll'
Finalization may slow down when loading files from the symbol server specified in the project properties.
Warning: Cannot locate debugging information for file `C:\WINDOWS\SYSTEM32\MSVCP140D.dll'.
Warning: Cannot locate debugging information for file `C:\WINDOWS\SYSTEM32\VCRUNTIME140D.dll'.
Warning: Cannot locate debugging information for file `C:\WINDOWS\System32\KERNELBASE.dll'.
Warning: Cannot locate debugging information for file `C:\WINDOWS\System32\MSCTF.dll'.
Warning: Cannot locate debugging information for file `C:\WINDOWS\System32\gdi32full.dll'.
Warning: Cannot locate debugging information for file `C:\Program Files (x86)\Intel\oneAPI\advisor\2022.0.0\bin64\tpsstool.dll'.
Warning: Cannot locate debugging information for file `C:\WINDOWS\System32\ucrtbase.dll'.
Warning: Cannot locate debugging information for file `C:\WINDOWS\System32\USER32.dll'.
Resolving information for `combase.dll'
Warning: Cannot locate debugging information for file `C:\WINDOWS\System32\combase.dll'.
Resolving information for `SDL2.dll'
Resolving information for `ntdll.dll'
Resolving information for dangling locations
Resolving information for `IMM32.dll'
Resolving information for `MSVCP140.dll'
Resolving information for `CoreMessaging.dll'
Resolving information for `win32u.dll'
Resolving information for `TextExtractorImpl64.dll'
Warning: Cannot locate file `pincrt.dll'.
Resolving information for `uxtheme.dll'
Resolving information for `GDI32.dll'
Warning: Cannot locate debugging information for file `C:\WINDOWS\SYSTEM32\ntdll.dll'.
Resolving information for `pincrt.dll'
Warning: Cannot locate debugging information for file `C:\WINDOWS\System32\IMM32.dll'.
Warning: Cannot locate debugging information for file `C:\WINDOWS\System32\GDI32.dll'.
Warning: Cannot locate debugging information for file `C:\WINDOWS\SYSTEM32\MSVCP140.dll'.
Warning: Cannot locate debugging information for file `C:\WINDOWS\system32\uxtheme.dll'.
Warning: Cannot locate debugging information for file `D:\YouDaoDict\8.10.3.0\TextExtractorImpl64.dll'.
Warning: Cannot locate debugging information for file `C:\WINDOWS\System32\win32u.dll'.
Warning: Cannot locate debugging information for file `C:\WINDOWS\SYSTEM32\CoreMessaging.dll'.
Resolving bottom user stack information
Resolving thread name information
Resolving call target names for dynamic code
Symbol resolution has been finished, elapsed time is 6.194 seconds.
Processing profile metrics and debug information
Deferred data transformations have been finished, elapsed time is 0.054 seconds.
Setting data model parameters
Data model parameters have been set, elapsed time is 0.027 seconds.
Precomputing frequently used data
Precomputing frequently used data
Updating precomputed scalar metrics
Precomputing frequently used data has been finished, elapsed time is 0.063 seconds.
Discarding redundant overtime data
Saving the result
Redundant overtime data has been discarded, elapsed time is 0.006 seconds.
Raw collector data has been discarded, elapsed time is 0.000 seconds.
Finalizing the result took 7.707 seconds.
Preparing data for display of survey call tree
Resolving module symbols
Resolving bottom user stack information
Resolving thread name information
Resolving call target names for dynamic code
Precomputing frequently used data
