81 [23388] INFO perfrun.launcher <> - Launcher main begin
86 [23388] INFO perfrun.launcher <> - MessageCatalogInit finished
86 [23388] INFO perfrun.launcher <> - Launcher instance created
86 [23388] INFO perfrun.launcher <> - argc = 6; cmdline = C:\Program Files (x86)\Intel\oneAPI\advisor\2022.0.0\bin64\advixe-runss.exe --ui-output-format xml --ui-output-fd 10664 --context-value-list 
100 [23388] INFO perfrun.launcher <> - New signal handler callback was added
202 [23388] INFO perfrun.launcher <> - create msngr2::ICliToolContext
202 [23388] INFO perfrun.launcher <> - create file finder object
203 [23388] INFO perfrun.launcher <> - Put into the variant bag the context value: name = targetOS; value = Windows
203 [23388] INFO perfrun.launcher <> - Put into the variant bag the context value: name = OS; value = Windows
203 [23388] INFO perfrun.launcher <> - Put into the variant bag the context value: name = OSBuildNumber; value = 19042
203 [23388] INFO perfrun.launcher <> - Put into the variant bag the context value: name = OSBitness; value = 64
203 [23388] INFO perfrun.launcher <> - Put into the variant bag the context value: name = AdministratorPrivileges; value = true
203 [23388] INFO perfrun.launcher <> - Put into the variant bag the context value: name = isPtraceScopeLimited; value = false
203 [23388] INFO perfrun.launcher <> - Put into the variant bag the context value: name = isCATSupportedByCPU; value = false
203 [23388] INFO perfrun.launcher <> - Put into the variant bag the context value: name = isL3MonitoringSupportedByCPU; value = false
203 [23388] INFO perfrun.launcher <> - Put into the variant bag the context value: name = isTSXAvailable; value = false
204 [23388] INFO perfrun.launcher <> - Put into the variant bag the context value: name = isPTAvailable; value = false
204 [23388] INFO perfrun.launcher <> - Put into the variant bag the context value: name = isHTEnabled; value = true
204 [23388] INFO perfrun.launcher <> - Put into the variant bag the context value: name = fpgaOnBoard; value = None
204 [23388] INFO perfrun.launcher <> - Put into the variant bag the context value: name = omniPathOnBoard; value = None
204 [23388] INFO perfrun.launcher <> - Put into the variant bag the context value: name = pciClassParts; value = 
204 [23388] INFO perfrun.launcher <> - Put into the variant bag the context value: name = tidValuesForIO; value = 
204 [23388] INFO perfrun.launcher <> - Put into the variant bag the context value: name = populatedIoParts; value = 
204 [23388] INFO perfrun.launcher <> - Put into the variant bag the context value: name = populatedIoUnits; value = 
204 [23388] INFO perfrun.launcher <> - Put into the variant bag the context value: name = populatedTidValuesForIO; value = 
204 [23388] INFO perfrun.launcher <> - Put into the variant bag the context value: name = isSGXAvailable; value = false
204 [23388] INFO perfrun.launcher <> - Put into the variant bag the context value: name = Hypervisor; value = None
204 [23388] INFO perfrun.launcher <> - Put into the variant bag the context value: name = PerfmonVersion; value = 0
204 [23388] INFO perfrun.launcher <> - Put into the variant bag the context value: name = isMaxDRAMBandwidthMeasurementSupported; value = false
204 [23388] INFO perfrun.launcher <> - Put into the variant bag the context value: name = preferedGpuAdapter; value = 0:30:0.0
204 [23388] INFO perfrun.launcher <> - Put into the variant bag the context value: name = isEHFIAvailable; value = false
204 [23388] INFO perfrun.launcher <> - Put into the variant bag the context value: name = areGpuHardwareMetricsAvailableList; value = 
204 [23388] INFO perfrun.launcher <> - Put into the variant bag the context value: name = gpuPlatformIndexList; value = 
204 [23388] INFO perfrun.launcher <> - Put into the variant bag the context value: name = isTPSSAvailable; value = true
204 [23388] INFO perfrun.launcher <> - Put into the variant bag the context value: name = isPytraceAvailable; value = true
204 [23388] INFO perfrun.launcher <> - Put into the variant bag the context value: name = isGENDebugInfoAvailableList; value = 
205 [23388] INFO perfrun.launcher <> - Put into the variant bag the context value: name = isGTPinCollectionAvailableList; value = 
205 [23388] INFO perfrun.launcher <> - Put into the variant bag the context value: name = forceShowInlines; value = false
205 [23388] INFO perfrun.launcher <> - Application exit code: 0
205 [23388] INFO perfrun.launcher <> - Exit code: 0
