72 [9496] INFO perfrun.launcher <> - Launcher main begin
78 [9496] INFO perfrun.launcher <> - MessageCatalogInit finished
78 [9496] INFO perfrun.launcher <> - Launcher instance created
78 [9496] INFO perfrun.launcher <> - argc = 6; cmdline = C:\Program Files (x86)\Intel\oneAPI\advisor\2022.0.0\bin64\advixe-runss.exe --ui-output-format xml --ui-output-fd 3148 --context-value-list 
109 [9496] INFO perfrun.launcher <> - New signal handler callback was added
248 [9496] INFO perfrun.launcher <> - create msngr2::ICliToolContext
248 [9496] INFO perfrun.launcher <> - create file finder object
249 [9496] INFO perfrun.launcher <> - Put into the variant bag the context value: name = targetOS; value = Windows
249 [9496] INFO perfrun.launcher <> - Put into the variant bag the context value: name = OS; value = Windows
249 [9496] INFO perfrun.launcher <> - Put into the variant bag the context value: name = OSBuildNumber; value = 19042
249 [9496] INFO perfrun.launcher <> - Put into the variant bag the context value: name = OSBitness; value = 64
249 [9496] INFO perfrun.launcher <> - Put into the variant bag the context value: name = AdministratorPrivileges; value = true
249 [9496] INFO perfrun.launcher <> - Put into the variant bag the context value: name = isPtraceScopeLimited; value = false
249 [9496] INFO perfrun.launcher <> - Put into the variant bag the context value: name = isCATSupportedByCPU; value = false
249 [9496] INFO perfrun.launcher <> - Put into the variant bag the context value: name = isL3MonitoringSupportedByCPU; value = false
249 [9496] INFO perfrun.launcher <> - Put into the variant bag the context value: name = isTSXAvailable; value = false
249 [9496] INFO perfrun.launcher <> - Put into the variant bag the context value: name = isPTAvailable; value = false
249 [9496] INFO perfrun.launcher <> - Put into the variant bag the context value: name = isHTEnabled; value = true
249 [9496] INFO perfrun.launcher <> - Put into the variant bag the context value: name = fpgaOnBoard; value = None
249 [9496] INFO perfrun.launcher <> - Put into the variant bag the context value: name = omniPathOnBoard; value = None
250 [9496] INFO perfrun.launcher <> - Put into the variant bag the context value: name = pciClassParts; value = 
250 [9496] INFO perfrun.launcher <> - Put into the variant bag the context value: name = tidValuesForIO; value = 
250 [9496] INFO perfrun.launcher <> - Put into the variant bag the context value: name = populatedIoParts; value = 
250 [9496] INFO perfrun.launcher <> - Put into the variant bag the context value: name = populatedIoUnits; value = 
250 [9496] INFO perfrun.launcher <> - Put into the variant bag the context value: name = populatedTidValuesForIO; value = 
250 [9496] INFO perfrun.launcher <> - Put into the variant bag the context value: name = isSGXAvailable; value = false
250 [9496] INFO perfrun.launcher <> - Put into the variant bag the context value: name = Hypervisor; value = None
250 [9496] INFO perfrun.launcher <> - Put into the variant bag the context value: name = PerfmonVersion; value = 0
250 [9496] INFO perfrun.launcher <> - Put into the variant bag the context value: name = isMaxDRAMBandwidthMeasurementSupported; value = false
250 [9496] INFO perfrun.launcher <> - Put into the variant bag the context value: name = preferedGpuAdapter; value = 0:30:0.0
250 [9496] INFO perfrun.launcher <> - Put into the variant bag the context value: name = isEHFIAvailable; value = false
250 [9496] INFO perfrun.launcher <> - Put into the variant bag the context value: name = areGpuHardwareMetricsAvailableList; value = 
250 [9496] INFO perfrun.launcher <> - Put into the variant bag the context value: name = gpuPlatformIndexList; value = 
250 [9496] INFO perfrun.launcher <> - Put into the variant bag the context value: name = isTPSSAvailable; value = true
250 [9496] INFO perfrun.launcher <> - Put into the variant bag the context value: name = isPytraceAvailable; value = true
250 [9496] INFO perfrun.launcher <> - Put into the variant bag the context value: name = isGENDebugInfoAvailableList; value = 
250 [9496] INFO perfrun.launcher <> - Put into the variant bag the context value: name = isGTPinCollectionAvailableList; value = 
250 [9496] INFO perfrun.launcher <> - Put into the variant bag the context value: name = forceShowInlines; value = false
251 [9496] INFO perfrun.launcher <> - Application exit code: 0
251 [9496] INFO perfrun.launcher <> - Exit code: 0
