79 [19368] INFO perfrun.launcher <> - Launcher main begin
84 [19368] INFO perfrun.launcher <> - MessageCatalogInit finished
84 [19368] INFO perfrun.launcher <> - Launcher instance created
85 [19368] INFO perfrun.launcher <> - argc = 6; cmdline = C:\Program Files (x86)\Intel\oneAPI\advisor\2022.0.0\bin64\advixe-runss.exe --ui-output-format xml --ui-output-fd 3952 --context-value-list 
114 [19368] INFO perfrun.launcher <> - New signal handler callback was added
216 [19368] INFO perfrun.launcher <> - create msngr2::ICliToolContext
217 [19368] INFO perfrun.launcher <> - create file finder object
218 [19368] INFO perfrun.launcher <> - Put into the variant bag the context value: name = targetOS; value = Windows
218 [19368] INFO perfrun.launcher <> - Put into the variant bag the context value: name = OS; value = Windows
218 [19368] INFO perfrun.launcher <> - Put into the variant bag the context value: name = OSBuildNumber; value = 19042
218 [19368] INFO perfrun.launcher <> - Put into the variant bag the context value: name = OSBitness; value = 64
218 [19368] INFO perfrun.launcher <> - Put into the variant bag the context value: name = AdministratorPrivileges; value = true
218 [19368] INFO perfrun.launcher <> - Put into the variant bag the context value: name = isPtraceScopeLimited; value = false
218 [19368] INFO perfrun.launcher <> - Put into the variant bag the context value: name = isCATSupportedByCPU; value = false
218 [19368] INFO perfrun.launcher <> - Put into the variant bag the context value: name = isL3MonitoringSupportedByCPU; value = false
218 [19368] INFO perfrun.launcher <> - Put into the variant bag the context value: name = isTSXAvailable; value = false
218 [19368] INFO perfrun.launcher <> - Put into the variant bag the context value: name = isPTAvailable; value = false
218 [19368] INFO perfrun.launcher <> - Put into the variant bag the context value: name = isHTEnabled; value = true
219 [19368] INFO perfrun.launcher <> - Put into the variant bag the context value: name = fpgaOnBoard; value = None
219 [19368] INFO perfrun.launcher <> - Put into the variant bag the context value: name = omniPathOnBoard; value = None
219 [19368] INFO perfrun.launcher <> - Put into the variant bag the context value: name = pciClassParts; value = 
219 [19368] INFO perfrun.launcher <> - Put into the variant bag the context value: name = tidValuesForIO; value = 
219 [19368] INFO perfrun.launcher <> - Put into the variant bag the context value: name = populatedIoParts; value = 
219 [19368] INFO perfrun.launcher <> - Put into the variant bag the context value: name = populatedIoUnits; value = 
219 [19368] INFO perfrun.launcher <> - Put into the variant bag the context value: name = populatedTidValuesForIO; value = 
219 [19368] INFO perfrun.launcher <> - Put into the variant bag the context value: name = isSGXAvailable; value = false
219 [19368] INFO perfrun.launcher <> - Put into the variant bag the context value: name = Hypervisor; value = None
219 [19368] INFO perfrun.launcher <> - Put into the variant bag the context value: name = PerfmonVersion; value = 0
219 [19368] INFO perfrun.launcher <> - Put into the variant bag the context value: name = isMaxDRAMBandwidthMeasurementSupported; value = false
219 [19368] INFO perfrun.launcher <> - Put into the variant bag the context value: name = preferedGpuAdapter; value = 0:30:0.0
219 [19368] INFO perfrun.launcher <> - Put into the variant bag the context value: name = isEHFIAvailable; value = false
219 [19368] INFO perfrun.launcher <> - Put into the variant bag the context value: name = areGpuHardwareMetricsAvailableList; value = 
219 [19368] INFO perfrun.launcher <> - Put into the variant bag the context value: name = gpuPlatformIndexList; value = 
219 [19368] INFO perfrun.launcher <> - Put into the variant bag the context value: name = isTPSSAvailable; value = true
219 [19368] INFO perfrun.launcher <> - Put into the variant bag the context value: name = isPytraceAvailable; value = true
219 [19368] INFO perfrun.launcher <> - Put into the variant bag the context value: name = isGENDebugInfoAvailableList; value = 
219 [19368] INFO perfrun.launcher <> - Put into the variant bag the context value: name = isGTPinCollectionAvailableList; value = 
219 [19368] INFO perfrun.launcher <> - Put into the variant bag the context value: name = forceShowInlines; value = false
220 [19368] INFO perfrun.launcher <> - Application exit code: 0
220 [19368] INFO perfrun.launcher <> - Exit code: 0
