Collection status has changed. 1
Collection has been started.
Collection has stopped. Application exit code:  0
Finalizing results
Finalizing the result
Clearing the database
The database has been cleared, elapsed time is 0.426 seconds.
Loading raw data to the database
Loading 'systemcollector-6376-JU3H237682QNK4L.sc' file
Loading '18616-5212.0.trace' file
Updating precomputed scalar metrics
Raw data has been loaded to the database, elapsed time is 0.419 seconds.
Processing profile metrics and debug information
Data transformations have been finished, elapsed time is 0.005 seconds.
Setting data model parameters
Resolving module symbols
Warning: Cannot locate file `pincrt.dll'.
Resolving information for `IMM32.dll'
Resolving information for `pincrt.dll'
Resolving information for `MSVCP140.dll'
Resolving information for `ntdll.dll'
Resolving information for `SoftRasterizer.exe'
Resolving information for `uxtheme.dll'
Warning: Cannot locate debugging information for file `C:\WINDOWS\System32\IMM32.dll'.
Resolving information for `win32u.dll'
Resolving information for `KERNEL32.DLL'
Resolving information for `ucrtbased.dll'
Resolving information for `assimp-vc142-mtd.dll'
Warning: Cannot locate debugging information for file `C:\WINDOWS\system32\uxtheme.dll'.
Warning: Cannot locate debugging information for file `C:\WINDOWS\SYSTEM32\ntdll.dll'.
Resolving information for `VCRUNTIME140.dll'
Resolving information for `CoreMessaging.dll'
Resolving information for `ucrtbase.dll'
Resolving information for `USER32.dll'
Resolving information for dangling locations
Warning: Cannot locate debugging information for file `C:\WINDOWS\System32\win32u.dll'.
Warning: Cannot locate debugging information for file `C:\WINDOWS\System32\KERNEL32.DLL'.
Warning: Cannot locate debugging information for file `C:\WINDOWS\SYSTEM32\ucrtbased.dll'.
Finalization may slow down when loading files from the symbol server specified in the project properties.
Resolving information for `SDL2.dll'
Resolving information for `MSVCP140D.dll'
Warning: Cannot locate debugging information for file `C:\WINDOWS\SYSTEM32\MSVCP140.dll'.
Warning: Cannot locate debugging information for file `C:\WINDOWS\SYSTEM32\VCRUNTIME140.dll'.
Resolving information for `gdi32full.dll'
Warning: Cannot locate debugging information for file `C:\WINDOWS\SYSTEM32\CoreMessaging.dll'.
Resolving information for `MSCTF.dll'
Resolving information for `GDI32.dll'
Warning: Cannot locate debugging information for file `C:\WINDOWS\System32\ucrtbase.dll'.
Resolving information for `KERNELBASE.dll'
Warning: Cannot locate debugging information for file `C:\WINDOWS\System32\USER32.dll'.
Warning: Cannot locate debugging information for file `C:\WINDOWS\SYSTEM32\MSVCP140D.dll'.
Warning: Cannot locate debugging information for file `C:\WINDOWS\System32\gdi32full.dll'.
Warning: Cannot locate debugging information for file `C:\WINDOWS\System32\MSCTF.dll'.
Warning: Cannot locate debugging information for file `C:\WINDOWS\System32\GDI32.dll'.
Warning: Cannot locate debugging information for file `C:\WINDOWS\System32\KERNELBASE.dll'.
Resolving bottom user stack information
Resolving thread name information
Resolving call target names for dynamic code
Symbol resolution has been finished, elapsed time is 3.810 seconds.
Processing profile metrics and debug information
Deferred data transformations have been finished, elapsed time is 0.012 seconds.
Setting data model parameters
Data model parameters have been set, elapsed time is 0.058 seconds.
Precomputing frequently used data
Precomputing frequently used data
Updating precomputed scalar metrics
Precomputing frequently used data has been finished, elapsed time is 0.070 seconds.
Discarding redundant overtime data
Saving the result
Redundant overtime data has been discarded, elapsed time is 0.028 seconds.
Raw collector data has been discarded, elapsed time is 0.000 seconds.
Finalizing the result took 5.289 seconds.
Preparing data for display of survey call tree
Resolving module symbols
Resolving bottom user stack information
Resolving thread name information
Resolving call target names for dynamic code
Precomputing frequently used data
