76 [3676] INFO perfrun.launcher <> - Launcher main begin
82 [3676] INFO perfrun.launcher <> - MessageCatalogInit finished
82 [3676] INFO perfrun.launcher <> - Launcher instance created
82 [3676] INFO perfrun.launcher <> - argc = 6; cmdline = C:\Program Files (x86)\Intel\oneAPI\advisor\2022.0.0\bin64\advixe-runss.exe --ui-output-format xml --ui-output-fd 3476 --context-value-list 
129 [3676] INFO perfrun.launcher <> - New signal handler callback was added
224 [3676] INFO perfrun.launcher <> - create msngr2::ICliToolContext
225 [3676] INFO perfrun.launcher <> - create file finder object
226 [3676] INFO perfrun.launcher <> - Put into the variant bag the context value: name = targetOS; value = Windows
226 [3676] INFO perfrun.launcher <> - Put into the variant bag the context value: name = OS; value = Windows
226 [3676] INFO perfrun.launcher <> - Put into the variant bag the context value: name = OSBuildNumber; value = 19042
226 [3676] INFO perfrun.launcher <> - Put into the variant bag the context value: name = OSBitness; value = 64
226 [3676] INFO perfrun.launcher <> - Put into the variant bag the context value: name = AdministratorPrivileges; value = true
226 [3676] INFO perfrun.launcher <> - Put into the variant bag the context value: name = isPtraceScopeLimited; value = false
226 [3676] INFO perfrun.launcher <> - Put into the variant bag the context value: name = isCATSupportedByCPU; value = false
226 [3676] INFO perfrun.launcher <> - Put into the variant bag the context value: name = isL3MonitoringSupportedByCPU; value = false
226 [3676] INFO perfrun.launcher <> - Put into the variant bag the context value: name = isTSXAvailable; value = false
226 [3676] INFO perfrun.launcher <> - Put into the variant bag the context value: name = isPTAvailable; value = false
227 [3676] INFO perfrun.launcher <> - Put into the variant bag the context value: name = isHTEnabled; value = true
227 [3676] INFO perfrun.launcher <> - Put into the variant bag the context value: name = fpgaOnBoard; value = None
227 [3676] INFO perfrun.launcher <> - Put into the variant bag the context value: name = omniPathOnBoard; value = None
227 [3676] INFO perfrun.launcher <> - Put into the variant bag the context value: name = pciClassParts; value = 
227 [3676] INFO perfrun.launcher <> - Put into the variant bag the context value: name = tidValuesForIO; value = 
227 [3676] INFO perfrun.launcher <> - Put into the variant bag the context value: name = populatedIoParts; value = 
227 [3676] INFO perfrun.launcher <> - Put into the variant bag the context value: name = populatedIoUnits; value = 
227 [3676] INFO perfrun.launcher <> - Put into the variant bag the context value: name = populatedTidValuesForIO; value = 
227 [3676] INFO perfrun.launcher <> - Put into the variant bag the context value: name = isSGXAvailable; value = false
227 [3676] INFO perfrun.launcher <> - Put into the variant bag the context value: name = Hypervisor; value = None
227 [3676] INFO perfrun.launcher <> - Put into the variant bag the context value: name = PerfmonVersion; value = 0
227 [3676] INFO perfrun.launcher <> - Put into the variant bag the context value: name = isMaxDRAMBandwidthMeasurementSupported; value = false
227 [3676] INFO perfrun.launcher <> - Put into the variant bag the context value: name = preferedGpuAdapter; value = 0:30:0.0
227 [3676] INFO perfrun.launcher <> - Put into the variant bag the context value: name = isEHFIAvailable; value = false
227 [3676] INFO perfrun.launcher <> - Put into the variant bag the context value: name = areGpuHardwareMetricsAvailableList; value = 
227 [3676] INFO perfrun.launcher <> - Put into the variant bag the context value: name = gpuPlatformIndexList; value = 
227 [3676] INFO perfrun.launcher <> - Put into the variant bag the context value: name = isTPSSAvailable; value = true
227 [3676] INFO perfrun.launcher <> - Put into the variant bag the context value: name = isPytraceAvailable; value = true
228 [3676] INFO perfrun.launcher <> - Put into the variant bag the context value: name = isGENDebugInfoAvailableList; value = 
228 [3676] INFO perfrun.launcher <> - Put into the variant bag the context value: name = isGTPinCollectionAvailableList; value = 
228 [3676] INFO perfrun.launcher <> - Put into the variant bag the context value: name = forceShowInlines; value = false
228 [3676] INFO perfrun.launcher <> - Application exit code: 0
228 [3676] INFO perfrun.launcher <> - Exit code: 0
