71 [11028] INFO perfrun.launcher <> - Launcher main begin
76 [11028] INFO perfrun.launcher <> - MessageCatalogInit finished
77 [11028] INFO perfrun.launcher <> - Launcher instance created
77 [11028] INFO perfrun.launcher <> - argc = 6; cmdline = C:\Program Files (x86)\Intel\oneAPI\advisor\2022.0.0\bin64\advixe-runss.exe --ui-output-format xml --ui-output-fd 6184 --context-value-list 
109 [11028] INFO perfrun.launcher <> - New signal handler callback was added
200 [11028] INFO perfrun.launcher <> - create msngr2::ICliToolContext
200 [11028] INFO perfrun.launcher <> - create file finder object
201 [11028] INFO perfrun.launcher <> - Put into the variant bag the context value: name = targetOS; value = Windows
201 [11028] INFO perfrun.launcher <> - Put into the variant bag the context value: name = OS; value = Windows
201 [11028] INFO perfrun.launcher <> - Put into the variant bag the context value: name = OSBuildNumber; value = 19042
201 [11028] INFO perfrun.launcher <> - Put into the variant bag the context value: name = OSBitness; value = 64
201 [11028] INFO perfrun.launcher <> - Put into the variant bag the context value: name = AdministratorPrivileges; value = true
201 [11028] INFO perfrun.launcher <> - Put into the variant bag the context value: name = isPtraceScopeLimited; value = false
201 [11028] INFO perfrun.launcher <> - Put into the variant bag the context value: name = isCATSupportedByCPU; value = false
201 [11028] INFO perfrun.launcher <> - Put into the variant bag the context value: name = isL3MonitoringSupportedByCPU; value = false
201 [11028] INFO perfrun.launcher <> - Put into the variant bag the context value: name = isTSXAvailable; value = false
201 [11028] INFO perfrun.launcher <> - Put into the variant bag the context value: name = isPTAvailable; value = false
201 [11028] INFO perfrun.launcher <> - Put into the variant bag the context value: name = isHTEnabled; value = true
201 [11028] INFO perfrun.launcher <> - Put into the variant bag the context value: name = fpgaOnBoard; value = None
201 [11028] INFO perfrun.launcher <> - Put into the variant bag the context value: name = omniPathOnBoard; value = None
201 [11028] INFO perfrun.launcher <> - Put into the variant bag the context value: name = pciClassParts; value = 
202 [11028] INFO perfrun.launcher <> - Put into the variant bag the context value: name = tidValuesForIO; value = 
202 [11028] INFO perfrun.launcher <> - Put into the variant bag the context value: name = populatedIoParts; value = 
202 [11028] INFO perfrun.launcher <> - Put into the variant bag the context value: name = populatedIoUnits; value = 
202 [11028] INFO perfrun.launcher <> - Put into the variant bag the context value: name = populatedTidValuesForIO; value = 
202 [11028] INFO perfrun.launcher <> - Put into the variant bag the context value: name = isSGXAvailable; value = false
202 [11028] INFO perfrun.launcher <> - Put into the variant bag the context value: name = Hypervisor; value = None
202 [11028] INFO perfrun.launcher <> - Put into the variant bag the context value: name = PerfmonVersion; value = 0
202 [11028] INFO perfrun.launcher <> - Put into the variant bag the context value: name = isMaxDRAMBandwidthMeasurementSupported; value = false
202 [11028] INFO perfrun.launcher <> - Put into the variant bag the context value: name = preferedGpuAdapter; value = 0:30:0.0
202 [11028] INFO perfrun.launcher <> - Put into the variant bag the context value: name = isEHFIAvailable; value = false
202 [11028] INFO perfrun.launcher <> - Put into the variant bag the context value: name = areGpuHardwareMetricsAvailableList; value = 
202 [11028] INFO perfrun.launcher <> - Put into the variant bag the context value: name = gpuPlatformIndexList; value = 
202 [11028] INFO perfrun.launcher <> - Put into the variant bag the context value: name = isTPSSAvailable; value = true
202 [11028] INFO perfrun.launcher <> - Put into the variant bag the context value: name = isPytraceAvailable; value = true
202 [11028] INFO perfrun.launcher <> - Put into the variant bag the context value: name = isGENDebugInfoAvailableList; value = 
202 [11028] INFO perfrun.launcher <> - Put into the variant bag the context value: name = isGTPinCollectionAvailableList; value = 
202 [11028] INFO perfrun.launcher <> - Put into the variant bag the context value: name = forceShowInlines; value = false
203 [11028] INFO perfrun.launcher <> - Application exit code: 0
203 [11028] INFO perfrun.launcher <> - Exit code: 0
