68 [13028] INFO perfrun.launcher <> - Launcher main begin
73 [13028] INFO perfrun.launcher <> - MessageCatalogInit finished
73 [13028] INFO perfrun.launcher <> - Launcher instance created
73 [13028] INFO perfrun.launcher <> - argc = 6; cmdline = C:\Program Files (x86)\Intel\oneAPI\advisor\2022.0.0\bin64\advixe-runss.exe --ui-output-format xml --ui-output-fd 3444 --context-value-list 
106 [13028] INFO perfrun.launcher <> - New signal handler callback was added
199 [13028] INFO perfrun.launcher <> - create msngr2::ICliToolContext
199 [13028] INFO perfrun.launcher <> - create file finder object
200 [13028] INFO perfrun.launcher <> - Put into the variant bag the context value: name = targetOS; value = Windows
200 [13028] INFO perfrun.launcher <> - Put into the variant bag the context value: name = OS; value = Windows
200 [13028] INFO perfrun.launcher <> - Put into the variant bag the context value: name = OSBuildNumber; value = 19042
200 [13028] INFO perfrun.launcher <> - Put into the variant bag the context value: name = OSBitness; value = 64
200 [13028] INFO perfrun.launcher <> - Put into the variant bag the context value: name = AdministratorPrivileges; value = true
200 [13028] INFO perfrun.launcher <> - Put into the variant bag the context value: name = isPtraceScopeLimited; value = false
200 [13028] INFO perfrun.launcher <> - Put into the variant bag the context value: name = isCATSupportedByCPU; value = false
200 [13028] INFO perfrun.launcher <> - Put into the variant bag the context value: name = isL3MonitoringSupportedByCPU; value = false
200 [13028] INFO perfrun.launcher <> - Put into the variant bag the context value: name = isTSXAvailable; value = false
200 [13028] INFO perfrun.launcher <> - Put into the variant bag the context value: name = isPTAvailable; value = false
200 [13028] INFO perfrun.launcher <> - Put into the variant bag the context value: name = isHTEnabled; value = true
201 [13028] INFO perfrun.launcher <> - Put into the variant bag the context value: name = fpgaOnBoard; value = None
201 [13028] INFO perfrun.launcher <> - Put into the variant bag the context value: name = omniPathOnBoard; value = None
201 [13028] INFO perfrun.launcher <> - Put into the variant bag the context value: name = pciClassParts; value = 
201 [13028] INFO perfrun.launcher <> - Put into the variant bag the context value: name = tidValuesForIO; value = 
201 [13028] INFO perfrun.launcher <> - Put into the variant bag the context value: name = populatedIoParts; value = 
201 [13028] INFO perfrun.launcher <> - Put into the variant bag the context value: name = populatedIoUnits; value = 
201 [13028] INFO perfrun.launcher <> - Put into the variant bag the context value: name = populatedTidValuesForIO; value = 
201 [13028] INFO perfrun.launcher <> - Put into the variant bag the context value: name = isSGXAvailable; value = false
201 [13028] INFO perfrun.launcher <> - Put into the variant bag the context value: name = Hypervisor; value = None
201 [13028] INFO perfrun.launcher <> - Put into the variant bag the context value: name = PerfmonVersion; value = 0
201 [13028] INFO perfrun.launcher <> - Put into the variant bag the context value: name = isMaxDRAMBandwidthMeasurementSupported; value = false
201 [13028] INFO perfrun.launcher <> - Put into the variant bag the context value: name = preferedGpuAdapter; value = 0:30:0.0
201 [13028] INFO perfrun.launcher <> - Put into the variant bag the context value: name = isEHFIAvailable; value = false
201 [13028] INFO perfrun.launcher <> - Put into the variant bag the context value: name = areGpuHardwareMetricsAvailableList; value = 
201 [13028] INFO perfrun.launcher <> - Put into the variant bag the context value: name = gpuPlatformIndexList; value = 
201 [13028] INFO perfrun.launcher <> - Put into the variant bag the context value: name = isTPSSAvailable; value = true
201 [13028] INFO perfrun.launcher <> - Put into the variant bag the context value: name = isPytraceAvailable; value = true
201 [13028] INFO perfrun.launcher <> - Put into the variant bag the context value: name = isGENDebugInfoAvailableList; value = 
202 [13028] INFO perfrun.launcher <> - Put into the variant bag the context value: name = isGTPinCollectionAvailableList; value = 
202 [13028] INFO perfrun.launcher <> - Put into the variant bag the context value: name = forceShowInlines; value = false
202 [13028] INFO perfrun.launcher <> - Application exit code: 0
202 [13028] INFO perfrun.launcher <> - Exit code: 0
