69 [17648] INFO perfrun.launcher <> - Launcher main begin
74 [17648] INFO perfrun.launcher <> - MessageCatalogInit finished
74 [17648] INFO perfrun.launcher <> - Launcher instance created
74 [17648] INFO perfrun.launcher <> - argc = 6; cmdline = C:\Program Files (x86)\Intel\oneAPI\advisor\2022.0.0\bin64\advixe-runss.exe --ui-output-format xml --ui-output-fd 5188 --context-value-list 
108 [17648] INFO perfrun.launcher <> - New signal handler callback was added
198 [17648] INFO perfrun.launcher <> - create msngr2::ICliToolContext
198 [17648] INFO perfrun.launcher <> - create file finder object
199 [17648] INFO perfrun.launcher <> - Put into the variant bag the context value: name = targetOS; value = Windows
199 [17648] INFO perfrun.launcher <> - Put into the variant bag the context value: name = OS; value = Windows
199 [17648] INFO perfrun.launcher <> - Put into the variant bag the context value: name = OSBuildNumber; value = 19042
199 [17648] INFO perfrun.launcher <> - Put into the variant bag the context value: name = OSBitness; value = 64
199 [17648] INFO perfrun.launcher <> - Put into the variant bag the context value: name = AdministratorPrivileges; value = true
199 [17648] INFO perfrun.launcher <> - Put into the variant bag the context value: name = isPtraceScopeLimited; value = false
199 [17648] INFO perfrun.launcher <> - Put into the variant bag the context value: name = isCATSupportedByCPU; value = false
199 [17648] INFO perfrun.launcher <> - Put into the variant bag the context value: name = isL3MonitoringSupportedByCPU; value = false
199 [17648] INFO perfrun.launcher <> - Put into the variant bag the context value: name = isTSXAvailable; value = false
199 [17648] INFO perfrun.launcher <> - Put into the variant bag the context value: name = isPTAvailable; value = false
199 [17648] INFO perfrun.launcher <> - Put into the variant bag the context value: name = isHTEnabled; value = true
200 [17648] INFO perfrun.launcher <> - Put into the variant bag the context value: name = fpgaOnBoard; value = None
200 [17648] INFO perfrun.launcher <> - Put into the variant bag the context value: name = omniPathOnBoard; value = None
200 [17648] INFO perfrun.launcher <> - Put into the variant bag the context value: name = pciClassParts; value = 
200 [17648] INFO perfrun.launcher <> - Put into the variant bag the context value: name = tidValuesForIO; value = 
200 [17648] INFO perfrun.launcher <> - Put into the variant bag the context value: name = populatedIoParts; value = 
200 [17648] INFO perfrun.launcher <> - Put into the variant bag the context value: name = populatedIoUnits; value = 
200 [17648] INFO perfrun.launcher <> - Put into the variant bag the context value: name = populatedTidValuesForIO; value = 
200 [17648] INFO perfrun.launcher <> - Put into the variant bag the context value: name = isSGXAvailable; value = false
200 [17648] INFO perfrun.launcher <> - Put into the variant bag the context value: name = Hypervisor; value = None
200 [17648] INFO perfrun.launcher <> - Put into the variant bag the context value: name = PerfmonVersion; value = 0
200 [17648] INFO perfrun.launcher <> - Put into the variant bag the context value: name = isMaxDRAMBandwidthMeasurementSupported; value = false
200 [17648] INFO perfrun.launcher <> - Put into the variant bag the context value: name = preferedGpuAdapter; value = 0:30:0.0
200 [17648] INFO perfrun.launcher <> - Put into the variant bag the context value: name = isEHFIAvailable; value = false
200 [17648] INFO perfrun.launcher <> - Put into the variant bag the context value: name = areGpuHardwareMetricsAvailableList; value = 
200 [17648] INFO perfrun.launcher <> - Put into the variant bag the context value: name = gpuPlatformIndexList; value = 
200 [17648] INFO perfrun.launcher <> - Put into the variant bag the context value: name = isTPSSAvailable; value = true
200 [17648] INFO perfrun.launcher <> - Put into the variant bag the context value: name = isPytraceAvailable; value = true
200 [17648] INFO perfrun.launcher <> - Put into the variant bag the context value: name = isGENDebugInfoAvailableList; value = 
200 [17648] INFO perfrun.launcher <> - Put into the variant bag the context value: name = isGTPinCollectionAvailableList; value = 
200 [17648] INFO perfrun.launcher <> - Put into the variant bag the context value: name = forceShowInlines; value = false
201 [17648] INFO perfrun.launcher <> - Application exit code: 0
201 [17648] INFO perfrun.launcher <> - Exit code: 0
