71 [10256] INFO perfrun.launcher <> - Launcher main begin
77 [10256] INFO perfrun.launcher <> - MessageCatalogInit finished
77 [10256] INFO perfrun.launcher <> - Launcher instance created
77 [10256] INFO perfrun.launcher <> - argc = 6; cmdline = C:\Program Files (x86)\Intel\oneAPI\advisor\2022.0.0\bin64\advixe-runss.exe --ui-output-format xml --ui-output-fd 2272 --context-value-list 
95 [10256] INFO perfrun.launcher <> - New signal handler callback was added
187 [10256] INFO perfrun.launcher <> - create msngr2::ICliToolContext
187 [10256] INFO perfrun.launcher <> - create file finder object
188 [10256] INFO perfrun.launcher <> - Put into the variant bag the context value: name = targetOS; value = Windows
188 [10256] INFO perfrun.launcher <> - Put into the variant bag the context value: name = OS; value = Windows
188 [10256] INFO perfrun.launcher <> - Put into the variant bag the context value: name = OSBuildNumber; value = 19042
188 [10256] INFO perfrun.launcher <> - Put into the variant bag the context value: name = OSBitness; value = 64
188 [10256] INFO perfrun.launcher <> - Put into the variant bag the context value: name = AdministratorPrivileges; value = true
188 [10256] INFO perfrun.launcher <> - Put into the variant bag the context value: name = isPtraceScopeLimited; value = false
188 [10256] INFO perfrun.launcher <> - Put into the variant bag the context value: name = isCATSupportedByCPU; value = false
188 [10256] INFO perfrun.launcher <> - Put into the variant bag the context value: name = isL3MonitoringSupportedByCPU; value = false
188 [10256] INFO perfrun.launcher <> - Put into the variant bag the context value: name = isTSXAvailable; value = false
188 [10256] INFO perfrun.launcher <> - Put into the variant bag the context value: name = isPTAvailable; value = false
188 [10256] INFO perfrun.launcher <> - Put into the variant bag the context value: name = isHTEnabled; value = true
188 [10256] INFO perfrun.launcher <> - Put into the variant bag the context value: name = fpgaOnBoard; value = None
188 [10256] INFO perfrun.launcher <> - Put into the variant bag the context value: name = omniPathOnBoard; value = None
188 [10256] INFO perfrun.launcher <> - Put into the variant bag the context value: name = pciClassParts; value = 
188 [10256] INFO perfrun.launcher <> - Put into the variant bag the context value: name = tidValuesForIO; value = 
188 [10256] INFO perfrun.launcher <> - Put into the variant bag the context value: name = populatedIoParts; value = 
189 [10256] INFO perfrun.launcher <> - Put into the variant bag the context value: name = populatedIoUnits; value = 
189 [10256] INFO perfrun.launcher <> - Put into the variant bag the context value: name = populatedTidValuesForIO; value = 
189 [10256] INFO perfrun.launcher <> - Put into the variant bag the context value: name = isSGXAvailable; value = false
189 [10256] INFO perfrun.launcher <> - Put into the variant bag the context value: name = Hypervisor; value = None
189 [10256] INFO perfrun.launcher <> - Put into the variant bag the context value: name = PerfmonVersion; value = 0
189 [10256] INFO perfrun.launcher <> - Put into the variant bag the context value: name = isMaxDRAMBandwidthMeasurementSupported; value = false
189 [10256] INFO perfrun.launcher <> - Put into the variant bag the context value: name = preferedGpuAdapter; value = 0:30:0.0
189 [10256] INFO perfrun.launcher <> - Put into the variant bag the context value: name = isEHFIAvailable; value = false
189 [10256] INFO perfrun.launcher <> - Put into the variant bag the context value: name = areGpuHardwareMetricsAvailableList; value = 
189 [10256] INFO perfrun.launcher <> - Put into the variant bag the context value: name = gpuPlatformIndexList; value = 
189 [10256] INFO perfrun.launcher <> - Put into the variant bag the context value: name = isTPSSAvailable; value = true
189 [10256] INFO perfrun.launcher <> - Put into the variant bag the context value: name = isPytraceAvailable; value = true
189 [10256] INFO perfrun.launcher <> - Put into the variant bag the context value: name = isGENDebugInfoAvailableList; value = 
189 [10256] INFO perfrun.launcher <> - Put into the variant bag the context value: name = isGTPinCollectionAvailableList; value = 
189 [10256] INFO perfrun.launcher <> - Put into the variant bag the context value: name = forceShowInlines; value = false
189 [10256] INFO perfrun.launcher <> - Application exit code: 0
190 [10256] INFO perfrun.launcher <> - Exit code: 0
