94 [23284] INFO perfrun.launcher <> - Launcher main begin
100 [23284] INFO perfrun.launcher <> - MessageCatalogInit finished
100 [23284] INFO perfrun.launcher <> - Launcher instance created
100 [23284] INFO perfrun.launcher <> - argc = 7; cmdline = C:\Program Files (x86)\Intel\oneAPI\advisor\2022.0.0\bin64\advixe-runss.exe --ui-output-format xml --ui-output-fd 5280 --option-file D:\UE4SourceCode\SoftRasterizer\My Advisor Results - SoftRasterizer\e000\hs009\config\runss.options 
123 [23284] INFO perfrun.launcher <> - New signal handler callback was added
234 [23284] INFO perfrun.launcher <> - create msngr2::ICliToolContext
235 [23284] INFO perfrun.launcher <> - create file finder object
235 [23284] INFO perfrun.launcher <> - create a result directory: pattern = D:\UE4SourceCode\SoftRasterizer\My Advisor Results - SoftRasterizer\e000\hs009 pid = 4294967295
240 [23284] INFO perfrun.launcher <> - create data directory = D:\UE4SourceCode\SoftRasterizer\My Advisor Results - SoftRasterizer\e000\hs009\data.0
242 [23284] INFO perfrun.launcher <> - Creating the master collection flag
253 [23284] INFO perfrun.launcher <> - Done creating the master collection flag
253 [13360] INFO perfrun.launcher <> - plugin [remoteplug] was disabled because it doesn't support the given collection type.
254 [13360] INFO perfrun.sdk <> - Allocating TMU :D:\UE4SourceCode\SoftRasterizer\My Advisor Results - SoftRasterizer\e000\hs009\data.0\systemcollector-6376-JU3H237682QNK4L.sc
309 [13360] INFO perfrun.launcher <> - plugin [] was disabled because it doesn't support the given collection type.
312 [13360] INFO perfrun.launcher <> - plugin [] was disabled because it doesn't support the given collection type.
312 [13360] INFO perfrun.launcher <> - plugin [gpu] was disabled because it doesn't support the given collection type.
312 [13360] INFO perfrun.launcher <> - plugin [] was disabled because it doesn't support the given collection type.
312 [13360] INFO perfrun.launcher <> - plugin [] was disabled because it doesn't support the given collection type.
312 [13360] INFO perfrun.launcher <> - plugin [] was disabled because it doesn't support the given collection type.
312 [13360] INFO perfrun.mrte <> - system-wide mode is 0
312 [13360] INFO perfrun.mrte <> - Getting  mrte profiling environment ...
407 [13360] INFO perfrun.mrte <> - INTEL_MRTE_DATA_DIR=D:\UE4SourceCode\SoftRasterizer\My Advisor Results - SoftRasterizer\e000\hs009\data.0
407 [13360] INFO perfrun.mrte <> - INTEL_MRTE_HOST_NAME=JU3H237682QNK4L
407 [13360] INFO perfrun.mrte <> - JAVA_TOOL_OPTIONS=-agentlib:advixe_tpssmrte_javaprof_1.0
407 [13360] INFO perfrun.mrte <> - PATH=C:\Program Files (x86)\Intel\oneAPI\advisor\2022.0.0\bin32\runtime;C:\Program Files (x86)\Intel\oneAPI\advisor\2022.0.0\bin64\runtime;C:\Program Files\Java\jdk1.8.0_191\bin;C:\Program Files\NVIDIA Corporation\NVIDIA NvDLISR;C:\windows\system32;C:\Program Files\Git\cmd;C:\Users\Administrator\AppData\Local\Microsoft\WindowsApps;C:\Users\Administrator\AppData\Local\Programs\Microsoft VS Code\bin;C:\Users\Administrator\AppData\Roaming\npm;C:\Users\Administrator\AppData\Local\GitHubDesktop\bin
407 [13360] INFO perfrun.mrte <> - COR_ENABLE_PROFILING=1
407 [13360] INFO perfrun.mrte <> - COR_PROFILER={2603158F-60BC-4915-9795-D85FC7A9A2C8}
407 [13360] INFO perfrun.mrte <> - COMPLUS_ProfAPI_ProfilerCompatibilitySetting=EnableV2Profiler
407 [13360] INFO perfrun.mrte <> - CORECLR_ENABLE_PROFILING=1
407 [13360] INFO perfrun.mrte <> - CORECLR_PROFILER=
407 [13360] INFO perfrun.mrte <> - CORECLR_PROFILER_PATH=C:\Program Files (x86)\Intel\oneAPI\advisor\2022.0.0\bin64/
407 [13360] INFO perfrun.mrte <> - INTEL_MRTE_PROFILER_MODE=mixed
407 [13360] INFO perfrun.mrte <> - Data directory: D:\UE4SourceCode\SoftRasterizer\My Advisor Results - SoftRasterizer\e000\hs009\data.0
407 [13360] INFO perfrun.mrte <> - Mrte plugin is initialized
407 [13360] INFO perfrun.launcher <> - plugin [] was disabled because it doesn't support the given collection type.
407 [13360] INFO perfrun.launcher <> - plugin [] was disabled because it doesn't support the given collection type.
407 [13360] INFO perfrun.launcher <> - plugin [] was disabled because it doesn't support the given collection type.
407 [13360] INFO perfrun.launcher <> - plugin [] was disabled because it doesn't support the given collection type.
407 [13360] INFO perfrun.launcher <> - plugin [] was disabled because it doesn't support the given collection type.
407 [13360] INFO perfrun.launcher <> - plugin [] was disabled because it doesn't support the given collection type.
407 [13360] INFO perfrun.launcher <> - plugin [] was disabled because it doesn't support the given collection type.
407 [13360] INFO perfrun.tpss <> - initialize tpss controller
407 [13360] INFO perfrun.tpss <> - configure collection mode: value = cpu:stack
407 [13360] INFO perfrun.tpss <> - default obj-size-min=1024
407 [13360] INFO perfrun.tpss <> - default hash-table-size=0
407 [13360] INFO perfrun.launcher <> - plugin [] was disabled because it doesn't support the given collection type.
407 [13360] INFO perfrun.launcher <> - plugin [] was disabled because it doesn't support the given collection type.
407 [13360] INFO perfrun.launcher <> - plugin [] was disabled because it doesn't support the given collection type.
407 [13360] INFO perfrun.launcher <> - plugin [] was disabled because it doesn't support the given collection type.
407 [13360] INFO perfrun.launcher <> - plugin [] was disabled because it doesn't support the given collection type.
408 [13360] INFO perfrun.launcher <> - plugin [] was disabled because it doesn't support the given collection type.
408 [13360] INFO perfrun.launcher <> - plugin [] was disabled because it doesn't support the given collection type.
408 [13360] INFO perfrun.launcher <> - plugin [] was disabled because it doesn't support the given collection type.
408 [13360] INFO perfrun.launcher <> - plugin [] was disabled because it doesn't support the given collection type.
408 [23284] INFO perfrun.launcher <> - set environment variable: PATH = C:\Program Files (x86)\Intel\oneAPI\advisor\2022.0.0\bin32\runtime;C:\Program Files (x86)\Intel\oneAPI\advisor\2022.0.0\bin64\runtime;C:\Program Files\Java\jdk1.8.0_191\bin;C:\Program Files\NVIDIA Corporation\NVIDIA NvDLISR;C:\windows\system32;C:\Program Files\Git\cmd;C:\Users\Administrator\AppData\Local\Microsoft\WindowsApps;C:\Users\Administrator\AppData\Local\Programs\Microsoft VS Code\bin;C:\Users\Administrator\AppData\Roaming\npm;C:\Users\Administrator\AppData\Local\GitHubDesktop\bin
408 [23284] INFO perfrun.launcher <> - set environment variable: INTEL_LIBITTNOTIFY32 = C:\Program Files (x86)\Intel\oneAPI\advisor\2022.0.0\bin32\runtime\ittnotify_collector.dll
408 [23284] INFO perfrun.launcher <> - set environment variable: INTEL_LIBITTNOTIFY64 = C:\Program Files (x86)\Intel\oneAPI\advisor\2022.0.0\bin64\runtime\ittnotify_collector.dll
408 [23284] INFO perfrun.launcher <> - set environment variable: INTEL_ITTNOTIFY_GROUPS = 
408 [23284] INFO perfrun.launcher <> - set environment variable: INTEL_JIT_PROFILER32 = C:\Program Files (x86)\Intel\oneAPI\advisor\2022.0.0\bin32\runtime\ittnotify_collector.dll
408 [23284] INFO perfrun.launcher <> - set environment variable: INTEL_JIT_PROFILER64 = C:\Program Files (x86)\Intel\oneAPI\advisor\2022.0.0\bin64\runtime\ittnotify_collector.dll
408 [23284] INFO perfrun.launcher <> - set environment variable: VS_PROFILER = ittnotify_collector.dll
408 [23284] INFO perfrun.launcher <> - set environment variable: OMP_TOOL_LIBRARIES = C:\Program Files (x86)\Intel\oneAPI\advisor\2022.0.0\bin32\runtime\ittnotify_collector.dll;C:\Program Files (x86)\Intel\oneAPI\advisor\2022.0.0\bin64\runtime\ittnotify_collector.dll
408 [23284] INFO perfrun.launcher <> - set environment variable: ENABLE_JITPROFILING = 1
408 [23284] INFO perfrun.launcher <> - set environment variable: CL_CONFIG_USE_VTUNE = True
408 [23284] INFO perfrun.launcher <> - set environment variable: KMP_FORKJOIN_FRAMES = 0
408 [23284] INFO perfrun.launcher <> - set environment variable: KMP_FORKJOIN_FRAMES_MODE = 0
408 [23284] INFO perfrun.launcher <> - set environment variable: OMP_TOOL = disabled
408 [23284] INFO perfrun.launcher <> - set environment variable: INTEL_MRTE_DATA_DIR = D:\UE4SourceCode\SoftRasterizer\My Advisor Results - SoftRasterizer\e000\hs009\data.0
408 [23284] INFO perfrun.launcher <> - set environment variable: INTEL_MRTE_HOST_NAME = JU3H237682QNK4L
408 [23284] INFO perfrun.launcher <> - set environment variable: JAVA_TOOL_OPTIONS = -agentlib:advixe_tpssmrte_javaprof_1.0
408 [23284] INFO perfrun.launcher <> - set environment variable: PATH = C:\Program Files (x86)\Intel\oneAPI\advisor\2022.0.0\bin32\runtime;C:\Program Files (x86)\Intel\oneAPI\advisor\2022.0.0\bin64\runtime;C:\Program Files\Java\jdk1.8.0_191\bin;C:\Program Files\NVIDIA Corporation\NVIDIA NvDLISR;C:\windows\system32;C:\Program Files\Git\cmd;C:\Users\Administrator\AppData\Local\Microsoft\WindowsApps;C:\Users\Administrator\AppData\Local\Programs\Microsoft VS Code\bin;C:\Users\Administrator\AppData\Roaming\npm;C:\Users\Administrator\AppData\Local\GitHubDesktop\bin
409 [23284] INFO perfrun.launcher <> - set environment variable: COR_ENABLE_PROFILING = 1
409 [23284] INFO perfrun.launcher <> - set environment variable: COR_PROFILER = {2603158F-60BC-4915-9795-D85FC7A9A2C8}
409 [23284] INFO perfrun.launcher <> - set environment variable: COMPLUS_ProfAPI_ProfilerCompatibilitySetting = EnableV2Profiler
409 [23284] INFO perfrun.launcher <> - set environment variable: CORECLR_ENABLE_PROFILING = 1
409 [23284] INFO perfrun.launcher <> - set environment variable: CORECLR_PROFILER = 
409 [23284] INFO perfrun.launcher <> - set environment variable: CORECLR_PROFILER_PATH = C:\Program Files (x86)\Intel\oneAPI\advisor\2022.0.0\bin64/
409 [23284] INFO perfrun.launcher <> - set environment variable: INTEL_MRTE_PROFILER_MODE = mixed
409 [23284] INFO perfrun.launcher <> - RpcServer: run RPC server to handle requests
433 [23284] INFO perfrun.sdk <> - IProcessUtil: the given executable 'D:\UE4SourceCode\SoftRasterizer\x64\Release\SoftRasterizer.exe' is valid.
433 [23284] INFO perfrun.launcher <> - Launcher: command line to start before modification = D:\UE4SourceCode\SoftRasterizer\x64\Release\SoftRasterizer.exe
436 [23284] INFO perfrun.launcher <> - Launcher: command line to start after modification = C:\Program Files (x86)\Intel\oneAPI\advisor\2022.0.0\bin64\pin.exe -error_file D:\UE4SourceCode\SoftRasterizer\My Advisor Results - SoftRasterizer\e000\hs009\data.0\pinerr.tpsslog -detach_reattach -probe -follow_execv -p32 C:\Program Files (x86)\Intel\oneAPI\advisor\2022.0.0\bin32\pin.exe -p64 C:\Program Files (x86)\Intel\oneAPI\advisor\2022.0.0\bin64\pin.exe -t64 C:\Program Files (x86)\Intel\oneAPI\advisor\2022.0.0\bin64\tpsstool.dll -t C:\Program Files (x86)\Intel\oneAPI\advisor\2022.0.0\bin32\tpsstool.dll -server_name tpss_ipc.6376 -prd_dir C:\Program Files (x86)\Intel\oneAPI\advisor\2022.0.0 -- D:\UE4SourceCode\SoftRasterizer\x64\Release\SoftRasterizer.exe
436 [23284] INFO perfrun.launcher <> - ProcessCreator object was created
438 [23284] INFO perfrun.launcher <> - Launcher: the process was started in suspend mode
440 [13360] INFO perfrun.itt <> - start itt controller for pid #18616
440 [13360] INFO perfrun.tpss <> - start tpss controller for pid #18616
507 [23284] INFO perfrun.launcher <> - Launcher: all plugins were started
507 [23284] INFO perfrun.launcher <> - DirectoryMonitor object was created
507 [23284] INFO perfrun.launcher <> - DirectoryMonitor: a callback was added
507 [23284] INFO perfrun.launcher <> - DirectoryMonitor was started with pingTime = 1000
507 [23284] INFO perfrun.launcher <> - DeadlineTimer is going to be constructed
508 [23284] INFO perfrun.launcher <> - DeadlineTimer: a callback was added
515 [23284] INFO perfrun.launcher <> - Launcher: resume the profiled application and  wait its termination or stop command
7600 [23284] INFO perfrun.launcher <> - Launcher: the profiled application was terminated  with exit code = 0
7607 [13360] INFO perfrun.itt <> - detach itt controller
7607 [13360] INFO perfrun.itt <> - detach itt controller done
7607 [13360] INFO perfrun.tpss <> - stop tpss controller
7608 [13360] INFO perfrun.sdk <> - De-allocating TMU: D:\UE4SourceCode\SoftRasterizer\My Advisor Results - SoftRasterizer\e000\hs009\data.0\systemcollector-6376-JU3H237682QNK4L.sc
7631 [13360] INFO perfrun.system <> - closed the system trace file: D:\UE4SourceCode\SoftRasterizer\My Advisor Results - SoftRasterizer\e000\hs009\data.0\systemcollector-6376-JU3H237682QNK4L.sc
7631 [23284] INFO perfrun.launcher <> - Launcher: all plugins were stopped.
7631 [23284] INFO perfrun.launcher <> - DeadlineTimer is going to be destroyed
7632 [23284] INFO perfrun.launcher <> - DeadlineTimer was destroyed
7632 [23284] INFO perfrun.launcher <> - DirectoryMonitor object was destroyed
7632 [23284] WARN perfrun.launcher <> - Stop command is ignored because it is received when collection is already stopped, at file: vcs\perfrun1\launcher\src\command_handler.cpp:212
7633 [23284] INFO perfrun.launcher <> - Application exit code: 0
7633 [23284] INFO perfrun.launcher <> - Exit code: 0
