84 [20276] INFO perfrun.launcher <> - Launcher main begin
91 [20276] INFO perfrun.launcher <> - MessageCatalogInit finished
91 [20276] INFO perfrun.launcher <> - Launcher instance created
91 [20276] INFO perfrun.launcher <> - argc = 6; cmdline = C:\Program Files (x86)\Intel\oneAPI\advisor\2022.0.0\bin64\advixe-runss.exe --ui-output-format xml --ui-output-fd 5140 --context-value-list 
114 [20276] INFO perfrun.launcher <> - New signal handler callback was added
222 [20276] INFO perfrun.launcher <> - create msngr2::ICliToolContext
223 [20276] INFO perfrun.launcher <> - create file finder object
224 [20276] INFO perfrun.launcher <> - Put into the variant bag the context value: name = targetOS; value = Windows
224 [20276] INFO perfrun.launcher <> - Put into the variant bag the context value: name = OS; value = Windows
224 [20276] INFO perfrun.launcher <> - Put into the variant bag the context value: name = OSBuildNumber; value = 19042
224 [20276] INFO perfrun.launcher <> - Put into the variant bag the context value: name = OSBitness; value = 64
224 [20276] INFO perfrun.launcher <> - Put into the variant bag the context value: name = AdministratorPrivileges; value = true
224 [20276] INFO perfrun.launcher <> - Put into the variant bag the context value: name = isPtraceScopeLimited; value = false
224 [20276] INFO perfrun.launcher <> - Put into the variant bag the context value: name = isCATSupportedByCPU; value = false
224 [20276] INFO perfrun.launcher <> - Put into the variant bag the context value: name = isL3MonitoringSupportedByCPU; value = false
224 [20276] INFO perfrun.launcher <> - Put into the variant bag the context value: name = isTSXAvailable; value = false
224 [20276] INFO perfrun.launcher <> - Put into the variant bag the context value: name = isPTAvailable; value = false
224 [20276] INFO perfrun.launcher <> - Put into the variant bag the context value: name = isHTEnabled; value = true
224 [20276] INFO perfrun.launcher <> - Put into the variant bag the context value: name = fpgaOnBoard; value = None
224 [20276] INFO perfrun.launcher <> - Put into the variant bag the context value: name = omniPathOnBoard; value = None
224 [20276] INFO perfrun.launcher <> - Put into the variant bag the context value: name = pciClassParts; value = 
224 [20276] INFO perfrun.launcher <> - Put into the variant bag the context value: name = tidValuesForIO; value = 
225 [20276] INFO perfrun.launcher <> - Put into the variant bag the context value: name = populatedIoParts; value = 
225 [20276] INFO perfrun.launcher <> - Put into the variant bag the context value: name = populatedIoUnits; value = 
225 [20276] INFO perfrun.launcher <> - Put into the variant bag the context value: name = populatedTidValuesForIO; value = 
225 [20276] INFO perfrun.launcher <> - Put into the variant bag the context value: name = isSGXAvailable; value = false
225 [20276] INFO perfrun.launcher <> - Put into the variant bag the context value: name = Hypervisor; value = None
225 [20276] INFO perfrun.launcher <> - Put into the variant bag the context value: name = PerfmonVersion; value = 0
225 [20276] INFO perfrun.launcher <> - Put into the variant bag the context value: name = isMaxDRAMBandwidthMeasurementSupported; value = false
225 [20276] INFO perfrun.launcher <> - Put into the variant bag the context value: name = preferedGpuAdapter; value = 0:30:0.0
225 [20276] INFO perfrun.launcher <> - Put into the variant bag the context value: name = isEHFIAvailable; value = false
225 [20276] INFO perfrun.launcher <> - Put into the variant bag the context value: name = areGpuHardwareMetricsAvailableList; value = 
225 [20276] INFO perfrun.launcher <> - Put into the variant bag the context value: name = gpuPlatformIndexList; value = 
225 [20276] INFO perfrun.launcher <> - Put into the variant bag the context value: name = isTPSSAvailable; value = true
225 [20276] INFO perfrun.launcher <> - Put into the variant bag the context value: name = isPytraceAvailable; value = true
225 [20276] INFO perfrun.launcher <> - Put into the variant bag the context value: name = isGENDebugInfoAvailableList; value = 
225 [20276] INFO perfrun.launcher <> - Put into the variant bag the context value: name = isGTPinCollectionAvailableList; value = 
226 [20276] INFO perfrun.launcher <> - Put into the variant bag the context value: name = forceShowInlines; value = false
226 [20276] INFO perfrun.launcher <> - Application exit code: 0
226 [20276] INFO perfrun.launcher <> - Exit code: 0
