47 [34744] INFO perfrun.launcher <> - Launcher main begin
51 [34744] INFO perfrun.launcher <> - MessageCatalogInit finished
51 [34744] INFO perfrun.launcher <> - Launcher instance created
51 [34744] INFO perfrun.launcher <> - argc = 6; cmdline = C:\Program Files (x86)\Intel\oneAPI\advisor\2022.0.0\bin64\advixe-runss.exe --ui-output-format xml --ui-output-fd 6280 --context-value-list 
64 [34744] INFO perfrun.launcher <> - New signal handler callback was added
99 [34744] INFO perfrun.launcher <> - create msngr2::ICliToolContext
99 [34744] INFO perfrun.launcher <> - create file finder object
100 [34744] INFO perfrun.launcher <> - Put into the variant bag the context value: name = targetOS; value = Windows
100 [34744] INFO perfrun.launcher <> - Put into the variant bag the context value: name = OS; value = Windows
100 [34744] INFO perfrun.launcher <> - Put into the variant bag the context value: name = OSBuildNumber; value = 19043
100 [34744] INFO perfrun.launcher <> - Put into the variant bag the context value: name = OSBitness; value = 64
100 [34744] INFO perfrun.launcher <> - Put into the variant bag the context value: name = AdministratorPrivileges; value = false
100 [34744] INFO perfrun.launcher <> - Put into the variant bag the context value: name = isPtraceScopeLimited; value = false
100 [34744] INFO perfrun.launcher <> - Put into the variant bag the context value: name = isCATSupportedByCPU; value = false
100 [34744] INFO perfrun.launcher <> - Put into the variant bag the context value: name = isL3MonitoringSupportedByCPU; value = false
100 [34744] INFO perfrun.launcher <> - Put into the variant bag the context value: name = isTSXAvailable; value = false
100 [34744] INFO perfrun.launcher <> - Put into the variant bag the context value: name = isPTAvailable; value = true
100 [34744] INFO perfrun.launcher <> - Put into the variant bag the context value: name = isHTEnabled; value = true
100 [34744] INFO perfrun.launcher <> - Put into the variant bag the context value: name = fpgaOnBoard; value = None
100 [34744] INFO perfrun.launcher <> - Put into the variant bag the context value: name = omniPathOnBoard; value = None
100 [34744] INFO perfrun.launcher <> - Put into the variant bag the context value: name = pciClassParts; value = 
100 [34744] INFO perfrun.launcher <> - Put into the variant bag the context value: name = tidValuesForIO; value = 
100 [34744] INFO perfrun.launcher <> - Put into the variant bag the context value: name = populatedIoParts; value = 
100 [34744] INFO perfrun.launcher <> - Put into the variant bag the context value: name = populatedIoUnits; value = 
100 [34744] INFO perfrun.launcher <> - Put into the variant bag the context value: name = populatedTidValuesForIO; value = 
100 [34744] INFO perfrun.launcher <> - Put into the variant bag the context value: name = isSGXAvailable; value = true
100 [34744] INFO perfrun.launcher <> - Put into the variant bag the context value: name = Hypervisor; value = None
100 [34744] INFO perfrun.launcher <> - Put into the variant bag the context value: name = PerfmonVersion; value = 4
100 [34744] INFO perfrun.launcher <> - Put into the variant bag the context value: name = isMaxDRAMBandwidthMeasurementSupported; value = false
100 [34744] INFO perfrun.launcher <> - Put into the variant bag the context value: name = preferedGpuAdapter; value = 0:1:0.0
100 [34744] INFO perfrun.launcher <> - Put into the variant bag the context value: name = isEHFIAvailable; value = false
100 [34744] INFO perfrun.launcher <> - Put into the variant bag the context value: name = areGpuHardwareMetricsAvailableList; value = 
100 [34744] INFO perfrun.launcher <> - Put into the variant bag the context value: name = gpuPlatformIndexList; value = 
100 [34744] INFO perfrun.launcher <> - Put into the variant bag the context value: name = isTPSSAvailable; value = true
100 [34744] INFO perfrun.launcher <> - Put into the variant bag the context value: name = isPytraceAvailable; value = true
100 [34744] INFO perfrun.launcher <> - Put into the variant bag the context value: name = isGENDebugInfoAvailableList; value = 
101 [34744] INFO perfrun.launcher <> - Put into the variant bag the context value: name = isGTPinCollectionAvailableList; value = 
101 [34744] INFO perfrun.launcher <> - Put into the variant bag the context value: name = forceShowInlines; value = false
101 [34744] INFO perfrun.launcher <> - Application exit code: 0
101 [34744] INFO perfrun.launcher <> - Exit code: 0
