48 [34096] INFO perfrun.launcher <> - Launcher main begin
52 [34096] INFO perfrun.launcher <> - MessageCatalogInit finished
52 [34096] INFO perfrun.launcher <> - Launcher instance created
52 [34096] INFO perfrun.launcher <> - argc = 7; cmdline = C:\Program Files (x86)\Intel\oneAPI\advisor\2022.0.0\bin64\advixe-runss.exe --ui-output-format xml --ui-output-fd 6328 --option-file C:\Users\admin\Documents\SoftRasterizer\My Advisor Results - SoftRasterizer\e000\hs022\config\runss.options 
64 [34096] INFO perfrun.launcher <> - New signal handler callback was added
99 [34096] INFO perfrun.launcher <> - create msngr2::ICliToolContext
100 [34096] INFO perfrun.launcher <> - create file finder object
100 [34096] INFO perfrun.launcher <> - create a result directory: pattern = C:\Users\admin\Documents\SoftRasterizer\My Advisor Results - SoftRasterizer\e000\hs022 pid = 4294967295
104 [34096] INFO perfrun.launcher <> - create data directory = C:\Users\admin\Documents\SoftRasterizer\My Advisor Results - SoftRasterizer\e000\hs022\data.0
104 [34096] INFO perfrun.launcher <> - Creating the master collection flag
111 [34096] INFO perfrun.launcher <> - Done creating the master collection flag
111 [11036] INFO perfrun.launcher <> - plugin [remoteplug] was disabled because it doesn't support the given collection type.
111 [11036] INFO perfrun.sdk <> - Allocating TMU :C:\Users\admin\Documents\SoftRasterizer\My Advisor Results - SoftRasterizer\e000\hs022\data.0\systemcollector-23216-DESKTOP-A4J504P.sc
112 [11036] INFO perfrun.launcher <> - plugin [] was disabled because it doesn't support the given collection type.
114 [11036] INFO perfrun.launcher <> - plugin [] was disabled because it doesn't support the given collection type.
114 [11036] INFO perfrun.launcher <> - plugin [gpu] was disabled because it doesn't support the given collection type.
114 [11036] INFO perfrun.launcher <> - plugin [] was disabled because it doesn't support the given collection type.
114 [11036] INFO perfrun.launcher <> - plugin [] was disabled because it doesn't support the given collection type.
114 [11036] INFO perfrun.launcher <> - plugin [] was disabled because it doesn't support the given collection type.
114 [11036] INFO perfrun.mrte <> - system-wide mode is 0
114 [11036] INFO perfrun.mrte <> - Getting  mrte profiling environment ...
155 [11036] INFO perfrun.mrte <> - INTEL_MRTE_DATA_DIR=C:\Users\admin\Documents\SoftRasterizer\My Advisor Results - SoftRasterizer\e000\hs022\data.0
155 [11036] INFO perfrun.mrte <> - INTEL_MRTE_HOST_NAME=DESKTOP-A4J504P
155 [11036] INFO perfrun.mrte <> - JAVA_TOOL_OPTIONS=-agentlib:advixe_tpssmrte_javaprof_1.0
155 [11036] INFO perfrun.mrte <> - PATH=C:\Program Files (x86)\Intel\oneAPI\advisor\2022.0.0\bin32\runtime;C:\Program Files (x86)\Intel\oneAPI\advisor\2022.0.0\bin64\runtime;C:\Windows\system32;C:\Windows;C:\Windows\System32\Wbem;C:\Windows\System32\WindowsPowerShell\v1.0\;C:\Windows\System32\OpenSSH\;C:\Program Files\dotnet\;C:\Program Files (x86)\Windows Kits\10\Windows Performance Toolkit\;C:\Program Files\Git\cmd;C:\Program Files\nodejs\;C:\Program Files\LLVM\bin;C:\Program Files\nodejs\node_global;;C:\Program Files\NVIDIA Corporation\NVIDIA NvDLISR;C:\Program Files (x86)\NVIDIA Corporation\PhysX\Common;C:\Program Files\SourceGear\Common\DiffMerge\;C:\Users\admin\AppData\Local\Programs\Python\Python39\Scripts\;C:\Users\admin\AppData\Local\Programs\Python\Python39\;C:\Users\admin\AppData\Local\Microsoft\WindowsApps;C:\Users\admin\.dotnet\tools;C:\Users\admin\AppData\Local\GitHubDesktop\bin;C:\Users\admin\AppData\Roaming\npm;C:\Users\admin\AppData\Local\Programs\Microsoft VS Code\bin;D:\ffmpeg\bin;C:\Users\admin\Documents\rife-ncnn-vulkan-20210520-windows;
155 [11036] INFO perfrun.mrte <> - COR_ENABLE_PROFILING=1
155 [11036] INFO perfrun.mrte <> - COR_PROFILER={2603158F-60BC-4915-9795-D85FC7A9A2C8}
155 [11036] INFO perfrun.mrte <> - COMPLUS_ProfAPI_ProfilerCompatibilitySetting=EnableV2Profiler
155 [11036] INFO perfrun.mrte <> - CORECLR_ENABLE_PROFILING=1
155 [11036] INFO perfrun.mrte <> - CORECLR_PROFILER=
155 [11036] INFO perfrun.mrte <> - CORECLR_PROFILER_PATH=C:\Program Files (x86)\Intel\oneAPI\advisor\2022.0.0\bin64/
155 [11036] INFO perfrun.mrte <> - INTEL_MRTE_PROFILER_MODE=mixed
155 [11036] INFO perfrun.mrte <> - Data directory: C:\Users\admin\Documents\SoftRasterizer\My Advisor Results - SoftRasterizer\e000\hs022\data.0
155 [11036] INFO perfrun.mrte <> - Mrte plugin is initialized
155 [11036] INFO perfrun.launcher <> - plugin [] was disabled because it doesn't support the given collection type.
155 [11036] INFO perfrun.launcher <> - plugin [] was disabled because it doesn't support the given collection type.
155 [11036] INFO perfrun.launcher <> - plugin [] was disabled because it doesn't support the given collection type.
155 [11036] INFO perfrun.launcher <> - plugin [] was disabled because it doesn't support the given collection type.
155 [11036] INFO perfrun.launcher <> - plugin [] was disabled because it doesn't support the given collection type.
155 [11036] INFO perfrun.launcher <> - plugin [] was disabled because it doesn't support the given collection type.
155 [11036] INFO perfrun.launcher <> - plugin [] was disabled because it doesn't support the given collection type.
155 [11036] INFO perfrun.tpss <> - initialize tpss controller
155 [11036] INFO perfrun.tpss <> - configure collection mode: value = cpu:stack
155 [11036] INFO perfrun.tpss <> - default obj-size-min=1024
155 [11036] INFO perfrun.tpss <> - default hash-table-size=0
155 [11036] INFO perfrun.launcher <> - plugin [] was disabled because it doesn't support the given collection type.
155 [11036] INFO perfrun.launcher <> - plugin [] was disabled because it doesn't support the given collection type.
155 [11036] INFO perfrun.launcher <> - plugin [] was disabled because it doesn't support the given collection type.
155 [11036] INFO perfrun.launcher <> - plugin [] was disabled because it doesn't support the given collection type.
155 [11036] INFO perfrun.launcher <> - plugin [] was disabled because it doesn't support the given collection type.
155 [11036] INFO perfrun.launcher <> - plugin [] was disabled because it doesn't support the given collection type.
155 [11036] INFO perfrun.launcher <> - plugin [] was disabled because it doesn't support the given collection type.
155 [11036] INFO perfrun.launcher <> - plugin [] was disabled because it doesn't support the given collection type.
155 [11036] INFO perfrun.launcher <> - plugin [] was disabled because it doesn't support the given collection type.
156 [34096] INFO perfrun.launcher <> - set environment variable: PATH = C:\Program Files (x86)\Intel\oneAPI\advisor\2022.0.0\bin32\runtime;C:\Program Files (x86)\Intel\oneAPI\advisor\2022.0.0\bin64\runtime;C:\Windows\system32;C:\Windows;C:\Windows\System32\Wbem;C:\Windows\System32\WindowsPowerShell\v1.0\;C:\Windows\System32\OpenSSH\;C:\Program Files\dotnet\;C:\Program Files (x86)\Windows Kits\10\Windows Performance Toolkit\;C:\Program Files\Git\cmd;C:\Program Files\nodejs\;C:\Program Files\LLVM\bin;C:\Program Files\nodejs\node_global;;C:\Program Files\NVIDIA Corporation\NVIDIA NvDLISR;C:\Program Files (x86)\NVIDIA Corporation\PhysX\Common;C:\Program Files\SourceGear\Common\DiffMerge\;C:\Users\admin\AppData\Local\Programs\Python\Python39\Scripts\;C:\Users\admin\AppData\Local\Programs\Python\Python39\;C:\Users\admin\AppData\Local\Microsoft\WindowsApps;C:\Users\admin\.dotnet\tools;C:\Users\admin\AppData\Local\GitHubDesktop\bin;C:\Users\admin\AppData\Roaming\npm;C:\Users\admin\AppData\Local\Programs\Microsoft VS Code\bin;D:\ffmpeg\bin;C:\Users\admin\Documents\rife-ncnn-vulkan-20210520-windows;
156 [34096] INFO perfrun.launcher <> - set environment variable: INTEL_LIBITTNOTIFY32 = C:\Program Files (x86)\Intel\oneAPI\advisor\2022.0.0\bin32\runtime\ittnotify_collector.dll
156 [34096] INFO perfrun.launcher <> - set environment variable: INTEL_LIBITTNOTIFY64 = C:\Program Files (x86)\Intel\oneAPI\advisor\2022.0.0\bin64\runtime\ittnotify_collector.dll
156 [34096] INFO perfrun.launcher <> - set environment variable: INTEL_ITTNOTIFY_GROUPS = 
156 [34096] INFO perfrun.launcher <> - set environment variable: INTEL_JIT_PROFILER32 = C:\Program Files (x86)\Intel\oneAPI\advisor\2022.0.0\bin32\runtime\ittnotify_collector.dll
156 [34096] INFO perfrun.launcher <> - set environment variable: INTEL_JIT_PROFILER64 = C:\Program Files (x86)\Intel\oneAPI\advisor\2022.0.0\bin64\runtime\ittnotify_collector.dll
156 [34096] INFO perfrun.launcher <> - set environment variable: VS_PROFILER = ittnotify_collector.dll
156 [34096] INFO perfrun.launcher <> - set environment variable: OMP_TOOL_LIBRARIES = C:\Program Files (x86)\Intel\oneAPI\advisor\2022.0.0\bin32\runtime\ittnotify_collector.dll;C:\Program Files (x86)\Intel\oneAPI\advisor\2022.0.0\bin64\runtime\ittnotify_collector.dll
156 [34096] INFO perfrun.launcher <> - set environment variable: ENABLE_JITPROFILING = 1
156 [34096] INFO perfrun.launcher <> - set environment variable: CL_CONFIG_USE_VTUNE = True
156 [34096] INFO perfrun.launcher <> - set environment variable: KMP_FORKJOIN_FRAMES = 0
156 [34096] INFO perfrun.launcher <> - set environment variable: KMP_FORKJOIN_FRAMES_MODE = 0
156 [34096] INFO perfrun.launcher <> - set environment variable: OMP_TOOL = disabled
156 [34096] INFO perfrun.launcher <> - set environment variable: INTEL_MRTE_DATA_DIR = C:\Users\admin\Documents\SoftRasterizer\My Advisor Results - SoftRasterizer\e000\hs022\data.0
156 [34096] INFO perfrun.launcher <> - set environment variable: INTEL_MRTE_HOST_NAME = DESKTOP-A4J504P
157 [34096] INFO perfrun.launcher <> - set environment variable: JAVA_TOOL_OPTIONS = -agentlib:advixe_tpssmrte_javaprof_1.0
157 [34096] INFO perfrun.launcher <> - set environment variable: PATH = C:\Program Files (x86)\Intel\oneAPI\advisor\2022.0.0\bin32\runtime;C:\Program Files (x86)\Intel\oneAPI\advisor\2022.0.0\bin64\runtime;C:\Windows\system32;C:\Windows;C:\Windows\System32\Wbem;C:\Windows\System32\WindowsPowerShell\v1.0\;C:\Windows\System32\OpenSSH\;C:\Program Files\dotnet\;C:\Program Files (x86)\Windows Kits\10\Windows Performance Toolkit\;C:\Program Files\Git\cmd;C:\Program Files\nodejs\;C:\Program Files\LLVM\bin;C:\Program Files\nodejs\node_global;;C:\Program Files\NVIDIA Corporation\NVIDIA NvDLISR;C:\Program Files (x86)\NVIDIA Corporation\PhysX\Common;C:\Program Files\SourceGear\Common\DiffMerge\;C:\Users\admin\AppData\Local\Programs\Python\Python39\Scripts\;C:\Users\admin\AppData\Local\Programs\Python\Python39\;C:\Users\admin\AppData\Local\Microsoft\WindowsApps;C:\Users\admin\.dotnet\tools;C:\Users\admin\AppData\Local\GitHubDesktop\bin;C:\Users\admin\AppData\Roaming\npm;C:\Users\admin\AppData\Local\Programs\Microsoft VS Code\bin;D:\ffmpeg\bin;C:\Users\admin\Documents\rife-ncnn-vulkan-20210520-windows;
157 [34096] INFO perfrun.launcher <> - set environment variable: COR_ENABLE_PROFILING = 1
157 [34096] INFO perfrun.launcher <> - set environment variable: COR_PROFILER = {2603158F-60BC-4915-9795-D85FC7A9A2C8}
157 [34096] INFO perfrun.launcher <> - set environment variable: COMPLUS_ProfAPI_ProfilerCompatibilitySetting = EnableV2Profiler
157 [34096] INFO perfrun.launcher <> - set environment variable: CORECLR_ENABLE_PROFILING = 1
157 [34096] INFO perfrun.launcher <> - set environment variable: CORECLR_PROFILER = 
157 [34096] INFO perfrun.launcher <> - set environment variable: CORECLR_PROFILER_PATH = C:\Program Files (x86)\Intel\oneAPI\advisor\2022.0.0\bin64/
157 [34096] INFO perfrun.launcher <> - set environment variable: INTEL_MRTE_PROFILER_MODE = mixed
157 [34096] INFO perfrun.launcher <> - RpcServer: run RPC server to handle requests
159 [34096] INFO perfrun.sdk <> - IProcessUtil: the given executable 'C:\Users\admin\Documents\SoftRasterizer\x64\Release\SoftRasterizer.exe' is valid.
159 [34096] INFO perfrun.launcher <> - Launcher: command line to start before modification = C:\Users\admin\Documents\SoftRasterizer\x64\Release\SoftRasterizer.exe
161 [34096] INFO perfrun.launcher <> - Launcher: command line to start after modification = C:\Program Files (x86)\Intel\oneAPI\advisor\2022.0.0\bin64\pin.exe -error_file C:\Users\admin\Documents\SoftRasterizer\My Advisor Results - SoftRasterizer\e000\hs022\data.0\pinerr.tpsslog -detach_reattach -probe -follow_execv -p32 C:\Program Files (x86)\Intel\oneAPI\advisor\2022.0.0\bin32\pin.exe -p64 C:\Program Files (x86)\Intel\oneAPI\advisor\2022.0.0\bin64\pin.exe -t64 C:\Program Files (x86)\Intel\oneAPI\advisor\2022.0.0\bin64\tpsstool.dll -t C:\Program Files (x86)\Intel\oneAPI\advisor\2022.0.0\bin32\tpsstool.dll -server_name tpss_ipc.23216 -prd_dir C:\Program Files (x86)\Intel\oneAPI\advisor\2022.0.0 -- C:\Users\admin\Documents\SoftRasterizer\x64\Release\SoftRasterizer.exe
161 [34096] INFO perfrun.launcher <> - ProcessCreator object was created
162 [34096] INFO perfrun.launcher <> - Launcher: the process was started in suspend mode
163 [11036] INFO perfrun.itt <> - start itt controller for pid #30564
163 [11036] INFO perfrun.tpss <> - start tpss controller for pid #30564
224 [34096] INFO perfrun.launcher <> - Launcher: all plugins were started
224 [34096] INFO perfrun.launcher <> - DirectoryMonitor object was created
224 [34096] INFO perfrun.launcher <> - DirectoryMonitor: a callback was added
224 [34096] INFO perfrun.launcher <> - DirectoryMonitor was started with pingTime = 1000
224 [34096] INFO perfrun.launcher <> - DeadlineTimer is going to be constructed
224 [34096] INFO perfrun.launcher <> - DeadlineTimer: a callback was added
231 [34096] INFO perfrun.launcher <> - Launcher: resume the profiled application and  wait its termination or stop command
4453 [34096] INFO perfrun.launcher <> - Launcher: the profiled application was terminated  with exit code = 0
4469 [11036] INFO perfrun.itt <> - detach itt controller
4469 [11036] INFO perfrun.itt <> - detach itt controller done
4469 [11036] INFO perfrun.tpss <> - stop tpss controller
4470 [11036] INFO perfrun.sdk <> - De-allocating TMU: C:\Users\admin\Documents\SoftRasterizer\My Advisor Results - SoftRasterizer\e000\hs022\data.0\systemcollector-23216-DESKTOP-A4J504P.sc
4490 [11036] INFO perfrun.system <> - closed the system trace file: C:\Users\admin\Documents\SoftRasterizer\My Advisor Results - SoftRasterizer\e000\hs022\data.0\systemcollector-23216-DESKTOP-A4J504P.sc
4490 [34096] INFO perfrun.launcher <> - Launcher: all plugins were stopped.
4490 [34096] INFO perfrun.launcher <> - DeadlineTimer is going to be destroyed
4490 [34096] INFO perfrun.launcher <> - DeadlineTimer was destroyed
4490 [34096] INFO perfrun.launcher <> - DirectoryMonitor object was destroyed
4490 [34096] WARN perfrun.launcher <> - Stop command is ignored because it is received when collection is already stopped, at file: vcs\perfrun1\launcher\src\command_handler.cpp:212
4491 [34096] INFO perfrun.launcher <> - Application exit code: 0
4491 [34096] INFO perfrun.launcher <> - Exit code: 0
