46 [23388] INFO perfrun.launcher <> - Launcher main begin
49 [23388] INFO perfrun.launcher <> - MessageCatalogInit finished
50 [23388] INFO perfrun.launcher <> - Launcher instance created
50 [23388] INFO perfrun.launcher <> - argc = 6; cmdline = C:\Program Files (x86)\Intel\oneAPI\advisor\2022.0.0\bin64\advixe-runss.exe --ui-output-format xml --ui-output-fd 6048 --context-value-list 
62 [23388] INFO perfrun.launcher <> - New signal handler callback was added
96 [23388] INFO perfrun.launcher <> - create msngr2::ICliToolContext
96 [23388] INFO perfrun.launcher <> - create file finder object
97 [23388] INFO perfrun.launcher <> - Put into the variant bag the context value: name = targetOS; value = Windows
97 [23388] INFO perfrun.launcher <> - Put into the variant bag the context value: name = OS; value = Windows
97 [23388] INFO perfrun.launcher <> - Put into the variant bag the context value: name = OSBuildNumber; value = 19043
97 [23388] INFO perfrun.launcher <> - Put into the variant bag the context value: name = OSBitness; value = 64
97 [23388] INFO perfrun.launcher <> - Put into the variant bag the context value: name = AdministratorPrivileges; value = false
97 [23388] INFO perfrun.launcher <> - Put into the variant bag the context value: name = isPtraceScopeLimited; value = false
97 [23388] INFO perfrun.launcher <> - Put into the variant bag the context value: name = isCATSupportedByCPU; value = false
97 [23388] INFO perfrun.launcher <> - Put into the variant bag the context value: name = isL3MonitoringSupportedByCPU; value = false
97 [23388] INFO perfrun.launcher <> - Put into the variant bag the context value: name = isTSXAvailable; value = false
97 [23388] INFO perfrun.launcher <> - Put into the variant bag the context value: name = isPTAvailable; value = true
97 [23388] INFO perfrun.launcher <> - Put into the variant bag the context value: name = isHTEnabled; value = true
97 [23388] INFO perfrun.launcher <> - Put into the variant bag the context value: name = fpgaOnBoard; value = None
97 [23388] INFO perfrun.launcher <> - Put into the variant bag the context value: name = omniPathOnBoard; value = None
97 [23388] INFO perfrun.launcher <> - Put into the variant bag the context value: name = pciClassParts; value = 
97 [23388] INFO perfrun.launcher <> - Put into the variant bag the context value: name = tidValuesForIO; value = 
97 [23388] INFO perfrun.launcher <> - Put into the variant bag the context value: name = populatedIoParts; value = 
97 [23388] INFO perfrun.launcher <> - Put into the variant bag the context value: name = populatedIoUnits; value = 
97 [23388] INFO perfrun.launcher <> - Put into the variant bag the context value: name = populatedTidValuesForIO; value = 
97 [23388] INFO perfrun.launcher <> - Put into the variant bag the context value: name = isSGXAvailable; value = true
97 [23388] INFO perfrun.launcher <> - Put into the variant bag the context value: name = Hypervisor; value = None
97 [23388] INFO perfrun.launcher <> - Put into the variant bag the context value: name = PerfmonVersion; value = 4
97 [23388] INFO perfrun.launcher <> - Put into the variant bag the context value: name = isMaxDRAMBandwidthMeasurementSupported; value = false
97 [23388] INFO perfrun.launcher <> - Put into the variant bag the context value: name = preferedGpuAdapter; value = 0:1:0.0
98 [23388] INFO perfrun.launcher <> - Put into the variant bag the context value: name = isEHFIAvailable; value = false
98 [23388] INFO perfrun.launcher <> - Put into the variant bag the context value: name = areGpuHardwareMetricsAvailableList; value = 
98 [23388] INFO perfrun.launcher <> - Put into the variant bag the context value: name = gpuPlatformIndexList; value = 
98 [23388] INFO perfrun.launcher <> - Put into the variant bag the context value: name = isTPSSAvailable; value = true
98 [23388] INFO perfrun.launcher <> - Put into the variant bag the context value: name = isPytraceAvailable; value = true
98 [23388] INFO perfrun.launcher <> - Put into the variant bag the context value: name = isGENDebugInfoAvailableList; value = 
98 [23388] INFO perfrun.launcher <> - Put into the variant bag the context value: name = isGTPinCollectionAvailableList; value = 
98 [23388] INFO perfrun.launcher <> - Put into the variant bag the context value: name = forceShowInlines; value = false
98 [23388] INFO perfrun.launcher <> - Application exit code: 0
98 [23388] INFO perfrun.launcher <> - Exit code: 0
