<?xml version="1.0" encoding="utf-8"?>
<log version="1.0" tool="runtool">

<msg id="1" tool="runtool">
  <type>log-start</type>
  <arg>2022/01/16 12:28:46</arg>
</msg>
<msg id="2" tool="runtool">
  <type>collector-starts</type>
</msg>
<msg id="3" tool="runtool">
  <type>marker-file</type>
  <arg>D:\UE4SourceCode\SoftRasterizer\My Advisor Results - SoftRasterizer\e000\trc000\trc000.advixe</arg>
</msg>
<msg id="4" tool="trc">
  <type>PROCESS_START</type>
  <arg>D:\UE4SourceCode\SoftRasterizer\x64\Release\SoftRasterizer.exe</arg>
  <arg>16044</arg>
  <severity>INFO</severity>
  <timestamp>Sun Jan 16 12:28:46 2022</timestamp>
</msg>
<msg id="5" tool="trc">
  <type>PROCESS_ANALYSIS_MODE</type>
  <arg>full</arg>
  <severity>INFO</severity>
  <timestamp>Sun Jan 16 12:28:46 2022</timestamp>
</msg>
<msg id="6" tool="trc">
  <type>LOAD_MODULE</type>
  <arg>D:\UE4SourceCode\SoftRasterizer\x64\Release\SoftRasterizer.exe</arg>
  <arg>0x7ff7975a0000</arg>
  <arg>0x7ff7975c7fff</arg>
  <arg>yes</arg>
  <severity>INFO</severity>
  <timestamp>Sun Jan 16 12:28:46 2022</timestamp>
</msg>
<msg id="7" tool="trc">
  <type>LOAD_MODULE</type>
  <arg>C:\WINDOWS\System32\KERNELBASE.dll</arg>
  <arg>0x7ffe3f2c0000</arg>
  <arg>0x7ffe3f587fff</arg>
  <arg>yes</arg>
  <severity>INFO</severity>
  <timestamp>Sun Jan 16 12:28:46 2022</timestamp>
</msg>
<msg id="8" tool="trc">
  <type>LOAD_MODULE</type>
  <arg>C:\WINDOWS\System32\KERNEL32.DLL</arg>
  <arg>0x7ffe3fc90000</arg>
  <arg>0x7ffe3fd4dfff</arg>
  <arg>yes</arg>
  <severity>INFO</severity>
  <timestamp>Sun Jan 16 12:28:46 2022</timestamp>
</msg>
<msg id="9" tool="trc">
  <type>LOAD_MODULE</type>
  <arg>C:\WINDOWS\SYSTEM32\ntdll.dll</arg>
  <arg>0x7ffe419f0000</arg>
  <arg>0x7ffe41be4fff</arg>
  <arg>yes</arg>
  <severity>INFO</severity>
  <timestamp>Sun Jan 16 12:28:46 2022</timestamp>
</msg>
<msg id="10" tool="trc">
  <type>LOAD_MODULE</type>
  <arg>C:\WINDOWS\System32\ucrtbase.dll</arg>
  <arg>0x7ffe3f930000</arg>
  <arg>0x7ffe3fa2ffff</arg>
  <arg>yes</arg>
  <severity>INFO</severity>
  <timestamp>Sun Jan 16 12:28:46 2022</timestamp>
</msg>
<msg id="11" tool="trc">
  <type>LOAD_MODULE</type>
  <arg>C:\WINDOWS\System32\SHELL32.dll</arg>
  <arg>0x7ffe40b00000</arg>
  <arg>0x7ffe41243fff</arg>
  <arg>yes</arg>
  <severity>INFO</severity>
  <timestamp>Sun Jan 16 12:28:46 2022</timestamp>
</msg>
<msg id="12" tool="trc">
  <type>LOAD_MODULE</type>
  <arg>C:\WINDOWS\System32\msvcp_win.dll</arg>
  <arg>0x7ffe3f590000</arg>
  <arg>0x7ffe3f62cfff</arg>
  <arg>yes</arg>
  <severity>INFO</severity>
  <timestamp>Sun Jan 16 12:28:46 2022</timestamp>
</msg>
<msg id="13" tool="trc">
  <type>LOAD_MODULE</type>
  <arg>C:\WINDOWS\System32\USER32.dll</arg>
  <arg>0x7ffe405b0000</arg>
  <arg>0x7ffe40750fff</arg>
  <arg>yes</arg>
  <severity>INFO</severity>
  <timestamp>Sun Jan 16 12:28:46 2022</timestamp>
</msg>
<msg id="14" tool="trc">
  <type>LOAD_MODULE</type>
  <arg>C:\WINDOWS\System32\win32u.dll</arg>
  <arg>0x7ffe3f190000</arg>
  <arg>0x7ffe3f1b1fff</arg>
  <arg>yes</arg>
  <severity>INFO</severity>
  <timestamp>Sun Jan 16 12:28:46 2022</timestamp>
</msg>
<msg id="15" tool="trc">
  <type>LOAD_MODULE</type>
  <arg>D:\UE4SourceCode\SoftRasterizer\SDL2.dll</arg>
  <arg>0x7ffdb5760000</arg>
  <arg>0x7ffdb5988fff</arg>
  <arg>yes</arg>
  <severity>INFO</severity>
  <timestamp>Sun Jan 16 12:28:46 2022</timestamp>
</msg>
<msg id="16" tool="trc">
  <type>LOAD_MODULE</type>
  <arg>C:\WINDOWS\SYSTEM32\MSVCP140.dll</arg>
  <arg>0x7ffe27640000</arg>
  <arg>0x7ffe276ccfff</arg>
  <arg>yes</arg>
  <severity>INFO</severity>
  <timestamp>Sun Jan 16 12:28:46 2022</timestamp>
</msg>
<msg id="17" tool="trc">
  <type>LOAD_MODULE</type>
  <arg>D:\UE4SourceCode\SoftRasterizer\assimp-vc142-mtd.dll</arg>
  <arg>0x7ffdb5990000</arg>
  <arg>0x7ffdb6756fff</arg>
  <arg>yes</arg>
  <severity>INFO</severity>
  <timestamp>Sun Jan 16 12:28:47 2022</timestamp>
</msg>
<msg id="18" tool="trc">
  <type>LOAD_MODULE</type>
  <arg>C:\WINDOWS\System32\GDI32.dll</arg>
  <arg>0x7ffe3fee0000</arg>
  <arg>0x7ffe3ff0afff</arg>
  <arg>yes</arg>
  <severity>INFO</severity>
  <timestamp>Sun Jan 16 12:28:47 2022</timestamp>
</msg>
<msg id="19" tool="trc">
  <type>LOAD_MODULE</type>
  <arg>C:\WINDOWS\System32\ADVAPI32.dll</arg>
  <arg>0x7ffe41250000</arg>
  <arg>0x7ffe412fbfff</arg>
  <arg>yes</arg>
  <severity>INFO</severity>
  <timestamp>Sun Jan 16 12:28:47 2022</timestamp>
</msg>
<msg id="20" tool="trc">
  <type>LOAD_MODULE</type>
  <arg>C:\WINDOWS\System32\gdi32full.dll</arg>
  <arg>0x7ffe3f820000</arg>
  <arg>0x7ffe3f92cfff</arg>
  <arg>yes</arg>
  <severity>INFO</severity>
  <timestamp>Sun Jan 16 12:28:47 2022</timestamp>
</msg>
<msg id="21" tool="trc">
  <type>LOAD_MODULE</type>
  <arg>C:\WINDOWS\System32\msvcrt.dll</arg>
  <arg>0x7ffe40900000</arg>
  <arg>0x7ffe4099dfff</arg>
  <arg>yes</arg>
  <severity>INFO</severity>
  <timestamp>Sun Jan 16 12:28:47 2022</timestamp>
</msg>
<msg id="22" tool="trc">
  <type>LOAD_MODULE</type>
  <arg>C:\WINDOWS\SYSTEM32\VCRUNTIME140.dll</arg>
  <arg>0x7ffe27620000</arg>
  <arg>0x7ffe2763afff</arg>
  <arg>yes</arg>
  <severity>INFO</severity>
  <timestamp>Sun Jan 16 12:28:47 2022</timestamp>
</msg>
<msg id="23" tool="trc">
  <type>LOAD_MODULE</type>
  <arg>C:\WINDOWS\System32\sechost.dll</arg>
  <arg>0x7ffe3fe40000</arg>
  <arg>0x7ffe3fedafff</arg>
  <arg>yes</arg>
  <severity>INFO</severity>
  <timestamp>Sun Jan 16 12:28:47 2022</timestamp>
</msg>
<msg id="24" tool="trc">
  <type>LOAD_MODULE</type>
  <arg>C:\WINDOWS\System32\RPCRT4.dll</arg>
  <arg>0x7ffe41300000</arg>
  <arg>0x7ffe41429fff</arg>
  <arg>yes</arg>
  <severity>INFO</severity>
  <timestamp>Sun Jan 16 12:28:47 2022</timestamp>
</msg>
<msg id="25" tool="trc">
  <type>LOAD_MODULE</type>
  <arg>C:\WINDOWS\SYSTEM32\VCRUNTIME140_1.dll</arg>
  <arg>0x7ffe27610000</arg>
  <arg>0x7ffe2761bfff</arg>
  <arg>yes</arg>
  <severity>INFO</severity>
  <timestamp>Sun Jan 16 12:28:47 2022</timestamp>
</msg>
<msg id="26" tool="trc">
  <type>LOAD_MODULE</type>
  <arg>C:\WINDOWS\System32\IMM32.dll</arg>
  <arg>0x7ffe3fc60000</arg>
  <arg>0x7ffe3fc8ffff</arg>
  <arg>yes</arg>
  <severity>INFO</severity>
  <timestamp>Sun Jan 16 12:28:47 2022</timestamp>
</msg>
<msg id="27" tool="trc">
  <type>LOAD_MODULE</type>
  <arg>C:\WINDOWS\System32\ole32.dll</arg>
  <arg>0x7ffe407c0000</arg>
  <arg>0x7ffe408e9fff</arg>
  <arg>yes</arg>
  <severity>INFO</severity>
  <timestamp>Sun Jan 16 12:28:47 2022</timestamp>
</msg>
<msg id="28" tool="trc">
  <type>LOAD_MODULE</type>
  <arg>C:\WINDOWS\System32\combase.dll</arg>
  <arg>0x7ffe41640000</arg>
  <arg>0x7ffe41994fff</arg>
  <arg>yes</arg>
  <severity>INFO</severity>
  <timestamp>Sun Jan 16 12:28:47 2022</timestamp>
</msg>
<msg id="29" tool="trc">
  <type>LOAD_MODULE</type>
  <arg>C:\WINDOWS\System32\OLEAUT32.dll</arg>
  <arg>0x7ffe41570000</arg>
  <arg>0x7ffe4163cfff</arg>
  <arg>yes</arg>
  <severity>INFO</severity>
  <timestamp>Sun Jan 16 12:28:47 2022</timestamp>
</msg>
<msg id="30" tool="trc">
  <type>LOAD_MODULE</type>
  <arg>C:\WINDOWS\System32\SETUPAPI.dll</arg>
  <arg>0x7ffe40010000</arg>
  <arg>0x7ffe40481fff</arg>
  <arg>yes</arg>
  <severity>INFO</severity>
  <timestamp>Sun Jan 16 12:28:47 2022</timestamp>
</msg>
<msg id="31" tool="trc">
  <type>LOAD_MODULE</type>
  <arg>C:\WINDOWS\System32\cfgmgr32.dll</arg>
  <arg>0x7ffe3f270000</arg>
  <arg>0x7ffe3f2bdfff</arg>
  <arg>yes</arg>
  <severity>INFO</severity>
  <timestamp>Sun Jan 16 12:28:47 2022</timestamp>
</msg>
<msg id="32" tool="trc">
  <type>LOAD_MODULE</type>
  <arg>C:\WINDOWS\System32\bcrypt.dll</arg>
  <arg>0x7ffe3f630000</arg>
  <arg>0x7ffe3f656fff</arg>
  <arg>yes</arg>
  <severity>INFO</severity>
  <timestamp>Sun Jan 16 12:28:47 2022</timestamp>
</msg>
<msg id="33" tool="trc">
  <type>LOAD_MODULE</type>
  <arg>C:\WINDOWS\SYSTEM32\VERSION.dll</arg>
  <arg>0x7ffe38d90000</arg>
  <arg>0x7ffe38d99fff</arg>
  <arg>yes</arg>
  <severity>INFO</severity>
  <timestamp>Sun Jan 16 12:28:47 2022</timestamp>
</msg>
<msg id="34" tool="trc">
  <type>LOAD_MODULE</type>
  <arg>C:\WINDOWS\SYSTEM32\WINMM.dll</arg>
  <arg>0x7ffe34430000</arg>
  <arg>0x7ffe34456fff</arg>
  <arg>yes</arg>
  <severity>INFO</severity>
  <timestamp>Sun Jan 16 12:28:47 2022</timestamp>
</msg>
<msg id="35" tool="trc">
  <type>LOAD_MODULE</type>
  <arg>C:\WINDOWS\SYSTEM32\MSVCP140D.dll</arg>
  <arg>0x7ffdb5660000</arg>
  <arg>0x7ffdb5755fff</arg>
  <arg>yes</arg>
  <severity>INFO</severity>
  <timestamp>Sun Jan 16 12:28:47 2022</timestamp>
</msg>
<msg id="36" tool="trc">
  <type>LOAD_MODULE</type>
  <arg>C:\WINDOWS\SYSTEM32\VCRUNTIME140D.dll</arg>
  <arg>0x7ffe2beb0000</arg>
  <arg>0x7ffe2bed3fff</arg>
  <arg>yes</arg>
  <severity>INFO</severity>
  <timestamp>Sun Jan 16 12:28:47 2022</timestamp>
</msg>
<msg id="37" tool="trc">
  <type>LOAD_MODULE</type>
  <arg>C:\WINDOWS\SYSTEM32\ucrtbased.dll</arg>
  <arg>0x7ffdb5490000</arg>
  <arg>0x7ffdb5652fff</arg>
  <arg>yes</arg>
  <severity>INFO</severity>
  <timestamp>Sun Jan 16 12:28:47 2022</timestamp>
</msg>
<msg id="38" tool="trc">
  <type>LOAD_MODULE</type>
  <arg>C:\WINDOWS\System32\shcore.dll</arg>
  <arg>0x7ffe40a50000</arg>
  <arg>0x7ffe40afcfff</arg>
  <arg>yes</arg>
  <severity>INFO</severity>
  <timestamp>Sun Jan 16 12:28:49 2022</timestamp>
</msg>
<msg id="39" tool="trc">
  <type>LOAD_MODULE</type>
  <arg>C:\WINDOWS\system32\uxtheme.dll</arg>
  <arg>0x7ffe3cb30000</arg>
  <arg>0x7ffe3cbcdfff</arg>
  <arg>yes</arg>
  <severity>INFO</severity>
  <timestamp>Sun Jan 16 12:28:49 2022</timestamp>
</msg>
<msg id="40" tool="trc">
  <type>LOAD_MODULE</type>
  <arg>C:\WINDOWS\SYSTEM32\mscms.dll</arg>
  <arg>0x7ffe38e00000</arg>
  <arg>0x7ffe38eadfff</arg>
  <arg>yes</arg>
  <severity>INFO</severity>
  <timestamp>Sun Jan 16 12:28:49 2022</timestamp>
</msg>
<msg id="41" tool="trc">
  <type>LOAD_MODULE</type>
  <arg>C:\WINDOWS\SYSTEM32\USERENV.dll</arg>
  <arg>0x7ffe3f000000</arg>
  <arg>0x7ffe3f02dfff</arg>
  <arg>yes</arg>
  <severity>INFO</severity>
  <timestamp>Sun Jan 16 12:28:49 2022</timestamp>
</msg>
<msg id="42" tool="trc">
  <type>LOAD_MODULE</type>
  <arg>C:\WINDOWS\SYSTEM32\ColorAdapterClient.dll</arg>
  <arg>0x7ffe38de0000</arg>
  <arg>0x7ffe38df0fff</arg>
  <arg>yes</arg>
  <severity>INFO</severity>
  <timestamp>Sun Jan 16 12:28:49 2022</timestamp>
</msg>
<msg id="43" tool="trc">
  <type>LOAD_MODULE</type>
  <arg>C:\WINDOWS\SYSTEM32\icm32.dll</arg>
  <arg>0x7ffe1f9b0000</arg>
  <arg>0x7ffe1f9f2fff</arg>
  <arg>yes</arg>
  <severity>INFO</severity>
  <timestamp>Sun Jan 16 12:28:49 2022</timestamp>
</msg>
<msg id="44" tool="trc">
  <type>LOAD_MODULE</type>
  <arg>C:\WINDOWS\System32\MSCTF.dll</arg>
  <arg>0x7ffe40490000</arg>
  <arg>0x7ffe405a4fff</arg>
  <arg>yes</arg>
  <severity>INFO</severity>
  <timestamp>Sun Jan 16 12:28:50 2022</timestamp>
</msg>
<msg id="45" tool="trc">
  <type>LOAD_MODULE</type>
  <arg>C:\WINDOWS\SYSTEM32\kernel.appcore.dll</arg>
  <arg>0x7ffe3d010000</arg>
  <arg>0x7ffe3d021fff</arg>
  <arg>yes</arg>
  <severity>INFO</severity>
  <timestamp>Sun Jan 16 12:28:50 2022</timestamp>
</msg>
<msg id="46" tool="trc">
  <type>LOAD_MODULE</type>
  <arg>C:\WINDOWS\System32\bcryptPrimitives.dll</arg>
  <arg>0x7ffe3f100000</arg>
  <arg>0x7ffe3f181fff</arg>
  <arg>yes</arg>
  <severity>INFO</severity>
  <timestamp>Sun Jan 16 12:28:50 2022</timestamp>
</msg>
<msg id="47" tool="trc">
  <type>LOAD_MODULE</type>
  <arg>C:\WINDOWS\System32\clbcatq.dll</arg>
  <arg>0x7ffe409a0000</arg>
  <arg>0x7ffe40a48fff</arg>
  <arg>yes</arg>
  <severity>INFO</severity>
  <timestamp>Sun Jan 16 12:28:50 2022</timestamp>
</msg>
<msg id="48" tool="trc">
  <type>LOAD_MODULE</type>
  <arg>C:\WINDOWS\SYSTEM32\textinputframework.dll</arg>
  <arg>0x7ffe2fca0000</arg>
  <arg>0x7ffe2fd98fff</arg>
  <arg>yes</arg>
  <severity>INFO</severity>
  <timestamp>Sun Jan 16 12:28:51 2022</timestamp>
</msg>
<msg id="49" tool="trc">
  <type>LOAD_MODULE</type>
  <arg>C:\WINDOWS\SYSTEM32\CoreUIComponents.dll</arg>
  <arg>0x7ffe3c3b0000</arg>
  <arg>0x7ffe3c70dfff</arg>
  <arg>yes</arg>
  <severity>INFO</severity>
  <timestamp>Sun Jan 16 12:28:51 2022</timestamp>
</msg>
<msg id="50" tool="trc">
  <type>LOAD_MODULE</type>
  <arg>C:\WINDOWS\SYSTEM32\CoreMessaging.dll</arg>
  <arg>0x7ffe3c710000</arg>
  <arg>0x7ffe3c801fff</arg>
  <arg>yes</arg>
  <severity>INFO</severity>
  <timestamp>Sun Jan 16 12:28:51 2022</timestamp>
</msg>
<msg id="51" tool="trc">
  <type>LOAD_MODULE</type>
  <arg>C:\WINDOWS\System32\WS2_32.dll</arg>
  <arg>0x7ffe3ff10000</arg>
  <arg>0x7ffe3ff7afff</arg>
  <arg>yes</arg>
  <severity>INFO</severity>
  <timestamp>Sun Jan 16 12:28:51 2022</timestamp>
</msg>
<msg id="52" tool="trc">
  <type>LOAD_MODULE</type>
  <arg>C:\WINDOWS\SYSTEM32\ntmarta.dll</arg>
  <arg>0x7ffe3ddf0000</arg>
  <arg>0x7ffe3de22fff</arg>
  <arg>yes</arg>
  <severity>INFO</severity>
  <timestamp>Sun Jan 16 12:28:51 2022</timestamp>
</msg>
<msg id="53" tool="trc">
  <type>LOAD_MODULE</type>
  <arg>C:\WINDOWS\SYSTEM32\wintypes.dll</arg>
  <arg>0x7ffe3b050000</arg>
  <arg>0x7ffe3b1a3fff</arg>
  <arg>yes</arg>
  <severity>INFO</severity>
  <timestamp>Sun Jan 16 12:28:51 2022</timestamp>
</msg>
<msg id="54" tool="trc">
  <type>UNLOAD_MODULE</type>
  <arg>D:\UE4SourceCode\SoftRasterizer\x64\Release\SoftRasterizer.exe</arg>
  <severity>INFO</severity>
  <timestamp>Sun Jan 16 12:29:01 2022</timestamp>
</msg>
<msg id="55" tool="trc">
  <type>UNLOAD_MODULE</type>
  <arg>C:\WINDOWS\System32\KERNELBASE.dll</arg>
  <severity>INFO</severity>
  <timestamp>Sun Jan 16 12:29:01 2022</timestamp>
</msg>
<msg id="56" tool="trc">
  <type>UNLOAD_MODULE</type>
  <arg>C:\WINDOWS\System32\KERNEL32.DLL</arg>
  <severity>INFO</severity>
  <timestamp>Sun Jan 16 12:29:01 2022</timestamp>
</msg>
<msg id="57" tool="trc">
  <type>UNLOAD_MODULE</type>
  <arg>C:\WINDOWS\SYSTEM32\ntdll.dll</arg>
  <severity>INFO</severity>
  <timestamp>Sun Jan 16 12:29:01 2022</timestamp>
</msg>
<msg id="58" tool="trc">
  <type>UNLOAD_MODULE</type>
  <arg>C:\WINDOWS\System32\ucrtbase.dll</arg>
  <severity>INFO</severity>
  <timestamp>Sun Jan 16 12:29:01 2022</timestamp>
</msg>
<msg id="59" tool="trc">
  <type>UNLOAD_MODULE</type>
  <arg>C:\WINDOWS\System32\SHELL32.dll</arg>
  <severity>INFO</severity>
  <timestamp>Sun Jan 16 12:29:01 2022</timestamp>
</msg>
<msg id="60" tool="trc">
  <type>UNLOAD_MODULE</type>
  <arg>C:\WINDOWS\System32\msvcp_win.dll</arg>
  <severity>INFO</severity>
  <timestamp>Sun Jan 16 12:29:01 2022</timestamp>
</msg>
<msg id="61" tool="trc">
  <type>UNLOAD_MODULE</type>
  <arg>C:\WINDOWS\System32\USER32.dll</arg>
  <severity>INFO</severity>
  <timestamp>Sun Jan 16 12:29:01 2022</timestamp>
</msg>
<msg id="62" tool="trc">
  <type>UNLOAD_MODULE</type>
  <arg>C:\WINDOWS\System32\win32u.dll</arg>
  <severity>INFO</severity>
  <timestamp>Sun Jan 16 12:29:01 2022</timestamp>
</msg>
<msg id="63" tool="trc">
  <type>UNLOAD_MODULE</type>
  <arg>D:\UE4SourceCode\SoftRasterizer\SDL2.dll</arg>
  <severity>INFO</severity>
  <timestamp>Sun Jan 16 12:29:01 2022</timestamp>
</msg>
<msg id="64" tool="trc">
  <type>UNLOAD_MODULE</type>
  <arg>C:\WINDOWS\SYSTEM32\MSVCP140.dll</arg>
  <severity>INFO</severity>
  <timestamp>Sun Jan 16 12:29:01 2022</timestamp>
</msg>
<msg id="65" tool="trc">
  <type>UNLOAD_MODULE</type>
  <arg>D:\UE4SourceCode\SoftRasterizer\assimp-vc142-mtd.dll</arg>
  <severity>INFO</severity>
  <timestamp>Sun Jan 16 12:29:01 2022</timestamp>
</msg>
<msg id="66" tool="trc">
  <type>UNLOAD_MODULE</type>
  <arg>C:\WINDOWS\System32\GDI32.dll</arg>
  <severity>INFO</severity>
  <timestamp>Sun Jan 16 12:29:01 2022</timestamp>
</msg>
<msg id="67" tool="trc">
  <type>UNLOAD_MODULE</type>
  <arg>C:\WINDOWS\System32\ADVAPI32.dll</arg>
  <severity>INFO</severity>
  <timestamp>Sun Jan 16 12:29:01 2022</timestamp>
</msg>
<msg id="68" tool="trc">
  <type>UNLOAD_MODULE</type>
  <arg>C:\WINDOWS\System32\gdi32full.dll</arg>
  <severity>INFO</severity>
  <timestamp>Sun Jan 16 12:29:01 2022</timestamp>
</msg>
<msg id="69" tool="trc">
  <type>UNLOAD_MODULE</type>
  <arg>C:\WINDOWS\System32\msvcrt.dll</arg>
  <severity>INFO</severity>
  <timestamp>Sun Jan 16 12:29:01 2022</timestamp>
</msg>
<msg id="70" tool="trc">
  <type>UNLOAD_MODULE</type>
  <arg>C:\WINDOWS\SYSTEM32\VCRUNTIME140.dll</arg>
  <severity>INFO</severity>
  <timestamp>Sun Jan 16 12:29:01 2022</timestamp>
</msg>
<msg id="71" tool="trc">
  <type>UNLOAD_MODULE</type>
  <arg>C:\WINDOWS\System32\sechost.dll</arg>
  <severity>INFO</severity>
  <timestamp>Sun Jan 16 12:29:01 2022</timestamp>
</msg>
<msg id="72" tool="trc">
  <type>UNLOAD_MODULE</type>
  <arg>C:\WINDOWS\System32\RPCRT4.dll</arg>
  <severity>INFO</severity>
  <timestamp>Sun Jan 16 12:29:01 2022</timestamp>
</msg>
<msg id="73" tool="trc">
  <type>UNLOAD_MODULE</type>
  <arg>C:\WINDOWS\SYSTEM32\VCRUNTIME140_1.dll</arg>
  <severity>INFO</severity>
  <timestamp>Sun Jan 16 12:29:01 2022</timestamp>
</msg>
<msg id="74" tool="trc">
  <type>UNLOAD_MODULE</type>
  <arg>C:\WINDOWS\System32\IMM32.dll</arg>
  <severity>INFO</severity>
  <timestamp>Sun Jan 16 12:29:01 2022</timestamp>
</msg>
<msg id="75" tool="trc">
  <type>UNLOAD_MODULE</type>
  <arg>C:\WINDOWS\System32\ole32.dll</arg>
  <severity>INFO</severity>
  <timestamp>Sun Jan 16 12:29:01 2022</timestamp>
</msg>
<msg id="76" tool="trc">
  <type>UNLOAD_MODULE</type>
  <arg>C:\WINDOWS\System32\combase.dll</arg>
  <severity>INFO</severity>
  <timestamp>Sun Jan 16 12:29:01 2022</timestamp>
</msg>
<msg id="77" tool="trc">
  <type>UNLOAD_MODULE</type>
  <arg>C:\WINDOWS\System32\OLEAUT32.dll</arg>
  <severity>INFO</severity>
  <timestamp>Sun Jan 16 12:29:01 2022</timestamp>
</msg>
<msg id="78" tool="trc">
  <type>UNLOAD_MODULE</type>
  <arg>C:\WINDOWS\System32\SETUPAPI.dll</arg>
  <severity>INFO</severity>
  <timestamp>Sun Jan 16 12:29:01 2022</timestamp>
</msg>
<msg id="79" tool="trc">
  <type>UNLOAD_MODULE</type>
  <arg>C:\WINDOWS\System32\cfgmgr32.dll</arg>
  <severity>INFO</severity>
  <timestamp>Sun Jan 16 12:29:01 2022</timestamp>
</msg>
<msg id="80" tool="trc">
  <type>UNLOAD_MODULE</type>
  <arg>C:\WINDOWS\System32\bcrypt.dll</arg>
  <severity>INFO</severity>
  <timestamp>Sun Jan 16 12:29:01 2022</timestamp>
</msg>
<msg id="81" tool="trc">
  <type>UNLOAD_MODULE</type>
  <arg>C:\WINDOWS\SYSTEM32\VERSION.dll</arg>
  <severity>INFO</severity>
  <timestamp>Sun Jan 16 12:29:01 2022</timestamp>
</msg>
<msg id="82" tool="trc">
  <type>UNLOAD_MODULE</type>
  <arg>C:\WINDOWS\SYSTEM32\WINMM.dll</arg>
  <severity>INFO</severity>
  <timestamp>Sun Jan 16 12:29:01 2022</timestamp>
</msg>
<msg id="83" tool="trc">
  <type>UNLOAD_MODULE</type>
  <arg>C:\WINDOWS\SYSTEM32\MSVCP140D.dll</arg>
  <severity>INFO</severity>
  <timestamp>Sun Jan 16 12:29:01 2022</timestamp>
</msg>
<msg id="84" tool="trc">
  <type>UNLOAD_MODULE</type>
  <arg>C:\WINDOWS\SYSTEM32\VCRUNTIME140D.dll</arg>
  <severity>INFO</severity>
  <timestamp>Sun Jan 16 12:29:01 2022</timestamp>
</msg>
<msg id="85" tool="trc">
  <type>UNLOAD_MODULE</type>
  <arg>C:\WINDOWS\SYSTEM32\ucrtbased.dll</arg>
  <severity>INFO</severity>
  <timestamp>Sun Jan 16 12:29:01 2022</timestamp>
</msg>
<msg id="86" tool="trc">
  <type>UNLOAD_MODULE</type>
  <arg>C:\WINDOWS\System32\shcore.dll</arg>
  <severity>INFO</severity>
  <timestamp>Sun Jan 16 12:29:01 2022</timestamp>
</msg>
<msg id="87" tool="trc">
  <type>UNLOAD_MODULE</type>
  <arg>C:\WINDOWS\system32\uxtheme.dll</arg>
  <severity>INFO</severity>
  <timestamp>Sun Jan 16 12:29:01 2022</timestamp>
</msg>
<msg id="88" tool="trc">
  <type>UNLOAD_MODULE</type>
  <arg>C:\WINDOWS\SYSTEM32\mscms.dll</arg>
  <severity>INFO</severity>
  <timestamp>Sun Jan 16 12:29:01 2022</timestamp>
</msg>
<msg id="89" tool="trc">
  <type>UNLOAD_MODULE</type>
  <arg>C:\WINDOWS\SYSTEM32\USERENV.dll</arg>
  <severity>INFO</severity>
  <timestamp>Sun Jan 16 12:29:01 2022</timestamp>
</msg>
<msg id="90" tool="trc">
  <type>UNLOAD_MODULE</type>
  <arg>C:\WINDOWS\SYSTEM32\ColorAdapterClient.dll</arg>
  <severity>INFO</severity>
  <timestamp>Sun Jan 16 12:29:01 2022</timestamp>
</msg>
<msg id="91" tool="trc">
  <type>UNLOAD_MODULE</type>
  <arg>C:\WINDOWS\SYSTEM32\icm32.dll</arg>
  <severity>INFO</severity>
  <timestamp>Sun Jan 16 12:29:01 2022</timestamp>
</msg>
<msg id="92" tool="trc">
  <type>UNLOAD_MODULE</type>
  <arg>C:\WINDOWS\System32\MSCTF.dll</arg>
  <severity>INFO</severity>
  <timestamp>Sun Jan 16 12:29:01 2022</timestamp>
</msg>
<msg id="93" tool="trc">
  <type>UNLOAD_MODULE</type>
  <arg>C:\WINDOWS\SYSTEM32\kernel.appcore.dll</arg>
  <severity>INFO</severity>
  <timestamp>Sun Jan 16 12:29:01 2022</timestamp>
</msg>
<msg id="94" tool="trc">
  <type>UNLOAD_MODULE</type>
  <arg>C:\WINDOWS\System32\bcryptPrimitives.dll</arg>
  <severity>INFO</severity>
  <timestamp>Sun Jan 16 12:29:01 2022</timestamp>
</msg>
<msg id="95" tool="trc">
  <type>UNLOAD_MODULE</type>
  <arg>C:\WINDOWS\System32\clbcatq.dll</arg>
  <severity>INFO</severity>
  <timestamp>Sun Jan 16 12:29:01 2022</timestamp>
</msg>
<msg id="96" tool="trc">
  <type>UNLOAD_MODULE</type>
  <arg>C:\WINDOWS\SYSTEM32\textinputframework.dll</arg>
  <severity>INFO</severity>
  <timestamp>Sun Jan 16 12:29:01 2022</timestamp>
</msg>
<msg id="97" tool="trc">
  <type>UNLOAD_MODULE</type>
  <arg>C:\WINDOWS\SYSTEM32\CoreUIComponents.dll</arg>
  <severity>INFO</severity>
  <timestamp>Sun Jan 16 12:29:01 2022</timestamp>
</msg>
<msg id="98" tool="trc">
  <type>UNLOAD_MODULE</type>
  <arg>C:\WINDOWS\SYSTEM32\CoreMessaging.dll</arg>
  <severity>INFO</severity>
  <timestamp>Sun Jan 16 12:29:01 2022</timestamp>
</msg>
<msg id="99" tool="trc">
  <type>UNLOAD_MODULE</type>
  <arg>C:\WINDOWS\System32\WS2_32.dll</arg>
  <severity>INFO</severity>
  <timestamp>Sun Jan 16 12:29:01 2022</timestamp>
</msg>
<msg id="100" tool="trc">
  <type>UNLOAD_MODULE</type>
  <arg>C:\WINDOWS\SYSTEM32\ntmarta.dll</arg>
  <severity>INFO</severity>
  <timestamp>Sun Jan 16 12:29:01 2022</timestamp>
</msg>
<msg id="101" tool="trc">
  <type>UNLOAD_MODULE</type>
  <arg>C:\WINDOWS\SYSTEM32\wintypes.dll</arg>
  <severity>INFO</severity>
  <timestamp>Sun Jan 16 12:29:01 2022</timestamp>
</msg>
<msg id="102" tool="trc">
  <type>PROCESS_FINISH</type>
  <arg>D:\UE4SourceCode\SoftRasterizer\x64\Release\SoftRasterizer.exe</arg>
  <arg>16044</arg>
  <arg>0x0</arg>
  <severity>INFO</severity>
  <timestamp>Sun Jan 16 12:29:01 2022</timestamp>
</msg>
<msg id="103" tool="runtool">
  <type>app-exit-code</type>
  <arg>0</arg>
</msg>
<msg id="104" tool="runtool">
  <type>marker-file</type>
  <arg>D:\UE4SourceCode\SoftRasterizer\My Advisor Results - SoftRasterizer\e000\trc000\trc000.advixe</arg>
</msg>
<msg id="105" tool="runtool">
  <type>collector-done</type>
</msg>
<msg id="106" tool="runtool">
  <type>log-end</type>
  <arg>2022/01/16 12:29:05</arg>
</msg>

</log>

