<?xml version="1.0" encoding="utf-8" ?>
<!-- DO NOT EDIT THIS FILE -->

<log version='2.0' source='trc'>
	<msg id='1' display='false' source='trc'>
		<type>PROCESS_START</type>
		<severity>INFO</severity>
		<timestamp>Sun Jan 16 12:28:46 2022</timestamp>
		<arg name='process'>D:\UE4SourceCode\SoftRasterizer\x64\Release\SoftRasterizer.exe</arg>
		<arg name='pid'>16044</arg>
	</msg>
	<!-- Instrumentation filter's state:
    Patterns applicability:
        Generic loop pattern.....................: enabled
        Generic loop pattern (with dynamic jumps): enabled
        Known trip value loop pattern............: enabled
        Runtime final value loop pattern.........: enabled
        No initial IV loop pattern...............: enabled
        IV step only loop pattern................: enabled
        No entry loop pattern....................: enabled
    Clustered memory model (CMM) applicability:
        Generic loop pattern.....................: enabled
        Generic loop pattern (with dynamic jumps): enabled
        Known trip value loop pattern............: enabled
        Runtime final value loop pattern.........: enabled
        No initial IV loop pattern...............: enabled
        IV step only loop pattern................: enabled
        No entry loop pattern....................: disabled
 -->
	<!-- Callstack mode:
    filter modules.........: true
    filter routines........: true
    count loops............: false
    count flops............: false
    trace..................: false
    extended trace.........: false
    omp trace..............: false
    jit trace..............: false
    failures trace.........: false
    dump raw...............: false
    dump final.............: false
    dump all...............: false
    stack stitching........: true
    stl profiling..........: true
    aggressive frame switch: true
    unwind frame exit......: true
    analyze child loops....: true
 -->
	<!-- Managed application profiling: -->
	<!-- 	State...................: enabled -->
	<!-- Gpu Profiling: -->
	<!-- 	State: disabled -->
	<msg id='2' display='false' source='trc'>
		<type>PROCESS_ANALYSIS_MODE</type>
		<severity>INFO</severity>
		<timestamp>Sun Jan 16 12:28:46 2022</timestamp>
		<arg name='mode'>full</arg>
	</msg>
	<!-- Update image info for [1:0x975A0000:YN] D:\UE4SourceCode\SoftRasterizer\x64\Release\SoftRasterizer.exe -->
	<msg id='3' display='false' source='trc'>
		<type>LOAD_MODULE</type>
		<severity>INFO</severity>
		<timestamp>Sun Jan 16 12:28:46 2022</timestamp>
		<arg name='module'>D:\UE4SourceCode\SoftRasterizer\x64\Release\SoftRasterizer.exe</arg>
		<arg name='basement'>0x7ff7975a0000</arg>
		<arg name='ceiling'>0x7ff7975c7fff</arg>
		<arg name='symtab'>yes</arg>
	</msg>
	<!-- Instrumenting image: id = 1, name = D:\UE4SourceCode\SoftRasterizer\x64\Release\SoftRasterizer.exe -->
	<!-- Instrumenting loops in routine "LightingShaderPipline::VertexShader" -->
	<!-- Instrumenting loops in routine "SDL_main" -->
	<!-- Instrumenting loops in routine "Matrix4::operator*" -->
	<!-- Instrumenting loops in routine "Model::loadModel" -->
	<!-- Instrumenting loops in routine "Model::processNode" -->
	<!-- Instrumenting loops in routine "Model::processMesh" -->
	<!-- Instrumenting loops in routine "Model::loadMaterialTextures" -->
	<!-- Instrumenting loops in routine "Model::TextureFromFile" -->
	<!-- Instrumenting loops in routine "Renderer::Render" -->
	<!-- Instrumenting loops in routine "Renderer::ClippingSutherlandHodgeman" -->
	<!-- Instrumenting loops in routine "ShaderPipeline::RasterizeTriangle" -->
	<!-- Instrumenting loops in routine "stbi__load_main" -->
	<!-- Instrumenting loops in routine "stbi__load_and_postprocess_8bit" -->
	<!-- Instrumenting loops in routine "stbi__parse_huffman_block" -->
	<!-- Instrumenting loops in routine "stbi__parse_zlib" -->
	<!-- skipping routine "stbi__create_png_image_raw", reason cannot build control-flow graph (HasInvalidJumpTarget) -->
	<!-- Instrumenting loops in routine "stbi__create_png_image" -->
	<!-- Instrumenting loops in routine "stbi__parse_png_file" -->
	<!-- Instrumenting loops in routine "RenderWindow::UpdateScreenSurface" -->
	<!-- Instrumenting loops in routine "operator new" -->
	<!-- Instrumenting loops in routine "main_getcmdline" -->
	<!-- Update image info for [2:0x3F2C0000:YN] C:\WINDOWS\System32\KERNELBASE.dll -->
	<msg id='4' display='false' source='trc'>
		<type>LOAD_MODULE</type>
		<severity>INFO</severity>
		<timestamp>Sun Jan 16 12:28:46 2022</timestamp>
		<arg name='module'>C:\WINDOWS\System32\KERNELBASE.dll</arg>
		<arg name='basement'>0x7ffe3f2c0000</arg>
		<arg name='ceiling'>0x7ffe3f587fff</arg>
		<arg name='symtab'>yes</arg>
	</msg>
	<!-- Instrumentation of C:\WINDOWS\System32\KERNELBASE.dll image skipped because of filter conditions [cs-mode]. -->
	<!-- Update image info for [3:0x3FC90000:YN] C:\WINDOWS\System32\KERNEL32.DLL -->
	<msg id='5' display='false' source='trc'>
		<type>LOAD_MODULE</type>
		<severity>INFO</severity>
		<timestamp>Sun Jan 16 12:28:46 2022</timestamp>
		<arg name='module'>C:\WINDOWS\System32\KERNEL32.DLL</arg>
		<arg name='basement'>0x7ffe3fc90000</arg>
		<arg name='ceiling'>0x7ffe3fd4dfff</arg>
		<arg name='symtab'>yes</arg>
	</msg>
	<!-- Instrumentation of C:\WINDOWS\System32\KERNEL32.DLL image skipped because of filter conditions. -->
	<!-- NtDelayExecution was replaced in ntdll.dll -->
	<!-- Update image info for [4:0x419F0000:YN] C:\WINDOWS\SYSTEM32\ntdll.dll -->
	<msg id='6' display='false' source='trc'>
		<type>LOAD_MODULE</type>
		<severity>INFO</severity>
		<timestamp>Sun Jan 16 12:28:46 2022</timestamp>
		<arg name='module'>C:\WINDOWS\SYSTEM32\ntdll.dll</arg>
		<arg name='basement'>0x7ffe419f0000</arg>
		<arg name='ceiling'>0x7ffe41be4fff</arg>
		<arg name='symtab'>yes</arg>
	</msg>
	<!-- Instrumentation of C:\WINDOWS\SYSTEM32\ntdll.dll image skipped because of filter conditions. -->
	<!-- Update image info for [5:0x3F930000:YN] C:\WINDOWS\System32\ucrtbase.dll -->
	<msg id='7' display='false' source='trc'>
		<type>LOAD_MODULE</type>
		<severity>INFO</severity>
		<timestamp>Sun Jan 16 12:28:46 2022</timestamp>
		<arg name='module'>C:\WINDOWS\System32\ucrtbase.dll</arg>
		<arg name='basement'>0x7ffe3f930000</arg>
		<arg name='ceiling'>0x7ffe3fa2ffff</arg>
		<arg name='symtab'>yes</arg>
	</msg>
	<!-- Instrumentation of C:\WINDOWS\System32\ucrtbase.dll image skipped because of filter conditions. -->
	<!-- Update image info for [6:0x40B00000:YN] C:\WINDOWS\System32\SHELL32.dll -->
	<msg id='8' display='false' source='trc'>
		<type>LOAD_MODULE</type>
		<severity>INFO</severity>
		<timestamp>Sun Jan 16 12:28:46 2022</timestamp>
		<arg name='module'>C:\WINDOWS\System32\SHELL32.dll</arg>
		<arg name='basement'>0x7ffe40b00000</arg>
		<arg name='ceiling'>0x7ffe41243fff</arg>
		<arg name='symtab'>yes</arg>
	</msg>
	<!-- Instrumentation of C:\WINDOWS\System32\SHELL32.dll image skipped because of filter conditions [cs-mode]. -->
	<!-- Update image info for [7:0x3F590000:YN] C:\WINDOWS\System32\msvcp_win.dll -->
	<msg id='9' display='false' source='trc'>
		<type>LOAD_MODULE</type>
		<severity>INFO</severity>
		<timestamp>Sun Jan 16 12:28:46 2022</timestamp>
		<arg name='module'>C:\WINDOWS\System32\msvcp_win.dll</arg>
		<arg name='basement'>0x7ffe3f590000</arg>
		<arg name='ceiling'>0x7ffe3f62cfff</arg>
		<arg name='symtab'>yes</arg>
	</msg>
	<!-- Instrumentation of C:\WINDOWS\System32\msvcp_win.dll image skipped because of filter conditions [cs-mode]. -->
	<!-- Update image info for [8:0x405B0000:YN] C:\WINDOWS\System32\USER32.dll -->
	<msg id='10' display='false' source='trc'>
		<type>LOAD_MODULE</type>
		<severity>INFO</severity>
		<timestamp>Sun Jan 16 12:28:46 2022</timestamp>
		<arg name='module'>C:\WINDOWS\System32\USER32.dll</arg>
		<arg name='basement'>0x7ffe405b0000</arg>
		<arg name='ceiling'>0x7ffe40750fff</arg>
		<arg name='symtab'>yes</arg>
	</msg>
	<!-- Instrumentation of C:\WINDOWS\System32\USER32.dll image skipped because of filter conditions. -->
	<!-- Update image info for [9:0x3F190000:YN] C:\WINDOWS\System32\win32u.dll -->
	<msg id='11' display='false' source='trc'>
		<type>LOAD_MODULE</type>
		<severity>INFO</severity>
		<timestamp>Sun Jan 16 12:28:46 2022</timestamp>
		<arg name='module'>C:\WINDOWS\System32\win32u.dll</arg>
		<arg name='basement'>0x7ffe3f190000</arg>
		<arg name='ceiling'>0x7ffe3f1b1fff</arg>
		<arg name='symtab'>yes</arg>
	</msg>
	<!-- Instrumentation of C:\WINDOWS\System32\win32u.dll image skipped because of filter conditions [cs-mode]. -->
	<!-- Update image info for [10:0xB5760000:YN] D:\UE4SourceCode\SoftRasterizer\SDL2.dll -->
	<msg id='12' display='false' source='trc'>
		<type>LOAD_MODULE</type>
		<severity>INFO</severity>
		<timestamp>Sun Jan 16 12:28:46 2022</timestamp>
		<arg name='module'>D:\UE4SourceCode\SoftRasterizer\SDL2.dll</arg>
		<arg name='basement'>0x7ffdb5760000</arg>
		<arg name='ceiling'>0x7ffdb5988fff</arg>
		<arg name='symtab'>yes</arg>
	</msg>
	<!-- Instrumenting image: id = 10, name = D:\UE4SourceCode\SoftRasterizer\SDL2.dll -->
	<!-- Update image info for [11:0x27640000:YN] C:\WINDOWS\SYSTEM32\MSVCP140.dll -->
	<msg id='13' display='false' source='trc'>
		<type>LOAD_MODULE</type>
		<severity>INFO</severity>
		<timestamp>Sun Jan 16 12:28:46 2022</timestamp>
		<arg name='module'>C:\WINDOWS\SYSTEM32\MSVCP140.dll</arg>
		<arg name='basement'>0x7ffe27640000</arg>
		<arg name='ceiling'>0x7ffe276ccfff</arg>
		<arg name='symtab'>yes</arg>
	</msg>
	<!-- Instrumentation of C:\WINDOWS\SYSTEM32\MSVCP140.dll image skipped because of filter conditions [cs-mode]. -->
	<!-- Update image info for [12:0xB5990000:YN] D:\UE4SourceCode\SoftRasterizer\assimp-vc142-mtd.dll -->
	<msg id='14' display='false' source='trc'>
		<type>LOAD_MODULE</type>
		<severity>INFO</severity>
		<timestamp>Sun Jan 16 12:28:47 2022</timestamp>
		<arg name='module'>D:\UE4SourceCode\SoftRasterizer\assimp-vc142-mtd.dll</arg>
		<arg name='basement'>0x7ffdb5990000</arg>
		<arg name='ceiling'>0x7ffdb6756fff</arg>
		<arg name='symtab'>yes</arg>
	</msg>
	<!-- Instrumenting image: id = 12, name = D:\UE4SourceCode\SoftRasterizer\assimp-vc142-mtd.dll -->
	<!-- Instrumenting loops in routine "Assimp::Importer::ApplyPostProcessing" -->
	<!-- Instrumenting loops in routine "Assimp::Importer::ReadFile" -->
	<!-- Instrumenting loops in routine "Assimp::SpatialSort::FindPositions" -->
	<!-- Instrumenting loops in routine "Assimp::CalcTangentsProcess::Execute" -->
	<!-- Instrumenting loops in routine "Assimp::CalcTangentsProcess::ProcessMesh" -->
	<!-- Instrumenting loops in routine "Assimp::ObjFileImporter::InternReadFile" -->
	<!-- Instrumenting loops in routine "Assimp::getNextWord<std::_Vector_iterator<std::_Vector_val<std::_Simple_types<char> > > >" -->
	<!-- Instrumenting loops in routine "Assimp::ObjFile::Mesh::~Mesh" -->
	<!-- Instrumenting loops in routine "Assimp::ObjFile::Model::~Model" -->
	<!-- Instrumenting loops in routine "Assimp::ObjFileParser::copyNextWord" -->
	<!-- Instrumenting loops in routine "Assimp::ObjFileParser::getFace" -->
	<!-- Instrumenting loops in routine "Assimp::ObjFileParser::getTexCoordVector" -->
	<!-- Instrumenting loops in routine "Assimp::ObjFileParser::getVector3" -->
	<!-- Instrumenting loops in routine "Assimp::ObjFileParser::parseFile" with dynamic jumps -->
	<!-- Instrumenting loops in routine "operator new" -->
	<!-- Update image info for [13:0x3FEE0000:YN] C:\WINDOWS\System32\GDI32.dll -->
	<msg id='15' display='false' source='trc'>
		<type>LOAD_MODULE</type>
		<severity>INFO</severity>
		<timestamp>Sun Jan 16 12:28:47 2022</timestamp>
		<arg name='module'>C:\WINDOWS\System32\GDI32.dll</arg>
		<arg name='basement'>0x7ffe3fee0000</arg>
		<arg name='ceiling'>0x7ffe3ff0afff</arg>
		<arg name='symtab'>yes</arg>
	</msg>
	<!-- Instrumentation of C:\WINDOWS\System32\GDI32.dll image skipped because of filter conditions [cs-mode]. -->
	<!-- Update image info for [14:0x41250000:YN] C:\WINDOWS\System32\ADVAPI32.dll -->
	<msg id='16' display='false' source='trc'>
		<type>LOAD_MODULE</type>
		<severity>INFO</severity>
		<timestamp>Sun Jan 16 12:28:47 2022</timestamp>
		<arg name='module'>C:\WINDOWS\System32\ADVAPI32.dll</arg>
		<arg name='basement'>0x7ffe41250000</arg>
		<arg name='ceiling'>0x7ffe412fbfff</arg>
		<arg name='symtab'>yes</arg>
	</msg>
	<!-- Instrumentation of C:\WINDOWS\System32\ADVAPI32.dll image skipped because of filter conditions [cs-mode]. -->
	<!-- Update image info for [15:0x3F820000:YN] C:\WINDOWS\System32\gdi32full.dll -->
	<msg id='17' display='false' source='trc'>
		<type>LOAD_MODULE</type>
		<severity>INFO</severity>
		<timestamp>Sun Jan 16 12:28:47 2022</timestamp>
		<arg name='module'>C:\WINDOWS\System32\gdi32full.dll</arg>
		<arg name='basement'>0x7ffe3f820000</arg>
		<arg name='ceiling'>0x7ffe3f92cfff</arg>
		<arg name='symtab'>yes</arg>
	</msg>
	<!-- Instrumentation of C:\WINDOWS\System32\gdi32full.dll image skipped because of filter conditions [cs-mode]. -->
	<!-- Update image info for [16:0x40900000:YN] C:\WINDOWS\System32\msvcrt.dll -->
	<msg id='18' display='false' source='trc'>
		<type>LOAD_MODULE</type>
		<severity>INFO</severity>
		<timestamp>Sun Jan 16 12:28:47 2022</timestamp>
		<arg name='module'>C:\WINDOWS\System32\msvcrt.dll</arg>
		<arg name='basement'>0x7ffe40900000</arg>
		<arg name='ceiling'>0x7ffe4099dfff</arg>
		<arg name='symtab'>yes</arg>
	</msg>
	<!-- Instrumentation of C:\WINDOWS\System32\msvcrt.dll image skipped because of filter conditions [cs-mode]. -->
	<!-- Update image info for [17:0x27620000:YN] C:\WINDOWS\SYSTEM32\VCRUNTIME140.dll -->
	<msg id='19' display='false' source='trc'>
		<type>LOAD_MODULE</type>
		<severity>INFO</severity>
		<timestamp>Sun Jan 16 12:28:47 2022</timestamp>
		<arg name='module'>C:\WINDOWS\SYSTEM32\VCRUNTIME140.dll</arg>
		<arg name='basement'>0x7ffe27620000</arg>
		<arg name='ceiling'>0x7ffe2763afff</arg>
		<arg name='symtab'>yes</arg>
	</msg>
	<!-- Instrumentation of C:\WINDOWS\SYSTEM32\VCRUNTIME140.dll image skipped because of filter conditions. -->
	<!-- Update image info for [18:0x3FE40000:YN] C:\WINDOWS\System32\sechost.dll -->
	<msg id='20' display='false' source='trc'>
		<type>LOAD_MODULE</type>
		<severity>INFO</severity>
		<timestamp>Sun Jan 16 12:28:47 2022</timestamp>
		<arg name='module'>C:\WINDOWS\System32\sechost.dll</arg>
		<arg name='basement'>0x7ffe3fe40000</arg>
		<arg name='ceiling'>0x7ffe3fedafff</arg>
		<arg name='symtab'>yes</arg>
	</msg>
	<!-- Instrumentation of C:\WINDOWS\System32\sechost.dll image skipped because of filter conditions [cs-mode]. -->
	<!-- Update image info for [19:0x41300000:YN] C:\WINDOWS\System32\RPCRT4.dll -->
	<msg id='21' display='false' source='trc'>
		<type>LOAD_MODULE</type>
		<severity>INFO</severity>
		<timestamp>Sun Jan 16 12:28:47 2022</timestamp>
		<arg name='module'>C:\WINDOWS\System32\RPCRT4.dll</arg>
		<arg name='basement'>0x7ffe41300000</arg>
		<arg name='ceiling'>0x7ffe41429fff</arg>
		<arg name='symtab'>yes</arg>
	</msg>
	<!-- Instrumentation of C:\WINDOWS\System32\RPCRT4.dll image skipped because of filter conditions [cs-mode]. -->
	<!-- Update image info for [20:0x27610000:YN] C:\WINDOWS\SYSTEM32\VCRUNTIME140_1.dll -->
	<msg id='22' display='false' source='trc'>
		<type>LOAD_MODULE</type>
		<severity>INFO</severity>
		<timestamp>Sun Jan 16 12:28:47 2022</timestamp>
		<arg name='module'>C:\WINDOWS\SYSTEM32\VCRUNTIME140_1.dll</arg>
		<arg name='basement'>0x7ffe27610000</arg>
		<arg name='ceiling'>0x7ffe2761bfff</arg>
		<arg name='symtab'>yes</arg>
	</msg>
	<!-- Instrumentation of C:\WINDOWS\SYSTEM32\VCRUNTIME140_1.dll image skipped because of filter conditions [cs-mode]. -->
	<!-- Update image info for [21:0x3FC60000:YN] C:\WINDOWS\System32\IMM32.dll -->
	<msg id='23' display='false' source='trc'>
		<type>LOAD_MODULE</type>
		<severity>INFO</severity>
		<timestamp>Sun Jan 16 12:28:47 2022</timestamp>
		<arg name='module'>C:\WINDOWS\System32\IMM32.dll</arg>
		<arg name='basement'>0x7ffe3fc60000</arg>
		<arg name='ceiling'>0x7ffe3fc8ffff</arg>
		<arg name='symtab'>yes</arg>
	</msg>
	<!-- Instrumentation of C:\WINDOWS\System32\IMM32.dll image skipped because of filter conditions [cs-mode]. -->
	<!-- Update image info for [22:0x407C0000:YN] C:\WINDOWS\System32\ole32.dll -->
	<msg id='24' display='false' source='trc'>
		<type>LOAD_MODULE</type>
		<severity>INFO</severity>
		<timestamp>Sun Jan 16 12:28:47 2022</timestamp>
		<arg name='module'>C:\WINDOWS\System32\ole32.dll</arg>
		<arg name='basement'>0x7ffe407c0000</arg>
		<arg name='ceiling'>0x7ffe408e9fff</arg>
		<arg name='symtab'>yes</arg>
	</msg>
	<!-- Instrumentation of C:\WINDOWS\System32\ole32.dll image skipped because of filter conditions [cs-mode]. -->
	<!-- Update image info for [23:0x41640000:YN] C:\WINDOWS\System32\combase.dll -->
	<msg id='25' display='false' source='trc'>
		<type>LOAD_MODULE</type>
		<severity>INFO</severity>
		<timestamp>Sun Jan 16 12:28:47 2022</timestamp>
		<arg name='module'>C:\WINDOWS\System32\combase.dll</arg>
		<arg name='basement'>0x7ffe41640000</arg>
		<arg name='ceiling'>0x7ffe41994fff</arg>
		<arg name='symtab'>yes</arg>
	</msg>
	<!-- Instrumentation of C:\WINDOWS\System32\combase.dll image skipped because of filter conditions [cs-mode]. -->
	<!-- Update image info for [24:0x41570000:YN] C:\WINDOWS\System32\OLEAUT32.dll -->
	<msg id='26' display='false' source='trc'>
		<type>LOAD_MODULE</type>
		<severity>INFO</severity>
		<timestamp>Sun Jan 16 12:28:47 2022</timestamp>
		<arg name='module'>C:\WINDOWS\System32\OLEAUT32.dll</arg>
		<arg name='basement'>0x7ffe41570000</arg>
		<arg name='ceiling'>0x7ffe4163cfff</arg>
		<arg name='symtab'>yes</arg>
	</msg>
	<!-- Instrumentation of C:\WINDOWS\System32\OLEAUT32.dll image skipped because of filter conditions [cs-mode]. -->
	<!-- Update image info for [25:0x40010000:YN] C:\WINDOWS\System32\SETUPAPI.dll -->
	<msg id='27' display='false' source='trc'>
		<type>LOAD_MODULE</type>
		<severity>INFO</severity>
		<timestamp>Sun Jan 16 12:28:47 2022</timestamp>
		<arg name='module'>C:\WINDOWS\System32\SETUPAPI.dll</arg>
		<arg name='basement'>0x7ffe40010000</arg>
		<arg name='ceiling'>0x7ffe40481fff</arg>
		<arg name='symtab'>yes</arg>
	</msg>
	<!-- Instrumentation of C:\WINDOWS\System32\SETUPAPI.dll image skipped because of filter conditions [cs-mode]. -->
	<!-- Update image info for [26:0x3F270000:YN] C:\WINDOWS\System32\cfgmgr32.dll -->
	<msg id='28' display='false' source='trc'>
		<type>LOAD_MODULE</type>
		<severity>INFO</severity>
		<timestamp>Sun Jan 16 12:28:47 2022</timestamp>
		<arg name='module'>C:\WINDOWS\System32\cfgmgr32.dll</arg>
		<arg name='basement'>0x7ffe3f270000</arg>
		<arg name='ceiling'>0x7ffe3f2bdfff</arg>
		<arg name='symtab'>yes</arg>
	</msg>
	<!-- Instrumentation of C:\WINDOWS\System32\cfgmgr32.dll image skipped because of filter conditions [cs-mode]. -->
	<!-- Update image info for [27:0x3F630000:YN] C:\WINDOWS\System32\bcrypt.dll -->
	<msg id='29' display='false' source='trc'>
		<type>LOAD_MODULE</type>
		<severity>INFO</severity>
		<timestamp>Sun Jan 16 12:28:47 2022</timestamp>
		<arg name='module'>C:\WINDOWS\System32\bcrypt.dll</arg>
		<arg name='basement'>0x7ffe3f630000</arg>
		<arg name='ceiling'>0x7ffe3f656fff</arg>
		<arg name='symtab'>yes</arg>
	</msg>
	<!-- Instrumentation of C:\WINDOWS\System32\bcrypt.dll image skipped because of filter conditions [cs-mode]. -->
	<!-- Update image info for [28:0x38D90000:YN] C:\WINDOWS\SYSTEM32\VERSION.dll -->
	<msg id='30' display='false' source='trc'>
		<type>LOAD_MODULE</type>
		<severity>INFO</severity>
		<timestamp>Sun Jan 16 12:28:47 2022</timestamp>
		<arg name='module'>C:\WINDOWS\SYSTEM32\VERSION.dll</arg>
		<arg name='basement'>0x7ffe38d90000</arg>
		<arg name='ceiling'>0x7ffe38d99fff</arg>
		<arg name='symtab'>yes</arg>
	</msg>
	<!-- Instrumentation of C:\WINDOWS\SYSTEM32\VERSION.dll image skipped because of filter conditions [cs-mode]. -->
	<!-- Update image info for [29:0x34430000:YN] C:\WINDOWS\SYSTEM32\WINMM.dll -->
	<msg id='31' display='false' source='trc'>
		<type>LOAD_MODULE</type>
		<severity>INFO</severity>
		<timestamp>Sun Jan 16 12:28:47 2022</timestamp>
		<arg name='module'>C:\WINDOWS\SYSTEM32\WINMM.dll</arg>
		<arg name='basement'>0x7ffe34430000</arg>
		<arg name='ceiling'>0x7ffe34456fff</arg>
		<arg name='symtab'>yes</arg>
	</msg>
	<!-- Instrumentation of C:\WINDOWS\SYSTEM32\WINMM.dll image skipped because of filter conditions [cs-mode]. -->
	<!-- Update image info for [30:0xB5660000:YN] C:\WINDOWS\SYSTEM32\MSVCP140D.dll -->
	<msg id='32' display='false' source='trc'>
		<type>LOAD_MODULE</type>
		<severity>INFO</severity>
		<timestamp>Sun Jan 16 12:28:47 2022</timestamp>
		<arg name='module'>C:\WINDOWS\SYSTEM32\MSVCP140D.dll</arg>
		<arg name='basement'>0x7ffdb5660000</arg>
		<arg name='ceiling'>0x7ffdb5755fff</arg>
		<arg name='symtab'>yes</arg>
	</msg>
	<!-- Instrumentation of C:\WINDOWS\SYSTEM32\MSVCP140D.dll image skipped because of filter conditions [cs-mode]. -->
	<!-- Update image info for [31:0x2BEB0000:YN] C:\WINDOWS\SYSTEM32\VCRUNTIME140D.dll -->
	<msg id='33' display='false' source='trc'>
		<type>LOAD_MODULE</type>
		<severity>INFO</severity>
		<timestamp>Sun Jan 16 12:28:47 2022</timestamp>
		<arg name='module'>C:\WINDOWS\SYSTEM32\VCRUNTIME140D.dll</arg>
		<arg name='basement'>0x7ffe2beb0000</arg>
		<arg name='ceiling'>0x7ffe2bed3fff</arg>
		<arg name='symtab'>yes</arg>
	</msg>
	<!-- Instrumentation of C:\WINDOWS\SYSTEM32\VCRUNTIME140D.dll image skipped because of filter conditions [cs-mode]. -->
	<!-- Update image info for [32:0xB5490000:YN] C:\WINDOWS\SYSTEM32\ucrtbased.dll -->
	<msg id='34' display='false' source='trc'>
		<type>LOAD_MODULE</type>
		<severity>INFO</severity>
		<timestamp>Sun Jan 16 12:28:47 2022</timestamp>
		<arg name='module'>C:\WINDOWS\SYSTEM32\ucrtbased.dll</arg>
		<arg name='basement'>0x7ffdb5490000</arg>
		<arg name='ceiling'>0x7ffdb5652fff</arg>
		<arg name='symtab'>yes</arg>
	</msg>
	<!-- Instrumentation of C:\WINDOWS\SYSTEM32\ucrtbased.dll image skipped because of filter conditions [cs-mode]. -->
	<!-- Update image info for [33:0x40A50000:YN] C:\WINDOWS\System32\shcore.dll -->
	<msg id='35' display='false' source='trc'>
		<type>LOAD_MODULE</type>
		<severity>INFO</severity>
		<timestamp>Sun Jan 16 12:28:49 2022</timestamp>
		<arg name='module'>C:\WINDOWS\System32\shcore.dll</arg>
		<arg name='basement'>0x7ffe40a50000</arg>
		<arg name='ceiling'>0x7ffe40afcfff</arg>
		<arg name='symtab'>yes</arg>
	</msg>
	<!-- Instrumentation of C:\WINDOWS\System32\shcore.dll image skipped because of filter conditions [cs-mode]. -->
	<!-- Update image info for [34:0x3CB30000:YN] C:\WINDOWS\system32\uxtheme.dll -->
	<msg id='36' display='false' source='trc'>
		<type>LOAD_MODULE</type>
		<severity>INFO</severity>
		<timestamp>Sun Jan 16 12:28:49 2022</timestamp>
		<arg name='module'>C:\WINDOWS\system32\uxtheme.dll</arg>
		<arg name='basement'>0x7ffe3cb30000</arg>
		<arg name='ceiling'>0x7ffe3cbcdfff</arg>
		<arg name='symtab'>yes</arg>
	</msg>
	<!-- Instrumentation of C:\WINDOWS\system32\uxtheme.dll image skipped because of filter conditions [cs-mode]. -->
	<!-- Update image info for [35:0x38E00000:YN] C:\WINDOWS\SYSTEM32\mscms.dll -->
	<msg id='37' display='false' source='trc'>
		<type>LOAD_MODULE</type>
		<severity>INFO</severity>
		<timestamp>Sun Jan 16 12:28:49 2022</timestamp>
		<arg name='module'>C:\WINDOWS\SYSTEM32\mscms.dll</arg>
		<arg name='basement'>0x7ffe38e00000</arg>
		<arg name='ceiling'>0x7ffe38eadfff</arg>
		<arg name='symtab'>yes</arg>
	</msg>
	<!-- Instrumentation of C:\WINDOWS\SYSTEM32\mscms.dll image skipped because of filter conditions [cs-mode]. -->
	<!-- Update image info for [36:0x3F000000:YN] C:\WINDOWS\SYSTEM32\USERENV.dll -->
	<msg id='38' display='false' source='trc'>
		<type>LOAD_MODULE</type>
		<severity>INFO</severity>
		<timestamp>Sun Jan 16 12:28:49 2022</timestamp>
		<arg name='module'>C:\WINDOWS\SYSTEM32\USERENV.dll</arg>
		<arg name='basement'>0x7ffe3f000000</arg>
		<arg name='ceiling'>0x7ffe3f02dfff</arg>
		<arg name='symtab'>yes</arg>
	</msg>
	<!-- Instrumentation of C:\WINDOWS\SYSTEM32\USERENV.dll image skipped because of filter conditions [cs-mode]. -->
	<!-- Update image info for [37:0x38DE0000:YN] C:\WINDOWS\SYSTEM32\ColorAdapterClient.dll -->
	<msg id='39' display='false' source='trc'>
		<type>LOAD_MODULE</type>
		<severity>INFO</severity>
		<timestamp>Sun Jan 16 12:28:49 2022</timestamp>
		<arg name='module'>C:\WINDOWS\SYSTEM32\ColorAdapterClient.dll</arg>
		<arg name='basement'>0x7ffe38de0000</arg>
		<arg name='ceiling'>0x7ffe38df0fff</arg>
		<arg name='symtab'>yes</arg>
	</msg>
	<!-- Instrumentation of C:\WINDOWS\SYSTEM32\ColorAdapterClient.dll image skipped because of filter conditions [cs-mode]. -->
	<!-- Update image info for [38:0x1F9B0000:YN] C:\WINDOWS\SYSTEM32\icm32.dll -->
	<msg id='40' display='false' source='trc'>
		<type>LOAD_MODULE</type>
		<severity>INFO</severity>
		<timestamp>Sun Jan 16 12:28:49 2022</timestamp>
		<arg name='module'>C:\WINDOWS\SYSTEM32\icm32.dll</arg>
		<arg name='basement'>0x7ffe1f9b0000</arg>
		<arg name='ceiling'>0x7ffe1f9f2fff</arg>
		<arg name='symtab'>yes</arg>
	</msg>
	<!-- Instrumentation of C:\WINDOWS\SYSTEM32\icm32.dll image skipped because of filter conditions [cs-mode]. -->
	<!-- Update image info for [39:0x40490000:YN] C:\WINDOWS\System32\MSCTF.dll -->
	<msg id='41' display='false' source='trc'>
		<type>LOAD_MODULE</type>
		<severity>INFO</severity>
		<timestamp>Sun Jan 16 12:28:50 2022</timestamp>
		<arg name='module'>C:\WINDOWS\System32\MSCTF.dll</arg>
		<arg name='basement'>0x7ffe40490000</arg>
		<arg name='ceiling'>0x7ffe405a4fff</arg>
		<arg name='symtab'>yes</arg>
	</msg>
	<!-- Instrumentation of C:\WINDOWS\System32\MSCTF.dll image skipped because of filter conditions [cs-mode]. -->
	<!-- Update image info for [40:0x3D010000:YN] C:\WINDOWS\SYSTEM32\kernel.appcore.dll -->
	<msg id='42' display='false' source='trc'>
		<type>LOAD_MODULE</type>
		<severity>INFO</severity>
		<timestamp>Sun Jan 16 12:28:50 2022</timestamp>
		<arg name='module'>C:\WINDOWS\SYSTEM32\kernel.appcore.dll</arg>
		<arg name='basement'>0x7ffe3d010000</arg>
		<arg name='ceiling'>0x7ffe3d021fff</arg>
		<arg name='symtab'>yes</arg>
	</msg>
	<!-- Instrumentation of C:\WINDOWS\SYSTEM32\kernel.appcore.dll image skipped because of filter conditions [cs-mode]. -->
	<!-- Update image info for [41:0x3F100000:YN] C:\WINDOWS\System32\bcryptPrimitives.dll -->
	<msg id='43' display='false' source='trc'>
		<type>LOAD_MODULE</type>
		<severity>INFO</severity>
		<timestamp>Sun Jan 16 12:28:50 2022</timestamp>
		<arg name='module'>C:\WINDOWS\System32\bcryptPrimitives.dll</arg>
		<arg name='basement'>0x7ffe3f100000</arg>
		<arg name='ceiling'>0x7ffe3f181fff</arg>
		<arg name='symtab'>yes</arg>
	</msg>
	<!-- Instrumentation of C:\WINDOWS\System32\bcryptPrimitives.dll image skipped because of filter conditions [cs-mode]. -->
	<!-- Update image info for [42:0x409A0000:YN] C:\WINDOWS\System32\clbcatq.dll -->
	<msg id='44' display='false' source='trc'>
		<type>LOAD_MODULE</type>
		<severity>INFO</severity>
		<timestamp>Sun Jan 16 12:28:50 2022</timestamp>
		<arg name='module'>C:\WINDOWS\System32\clbcatq.dll</arg>
		<arg name='basement'>0x7ffe409a0000</arg>
		<arg name='ceiling'>0x7ffe40a48fff</arg>
		<arg name='symtab'>yes</arg>
	</msg>
	<!-- Instrumentation of C:\WINDOWS\System32\clbcatq.dll image skipped because of filter conditions [cs-mode]. -->
	<!-- Update image info for [43:0x2FCA0000:YN] C:\WINDOWS\SYSTEM32\textinputframework.dll -->
	<msg id='45' display='false' source='trc'>
		<type>LOAD_MODULE</type>
		<severity>INFO</severity>
		<timestamp>Sun Jan 16 12:28:51 2022</timestamp>
		<arg name='module'>C:\WINDOWS\SYSTEM32\textinputframework.dll</arg>
		<arg name='basement'>0x7ffe2fca0000</arg>
		<arg name='ceiling'>0x7ffe2fd98fff</arg>
		<arg name='symtab'>yes</arg>
	</msg>
	<!-- Instrumentation of C:\WINDOWS\SYSTEM32\textinputframework.dll image skipped because of filter conditions [cs-mode]. -->
	<!-- Update image info for [44:0x3C3B0000:YN] C:\WINDOWS\SYSTEM32\CoreUIComponents.dll -->
	<msg id='46' display='false' source='trc'>
		<type>LOAD_MODULE</type>
		<severity>INFO</severity>
		<timestamp>Sun Jan 16 12:28:51 2022</timestamp>
		<arg name='module'>C:\WINDOWS\SYSTEM32\CoreUIComponents.dll</arg>
		<arg name='basement'>0x7ffe3c3b0000</arg>
		<arg name='ceiling'>0x7ffe3c70dfff</arg>
		<arg name='symtab'>yes</arg>
	</msg>
	<!-- Instrumentation of C:\WINDOWS\SYSTEM32\CoreUIComponents.dll image skipped because of filter conditions [cs-mode]. -->
	<!-- Update image info for [45:0x3C710000:YN] C:\WINDOWS\SYSTEM32\CoreMessaging.dll -->
	<msg id='47' display='false' source='trc'>
		<type>LOAD_MODULE</type>
		<severity>INFO</severity>
		<timestamp>Sun Jan 16 12:28:51 2022</timestamp>
		<arg name='module'>C:\WINDOWS\SYSTEM32\CoreMessaging.dll</arg>
		<arg name='basement'>0x7ffe3c710000</arg>
		<arg name='ceiling'>0x7ffe3c801fff</arg>
		<arg name='symtab'>yes</arg>
	</msg>
	<!-- Instrumentation of C:\WINDOWS\SYSTEM32\CoreMessaging.dll image skipped because of filter conditions. -->
	<!-- Update image info for [46:0x3FF10000:YN] C:\WINDOWS\System32\WS2_32.dll -->
	<msg id='48' display='false' source='trc'>
		<type>LOAD_MODULE</type>
		<severity>INFO</severity>
		<timestamp>Sun Jan 16 12:28:51 2022</timestamp>
		<arg name='module'>C:\WINDOWS\System32\WS2_32.dll</arg>
		<arg name='basement'>0x7ffe3ff10000</arg>
		<arg name='ceiling'>0x7ffe3ff7afff</arg>
		<arg name='symtab'>yes</arg>
	</msg>
	<!-- Instrumentation of C:\WINDOWS\System32\WS2_32.dll image skipped because of filter conditions [cs-mode]. -->
	<!-- Update image info for [47:0x3DDF0000:YN] C:\WINDOWS\SYSTEM32\ntmarta.dll -->
	<msg id='49' display='false' source='trc'>
		<type>LOAD_MODULE</type>
		<severity>INFO</severity>
		<timestamp>Sun Jan 16 12:28:51 2022</timestamp>
		<arg name='module'>C:\WINDOWS\SYSTEM32\ntmarta.dll</arg>
		<arg name='basement'>0x7ffe3ddf0000</arg>
		<arg name='ceiling'>0x7ffe3de22fff</arg>
		<arg name='symtab'>yes</arg>
	</msg>
	<!-- Instrumentation of C:\WINDOWS\SYSTEM32\ntmarta.dll image skipped because of filter conditions [cs-mode]. -->
	<!-- Update image info for [48:0x3B050000:YN] C:\WINDOWS\SYSTEM32\wintypes.dll -->
	<msg id='50' display='false' source='trc'>
		<type>LOAD_MODULE</type>
		<severity>INFO</severity>
		<timestamp>Sun Jan 16 12:28:51 2022</timestamp>
		<arg name='module'>C:\WINDOWS\SYSTEM32\wintypes.dll</arg>
		<arg name='basement'>0x7ffe3b050000</arg>
		<arg name='ceiling'>0x7ffe3b1a3fff</arg>
		<arg name='symtab'>yes</arg>
	</msg>
	<!-- Instrumentation of C:\WINDOWS\SYSTEM32\wintypes.dll image skipped because of filter conditions [cs-mode]. -->
	<msg id='51' display='false' source='trc'>
		<type>UNLOAD_MODULE</type>
		<severity>INFO</severity>
		<timestamp>Sun Jan 16 12:29:01 2022</timestamp>
		<arg name='module'>D:\UE4SourceCode\SoftRasterizer\x64\Release\SoftRasterizer.exe</arg>
	</msg>
	<msg id='52' display='false' source='trc'>
		<type>UNLOAD_MODULE</type>
		<severity>INFO</severity>
		<timestamp>Sun Jan 16 12:29:01 2022</timestamp>
		<arg name='module'>C:\WINDOWS\System32\KERNELBASE.dll</arg>
	</msg>
	<msg id='53' display='false' source='trc'>
		<type>UNLOAD_MODULE</type>
		<severity>INFO</severity>
		<timestamp>Sun Jan 16 12:29:01 2022</timestamp>
		<arg name='module'>C:\WINDOWS\System32\KERNEL32.DLL</arg>
	</msg>
	<msg id='54' display='false' source='trc'>
		<type>UNLOAD_MODULE</type>
		<severity>INFO</severity>
		<timestamp>Sun Jan 16 12:29:01 2022</timestamp>
		<arg name='module'>C:\WINDOWS\SYSTEM32\ntdll.dll</arg>
	</msg>
	<msg id='55' display='false' source='trc'>
		<type>UNLOAD_MODULE</type>
		<severity>INFO</severity>
		<timestamp>Sun Jan 16 12:29:01 2022</timestamp>
		<arg name='module'>C:\WINDOWS\System32\ucrtbase.dll</arg>
	</msg>
	<msg id='56' display='false' source='trc'>
		<type>UNLOAD_MODULE</type>
		<severity>INFO</severity>
		<timestamp>Sun Jan 16 12:29:01 2022</timestamp>
		<arg name='module'>C:\WINDOWS\System32\SHELL32.dll</arg>
	</msg>
	<msg id='57' display='false' source='trc'>
		<type>UNLOAD_MODULE</type>
		<severity>INFO</severity>
		<timestamp>Sun Jan 16 12:29:01 2022</timestamp>
		<arg name='module'>C:\WINDOWS\System32\msvcp_win.dll</arg>
	</msg>
	<msg id='58' display='false' source='trc'>
		<type>UNLOAD_MODULE</type>
		<severity>INFO</severity>
		<timestamp>Sun Jan 16 12:29:01 2022</timestamp>
		<arg name='module'>C:\WINDOWS\System32\USER32.dll</arg>
	</msg>
	<msg id='59' display='false' source='trc'>
		<type>UNLOAD_MODULE</type>
		<severity>INFO</severity>
		<timestamp>Sun Jan 16 12:29:01 2022</timestamp>
		<arg name='module'>C:\WINDOWS\System32\win32u.dll</arg>
	</msg>
	<msg id='60' display='false' source='trc'>
		<type>UNLOAD_MODULE</type>
		<severity>INFO</severity>
		<timestamp>Sun Jan 16 12:29:01 2022</timestamp>
		<arg name='module'>D:\UE4SourceCode\SoftRasterizer\SDL2.dll</arg>
	</msg>
	<msg id='61' display='false' source='trc'>
		<type>UNLOAD_MODULE</type>
		<severity>INFO</severity>
		<timestamp>Sun Jan 16 12:29:01 2022</timestamp>
		<arg name='module'>C:\WINDOWS\SYSTEM32\MSVCP140.dll</arg>
	</msg>
	<msg id='62' display='false' source='trc'>
		<type>UNLOAD_MODULE</type>
		<severity>INFO</severity>
		<timestamp>Sun Jan 16 12:29:01 2022</timestamp>
		<arg name='module'>D:\UE4SourceCode\SoftRasterizer\assimp-vc142-mtd.dll</arg>
	</msg>
	<msg id='63' display='false' source='trc'>
		<type>UNLOAD_MODULE</type>
		<severity>INFO</severity>
		<timestamp>Sun Jan 16 12:29:01 2022</timestamp>
		<arg name='module'>C:\WINDOWS\System32\GDI32.dll</arg>
	</msg>
	<msg id='64' display='false' source='trc'>
		<type>UNLOAD_MODULE</type>
		<severity>INFO</severity>
		<timestamp>Sun Jan 16 12:29:01 2022</timestamp>
		<arg name='module'>C:\WINDOWS\System32\ADVAPI32.dll</arg>
	</msg>
	<msg id='65' display='false' source='trc'>
		<type>UNLOAD_MODULE</type>
		<severity>INFO</severity>
		<timestamp>Sun Jan 16 12:29:01 2022</timestamp>
		<arg name='module'>C:\WINDOWS\System32\gdi32full.dll</arg>
	</msg>
	<msg id='66' display='false' source='trc'>
		<type>UNLOAD_MODULE</type>
		<severity>INFO</severity>
		<timestamp>Sun Jan 16 12:29:01 2022</timestamp>
		<arg name='module'>C:\WINDOWS\System32\msvcrt.dll</arg>
	</msg>
	<msg id='67' display='false' source='trc'>
		<type>UNLOAD_MODULE</type>
		<severity>INFO</severity>
		<timestamp>Sun Jan 16 12:29:01 2022</timestamp>
		<arg name='module'>C:\WINDOWS\SYSTEM32\VCRUNTIME140.dll</arg>
	</msg>
	<msg id='68' display='false' source='trc'>
		<type>UNLOAD_MODULE</type>
		<severity>INFO</severity>
		<timestamp>Sun Jan 16 12:29:01 2022</timestamp>
		<arg name='module'>C:\WINDOWS\System32\sechost.dll</arg>
	</msg>
	<msg id='69' display='false' source='trc'>
		<type>UNLOAD_MODULE</type>
		<severity>INFO</severity>
		<timestamp>Sun Jan 16 12:29:01 2022</timestamp>
		<arg name='module'>C:\WINDOWS\System32\RPCRT4.dll</arg>
	</msg>
	<msg id='70' display='false' source='trc'>
		<type>UNLOAD_MODULE</type>
		<severity>INFO</severity>
		<timestamp>Sun Jan 16 12:29:01 2022</timestamp>
		<arg name='module'>C:\WINDOWS\SYSTEM32\VCRUNTIME140_1.dll</arg>
	</msg>
	<msg id='71' display='false' source='trc'>
		<type>UNLOAD_MODULE</type>
		<severity>INFO</severity>
		<timestamp>Sun Jan 16 12:29:01 2022</timestamp>
		<arg name='module'>C:\WINDOWS\System32\IMM32.dll</arg>
	</msg>
	<msg id='72' display='false' source='trc'>
		<type>UNLOAD_MODULE</type>
		<severity>INFO</severity>
		<timestamp>Sun Jan 16 12:29:01 2022</timestamp>
		<arg name='module'>C:\WINDOWS\System32\ole32.dll</arg>
	</msg>
	<msg id='73' display='false' source='trc'>
		<type>UNLOAD_MODULE</type>
		<severity>INFO</severity>
		<timestamp>Sun Jan 16 12:29:01 2022</timestamp>
		<arg name='module'>C:\WINDOWS\System32\combase.dll</arg>
	</msg>
	<msg id='74' display='false' source='trc'>
		<type>UNLOAD_MODULE</type>
		<severity>INFO</severity>
		<timestamp>Sun Jan 16 12:29:01 2022</timestamp>
		<arg name='module'>C:\WINDOWS\System32\OLEAUT32.dll</arg>
	</msg>
	<msg id='75' display='false' source='trc'>
		<type>UNLOAD_MODULE</type>
		<severity>INFO</severity>
		<timestamp>Sun Jan 16 12:29:01 2022</timestamp>
		<arg name='module'>C:\WINDOWS\System32\SETUPAPI.dll</arg>
	</msg>
	<msg id='76' display='false' source='trc'>
		<type>UNLOAD_MODULE</type>
		<severity>INFO</severity>
		<timestamp>Sun Jan 16 12:29:01 2022</timestamp>
		<arg name='module'>C:\WINDOWS\System32\cfgmgr32.dll</arg>
	</msg>
	<msg id='77' display='false' source='trc'>
		<type>UNLOAD_MODULE</type>
		<severity>INFO</severity>
		<timestamp>Sun Jan 16 12:29:01 2022</timestamp>
		<arg name='module'>C:\WINDOWS\System32\bcrypt.dll</arg>
	</msg>
	<msg id='78' display='false' source='trc'>
		<type>UNLOAD_MODULE</type>
		<severity>INFO</severity>
		<timestamp>Sun Jan 16 12:29:01 2022</timestamp>
		<arg name='module'>C:\WINDOWS\SYSTEM32\VERSION.dll</arg>
	</msg>
	<msg id='79' display='false' source='trc'>
		<type>UNLOAD_MODULE</type>
		<severity>INFO</severity>
		<timestamp>Sun Jan 16 12:29:01 2022</timestamp>
		<arg name='module'>C:\WINDOWS\SYSTEM32\WINMM.dll</arg>
	</msg>
	<msg id='80' display='false' source='trc'>
		<type>UNLOAD_MODULE</type>
		<severity>INFO</severity>
		<timestamp>Sun Jan 16 12:29:01 2022</timestamp>
		<arg name='module'>C:\WINDOWS\SYSTEM32\MSVCP140D.dll</arg>
	</msg>
	<msg id='81' display='false' source='trc'>
		<type>UNLOAD_MODULE</type>
		<severity>INFO</severity>
		<timestamp>Sun Jan 16 12:29:01 2022</timestamp>
		<arg name='module'>C:\WINDOWS\SYSTEM32\VCRUNTIME140D.dll</arg>
	</msg>
	<msg id='82' display='false' source='trc'>
		<type>UNLOAD_MODULE</type>
		<severity>INFO</severity>
		<timestamp>Sun Jan 16 12:29:01 2022</timestamp>
		<arg name='module'>C:\WINDOWS\SYSTEM32\ucrtbased.dll</arg>
	</msg>
	<msg id='83' display='false' source='trc'>
		<type>UNLOAD_MODULE</type>
		<severity>INFO</severity>
		<timestamp>Sun Jan 16 12:29:01 2022</timestamp>
		<arg name='module'>C:\WINDOWS\System32\shcore.dll</arg>
	</msg>
	<msg id='84' display='false' source='trc'>
		<type>UNLOAD_MODULE</type>
		<severity>INFO</severity>
		<timestamp>Sun Jan 16 12:29:01 2022</timestamp>
		<arg name='module'>C:\WINDOWS\system32\uxtheme.dll</arg>
	</msg>
	<msg id='85' display='false' source='trc'>
		<type>UNLOAD_MODULE</type>
		<severity>INFO</severity>
		<timestamp>Sun Jan 16 12:29:01 2022</timestamp>
		<arg name='module'>C:\WINDOWS\SYSTEM32\mscms.dll</arg>
	</msg>
	<msg id='86' display='false' source='trc'>
		<type>UNLOAD_MODULE</type>
		<severity>INFO</severity>
		<timestamp>Sun Jan 16 12:29:01 2022</timestamp>
		<arg name='module'>C:\WINDOWS\SYSTEM32\USERENV.dll</arg>
	</msg>
	<msg id='87' display='false' source='trc'>
		<type>UNLOAD_MODULE</type>
		<severity>INFO</severity>
		<timestamp>Sun Jan 16 12:29:01 2022</timestamp>
		<arg name='module'>C:\WINDOWS\SYSTEM32\ColorAdapterClient.dll</arg>
	</msg>
	<msg id='88' display='false' source='trc'>
		<type>UNLOAD_MODULE</type>
		<severity>INFO</severity>
		<timestamp>Sun Jan 16 12:29:01 2022</timestamp>
		<arg name='module'>C:\WINDOWS\SYSTEM32\icm32.dll</arg>
	</msg>
	<msg id='89' display='false' source='trc'>
		<type>UNLOAD_MODULE</type>
		<severity>INFO</severity>
		<timestamp>Sun Jan 16 12:29:01 2022</timestamp>
		<arg name='module'>C:\WINDOWS\System32\MSCTF.dll</arg>
	</msg>
	<msg id='90' display='false' source='trc'>
		<type>UNLOAD_MODULE</type>
		<severity>INFO</severity>
		<timestamp>Sun Jan 16 12:29:01 2022</timestamp>
		<arg name='module'>C:\WINDOWS\SYSTEM32\kernel.appcore.dll</arg>
	</msg>
	<msg id='91' display='false' source='trc'>
		<type>UNLOAD_MODULE</type>
		<severity>INFO</severity>
		<timestamp>Sun Jan 16 12:29:01 2022</timestamp>
		<arg name='module'>C:\WINDOWS\System32\bcryptPrimitives.dll</arg>
	</msg>
	<msg id='92' display='false' source='trc'>
		<type>UNLOAD_MODULE</type>
		<severity>INFO</severity>
		<timestamp>Sun Jan 16 12:29:01 2022</timestamp>
		<arg name='module'>C:\WINDOWS\System32\clbcatq.dll</arg>
	</msg>
	<msg id='93' display='false' source='trc'>
		<type>UNLOAD_MODULE</type>
		<severity>INFO</severity>
		<timestamp>Sun Jan 16 12:29:01 2022</timestamp>
		<arg name='module'>C:\WINDOWS\SYSTEM32\textinputframework.dll</arg>
	</msg>
	<msg id='94' display='false' source='trc'>
		<type>UNLOAD_MODULE</type>
		<severity>INFO</severity>
		<timestamp>Sun Jan 16 12:29:01 2022</timestamp>
		<arg name='module'>C:\WINDOWS\SYSTEM32\CoreUIComponents.dll</arg>
	</msg>
	<msg id='95' display='false' source='trc'>
		<type>UNLOAD_MODULE</type>
		<severity>INFO</severity>
		<timestamp>Sun Jan 16 12:29:01 2022</timestamp>
		<arg name='module'>C:\WINDOWS\SYSTEM32\CoreMessaging.dll</arg>
	</msg>
	<msg id='96' display='false' source='trc'>
		<type>UNLOAD_MODULE</type>
		<severity>INFO</severity>
		<timestamp>Sun Jan 16 12:29:01 2022</timestamp>
		<arg name='module'>C:\WINDOWS\System32\WS2_32.dll</arg>
	</msg>
	<msg id='97' display='false' source='trc'>
		<type>UNLOAD_MODULE</type>
		<severity>INFO</severity>
		<timestamp>Sun Jan 16 12:29:01 2022</timestamp>
		<arg name='module'>C:\WINDOWS\SYSTEM32\ntmarta.dll</arg>
	</msg>
	<msg id='98' display='false' source='trc'>
		<type>UNLOAD_MODULE</type>
		<severity>INFO</severity>
		<timestamp>Sun Jan 16 12:29:01 2022</timestamp>
		<arg name='module'>C:\WINDOWS\SYSTEM32\wintypes.dll</arg>
	</msg>
	<msg id='99' display='false' source='trc'>
		<type>PROCESS_FINISH</type>
		<severity>INFO</severity>
		<timestamp>Sun Jan 16 12:29:01 2022</timestamp>
		<arg name='process'>D:\UE4SourceCode\SoftRasterizer\x64\Release\SoftRasterizer.exe</arg>
		<arg name='pid'>16044</arg>
		<arg name='exitcode'>0x0</arg>
	</msg>
	<!-- Application exited with code 0 -->
</log>